#
# There is insufficient memory for the Java Runtime Environment to continue.
# Native memory allocation (malloc) failed to allocate 1077136 bytes for Chunk::new
# Possible reasons:
#   The system is out of physical RAM or swap space
#   The process is running with CompressedOops enabled, and the Java Heap may be blocking the growth of the native heap
# Possible solutions:
#   Reduce memory load on the system
#   Increase physical memory or swap space
#   Check if swap backing store is full
#   Decrease Java heap size (-Xmx/-Xms)
#   Decrease number of Java threads
#   Decrease Java thread stack sizes (-Xss)
#   Set larger code cache with -XX:ReservedCodeCacheSize=
#   JVM is running with Unscaled Compressed Oops mode in which the Java heap is
#     placed in the first 4GB address space. The Java Heap base address is the
#     maximum limit for the native heap growth. Please use -XX:HeapBaseMinAddress
#     to set the Java Heap base and to place the Java Heap above 4GB virtual address.
# This output file may be truncated or incomplete.
#
#  Out of Memory Error (allocation.cpp:389), pid=10844, tid=0x0000000000000f94
#
# JRE version: OpenJDK Runtime Environment (8.0_212-b04) (build 1.8.0_212-release-1586-b04)
# Java VM: OpenJDK 64-Bit Server VM (25.212-b04 mixed mode windows-amd64 compressed oops)
# Failed to write core dump. Minidumps are not enabled by default on client versions of Windows
#

---------------  T H R E A D  ---------------

Current thread (0x000000001803d800):  JavaThread "C2 CompilerThread1" daemon [_thread_in_native, id=3988, stack(0x0000000018a10000,0x0000000018b10000)]

Stack: [0x0000000018a10000,0x0000000018b10000]
[error occurred during error reporting (printing stack bounds), id 0xc0000005]

Native frames: (J=compiled Java code, j=interpreted, Vv=VM code, C=native code)


Current CompileTask:
C2:   2854 1452   !   4       java.net.URLClassLoader$1::run (63 bytes)


---------------  P R O C E S S  ---------------

Java Threads: ( => current thread )
  0x000000001a60d800 JavaThread "Cache worker for journal cache (C:\Users\dream\.gradle\caches\journal-1)" [_thread_blocked, id=11292, stack(0x000000001cc30000,0x000000001cd30000)]
  0x000000001a614000 JavaThread "File lock request listener" [_thread_in_native, id=12696, stack(0x000000001cb30000,0x000000001cc30000)]
  0x000000001a634800 JavaThread "Cache worker for file hash cache (C:\Users\dream\.gradle\caches\5.6.4\fileHashes)" [_thread_blocked, id=15248, stack(0x000000001ca30000,0x000000001cb30000)]
  0x000000001aa5d000 JavaThread "Thread-9" [_thread_blocked, id=7404, stack(0x000000001c930000,0x000000001ca30000)]
  0x000000001aa75000 JavaThread "Stdin handler" [_thread_blocked, id=10600, stack(0x000000001c830000,0x000000001c930000)]
  0x000000001aa58000 JavaThread "Asynchronous log dispatcher for DefaultDaemonConnection: socket connection from /127.0.0.1:54696 to /127.0.0.1:54697" [_thread_blocked, id=11112, stack(0x000000001c630000,0x000000001c730000)]
  0x000000001aa78800 JavaThread "Daemon worker" [_thread_in_vm, id=3248, stack(0x000000001c530000,0x000000001c630000)]
  0x000000001aa47800 JavaThread "Cancel handler" [_thread_blocked, id=1668, stack(0x000000001c430000,0x000000001c530000)]
  0x000000001a9cd000 JavaThread "Handler for socket connection from /127.0.0.1:54696 to /127.0.0.1:54697" [_thread_in_native, id=13524, stack(0x000000001c130000,0x000000001c230000)]
  0x000000001a9ce800 JavaThread "Daemon" [_thread_blocked, id=6396, stack(0x000000001c030000,0x000000001c130000)]
  0x000000001a9cf000 JavaThread "Daemon periodic checks" [_thread_blocked, id=8100, stack(0x000000001bf30000,0x000000001c030000)]
  0x000000001a99a800 JavaThread "Incoming local TCP Connector on port 54696" [_thread_in_native, id=5164, stack(0x000000001bcf0000,0x000000001bdf0000)]
  0x0000000018f6f800 JavaThread "Daemon health stats" [_thread_blocked, id=14596, stack(0x000000001b6b0000,0x000000001b7b0000)]
  0x00000000180cf800 JavaThread "Service Thread" daemon [_thread_blocked, id=10508, stack(0x0000000018d10000,0x0000000018e10000)]
  0x0000000018048000 JavaThread "C1 CompilerThread3" daemon [_thread_in_vm, id=7840, stack(0x0000000018c10000,0x0000000018d10000)]
  0x0000000018041000 JavaThread "C2 CompilerThread2" daemon [_thread_in_native, id=5640, stack(0x0000000018b10000,0x0000000018c10000)]
=>0x000000001803d800 JavaThread "C2 CompilerThread1" daemon [_thread_in_native, id=3988, stack(0x0000000018a10000,0x0000000018b10000)]
  0x000000001803a000 JavaThread "C2 CompilerThread0" daemon [_thread_in_native, id=268, stack(0x0000000018910000,0x0000000018a10000)]
  0x0000000018039000 JavaThread "Attach Listener" daemon [_thread_blocked, id=12276, stack(0x0000000018810000,0x0000000018910000)]
  0x0000000018036000 JavaThread "Signal Dispatcher" daemon [_thread_blocked, id=14484, stack(0x0000000018710000,0x0000000018810000)]
  0x0000000002479000 JavaThread "Finalizer" daemon [_thread_blocked, id=3512, stack(0x0000000018510000,0x0000000018610000)]
  0x0000000002475800 JavaThread "Reference Handler" daemon [_thread_blocked, id=2788, stack(0x0000000018410000,0x0000000018510000)]
  0x0000000000a8d800 JavaThread "main" [_thread_blocked, id=8376, stack(0x0000000002250000,0x0000000002350000)]

Other Threads:
  0x0000000016238000 VMThread [stack: 0x0000000017f10000,0x0000000018010000] [id=9908]
  0x0000000018086800 WatcherThread [stack: 0x0000000018e10000,0x0000000018f10000] [id=12096]

VM state:not at safepoint (normal execution)

VM Mutex/Monitor currently owned by a thread: None

heap address: 0x00000000a0000000, size: 1536 MB, Compressed Oops mode: 32-bit
Narrow klass base: 0x0000000000000000, Narrow klass shift: 3
Compressed class space size: 1073741824 Address: 0x0000000100000000

Heap:
 PSYoungGen      total 37888K, used 21684K [0x00000000e0000000, 0x00000000e4a00000, 0x0000000100000000)
  eden space 32768K, 50% used [0x00000000e0000000,0x00000000e1035068,0x00000000e2000000)
  from space 5120K, 99% used [0x00000000e2500000,0x00000000e29f8020,0x00000000e2a00000)
  to   space 5120K, 0% used [0x00000000e2000000,0x00000000e2000000,0x00000000e2500000)
 ParOldGen       total 86016K, used 3793K [0x00000000a0000000, 0x00000000a5400000, 0x00000000e0000000)
  object space 86016K, 4% used [0x00000000a0000000,0x00000000a03b45c8,0x00000000a5400000)
 Metaspace       used 16266K, capacity 16658K, committed 16896K, reserved 1062912K
  class space    used 2307K, capacity 2457K, committed 2560K, reserved 1048576K

Card table byte_map: [0x0000000011840000,0x0000000011b50000] byte_map_base: 0x0000000011340000

Marking Bits: (ParMarkBitMap*) 0x0000000074949f30
 Begin Bits: [0x0000000012550000, 0x0000000013d50000)
 End Bits:   [0x0000000013d50000, 0x0000000015550000)

Polling page: 0x00000000004d0000

CodeCache: size=245760Kb used=5248Kb max_used=5248Kb free=240511Kb
 bounds [0x0000000002480000, 0x00000000029b0000, 0x0000000011480000]
 total_blobs=1926 nmethods=1534 adapters=305
 compilation: enabled

Compilation events (10 events):
Event: 2.815 Thread 0x0000000018048000 1534       1       com.google.common.collect.RegularImmutableList::size (5 bytes)
Event: 2.816 Thread 0x0000000018048000 nmethod 1534 0x0000000002999cd0 code [0x0000000002999e20, 0x0000000002999f30]
Event: 2.833 Thread 0x0000000018048000 1535       3       java.util.HashMap::putVal (300 bytes)
Event: 2.834 Thread 0x0000000018048000 nmethod 1535 0x000000000299ac90 code [0x000000000299af00, 0x000000000299c1b8]
Event: 2.834 Thread 0x0000000018048000 1536       3       sun.misc.ProxyGenerator::codeLocalLoadStore (90 bytes)
Event: 2.835 Thread 0x0000000018048000 nmethod 1536 0x000000000299f610 code [0x000000000299f860, 0x00000000029a0988]
Event: 2.837 Thread 0x0000000018048000 1537       3       sun.misc.ProxyGenerator$ConstantPool::getMethodRef (33 bytes)
Event: 2.838 Thread 0x0000000018048000 nmethod 1537 0x00000000029a1010 code [0x00000000029a12a0, 0x00000000029a2048]
Event: 2.838 Thread 0x0000000018048000 1538       3       sun.misc.ProxyGenerator::access$900 (5 bytes)
Event: 2.839 Thread 0x0000000018048000 nmethod 1538 0x00000000029997d0 code [0x0000000002999940, 0x0000000002999ba8]

GC Heap History (8 events):
Event: 0.874 GC heap before
{Heap before GC invocations=1 (full 0):
 PSYoungGen      total 37888K, used 32768K [0x00000000e0000000, 0x00000000e2a00000, 0x0000000100000000)
  eden space 32768K, 100% used [0x00000000e0000000,0x00000000e2000000,0x00000000e2000000)
  from space 5120K, 0% used [0x00000000e2500000,0x00000000e2500000,0x00000000e2a00000)
  to   space 5120K, 0% used [0x00000000e2000000,0x00000000e2000000,0x00000000e2500000)
 ParOldGen       total 86016K, used 0K [0x00000000a0000000, 0x00000000a5400000, 0x00000000e0000000)
  object space 86016K, 0% used [0x00000000a0000000,0x00000000a0000000,0x00000000a5400000)
 Metaspace       used 6698K, capacity 6896K, committed 7040K, reserved 1056768K
  class space    used 817K, capacity 876K, committed 896K, reserved 1048576K
Event: 0.879 GC heap after
Heap after GC invocations=1 (full 0):
 PSYoungGen      total 37888K, used 4252K [0x00000000e0000000, 0x00000000e2a00000, 0x0000000100000000)
  eden space 32768K, 0% used [0x00000000e0000000,0x00000000e0000000,0x00000000e2000000)
  from space 5120K, 83% used [0x00000000e2000000,0x00000000e2427188,0x00000000e2500000)
  to   space 5120K, 0% used [0x00000000e2500000,0x00000000e2500000,0x00000000e2a00000)
 ParOldGen       total 86016K, used 8K [0x00000000a0000000, 0x00000000a5400000, 0x00000000e0000000)
  object space 86016K, 0% used [0x00000000a0000000,0x00000000a0002000,0x00000000a5400000)
 Metaspace       used 6698K, capacity 6896K, committed 7040K, reserved 1056768K
  class space    used 817K, capacity 876K, committed 896K, reserved 1048576K
}
Event: 1.169 GC heap before
{Heap before GC invocations=2 (full 0):
 PSYoungGen      total 37888K, used 37020K [0x00000000e0000000, 0x00000000e2a00000, 0x0000000100000000)
  eden space 32768K, 100% used [0x00000000e0000000,0x00000000e2000000,0x00000000e2000000)
  from space 5120K, 83% used [0x00000000e2000000,0x00000000e2427188,0x00000000e2500000)
  to   space 5120K, 0% used [0x00000000e2500000,0x00000000e2500000,0x00000000e2a00000)
 ParOldGen       total 86016K, used 8K [0x00000000a0000000, 0x00000000a5400000, 0x00000000e0000000)
  object space 86016K, 0% used [0x00000000a0000000,0x00000000a0002000,0x00000000a5400000)
 Metaspace       used 7034K, capacity 7210K, committed 7424K, reserved 1056768K
  class space    used 867K, capacity 917K, committed 1024K, reserved 1048576K
Event: 1.172 GC heap after
Heap after GC invocations=2 (full 0):
 PSYoungGen      total 37888K, used 3345K [0x00000000e0000000, 0x00000000e2a00000, 0x0000000100000000)
  eden space 32768K, 0% used [0x00000000e0000000,0x00000000e0000000,0x00000000e2000000)
  from space 5120K, 65% used [0x00000000e2500000,0x00000000e2844500,0x00000000e2a00000)
  to   space 5120K, 0% used [0x00000000e2000000,0x00000000e2000000,0x00000000e2500000)
 ParOldGen       total 86016K, used 16K [0x00000000a0000000, 0x00000000a5400000, 0x00000000e0000000)
  object space 86016K, 0% used [0x00000000a0000000,0x00000000a0004000,0x00000000a5400000)
 Metaspace       used 7034K, capacity 7210K, committed 7424K, reserved 1056768K
  class space    used 867K, capacity 917K, committed 1024K, reserved 1048576K
}
Event: 2.349 GC heap before
{Heap before GC invocations=3 (full 0):
 PSYoungGen      total 37888K, used 36113K [0x00000000e0000000, 0x00000000e2a00000, 0x0000000100000000)
  eden space 32768K, 100% used [0x00000000e0000000,0x00000000e2000000,0x00000000e2000000)
  from space 5120K, 65% used [0x00000000e2500000,0x00000000e2844500,0x00000000e2a00000)
  to   space 5120K, 0% used [0x00000000e2000000,0x00000000e2000000,0x00000000e2500000)
 ParOldGen       total 86016K, used 16K [0x00000000a0000000, 0x00000000a5400000, 0x00000000e0000000)
  object space 86016K, 0% used [0x00000000a0000000,0x00000000a0004000,0x00000000a5400000)
 Metaspace       used 12285K, capacity 12638K, committed 12928K, reserved 1060864K
  class space    used 1653K, capacity 1793K, committed 1920K, reserved 1048576K
Event: 2.355 GC heap after
Heap after GC invocations=3 (full 0):
 PSYoungGen      total 37888K, used 5104K [0x00000000e0000000, 0x00000000e2a00000, 0x0000000100000000)
  eden space 32768K, 0% used [0x00000000e0000000,0x00000000e0000000,0x00000000e2000000)
  from space 5120K, 99% used [0x00000000e2000000,0x00000000e24fc010,0x00000000e2500000)
  to   space 5120K, 0% used [0x00000000e2500000,0x00000000e2500000,0x00000000e2a00000)
 ParOldGen       total 86016K, used 1377K [0x00000000a0000000, 0x00000000a5400000, 0x00000000e0000000)
  object space 86016K, 1% used [0x00000000a0000000,0x00000000a0158688,0x00000000a5400000)
 Metaspace       used 12285K, capacity 12638K, committed 12928K, reserved 1060864K
  class space    used 1653K, capacity 1793K, committed 1920K, reserved 1048576K
}
Event: 2.639 GC heap before
{Heap before GC invocations=4 (full 0):
 PSYoungGen      total 37888K, used 37872K [0x00000000e0000000, 0x00000000e2a00000, 0x0000000100000000)
  eden space 32768K, 100% used [0x00000000e0000000,0x00000000e2000000,0x00000000e2000000)
  from space 5120K, 99% used [0x00000000e2000000,0x00000000e24fc010,0x00000000e2500000)
  to   space 5120K, 0% used [0x00000000e2500000,0x00000000e2500000,0x00000000e2a00000)
 ParOldGen       total 86016K, used 1377K [0x00000000a0000000, 0x00000000a5400000, 0x00000000e0000000)
  object space 86016K, 1% used [0x00000000a0000000,0x00000000a0158688,0x00000000a5400000)
 Metaspace       used 14552K, capacity 14858K, committed 14976K, reserved 1062912K
  class space    used 2039K, capacity 2151K, committed 2176K, reserved 1048576K
Event: 2.646 GC heap after
Heap after GC invocations=4 (full 0):
 PSYoungGen      total 37888K, used 5088K [0x00000000e0000000, 0x00000000e4a00000, 0x0000000100000000)
  eden space 32768K, 0% used [0x00000000e0000000,0x00000000e0000000,0x00000000e2000000)
  from space 5120K, 99% used [0x00000000e2500000,0x00000000e29f8020,0x00000000e2a00000)
  to   space 5120K, 0% used [0x00000000e2000000,0x00000000e2000000,0x00000000e2500000)
 ParOldGen       total 86016K, used 3793K [0x00000000a0000000, 0x00000000a5400000, 0x00000000e0000000)
  object space 86016K, 4% used [0x00000000a0000000,0x00000000a03b45c8,0x00000000a5400000)
 Metaspace       used 14552K, capacity 14858K, committed 14976K, reserved 1062912K
  class space    used 2039K, capacity 2151K, committed 2176K, reserved 1048576K
}

Deoptimization events (10 events):
Event: 2.255 Thread 0x000000001a9cd000 Uncommon trap: reason=unstable_if action=reinterpret pc=0x000000000284e930 method=java.util.concurrent.ConcurrentHashMap.putVal(Ljava/lang/Object;Ljava/lang/Object;Z)Ljava/lang/Object; @ 206
Event: 2.296 Thread 0x000000001aa78800 Uncommon trap: reason=bimorphic action=maybe_recompile pc=0x00000000026d6fc8 method=java.util.HashMap.putVal(ILjava/lang/Object;Ljava/lang/Object;ZZ)Ljava/lang/Object; @ 253
Event: 2.296 Thread 0x000000001aa78800 Uncommon trap: reason=bimorphic action=maybe_recompile pc=0x00000000026d6fc8 method=java.util.HashMap.putVal(ILjava/lang/Object;Ljava/lang/Object;ZZ)Ljava/lang/Object; @ 253
Event: 2.296 Thread 0x000000001aa78800 Uncommon trap: reason=bimorphic action=maybe_recompile pc=0x00000000026d6fc8 method=java.util.HashMap.putVal(ILjava/lang/Object;Ljava/lang/Object;ZZ)Ljava/lang/Object; @ 253
Event: 2.493 Thread 0x000000001aa78800 Uncommon trap: reason=class_check action=maybe_recompile pc=0x000000000274b918 method=java.util.regex.Matcher.match(II)Z @ 86
Event: 2.505 Thread 0x000000001aa78800 Uncommon trap: reason=class_check action=maybe_recompile pc=0x000000000274b918 method=java.util.regex.Matcher.match(II)Z @ 86
Event: 2.505 Thread 0x000000001aa78800 Uncommon trap: reason=class_check action=maybe_recompile pc=0x000000000274b918 method=java.util.regex.Matcher.match(II)Z @ 86
Event: 2.506 Thread 0x000000001aa78800 Uncommon trap: reason=class_check action=maybe_recompile pc=0x00000000025efc9c method=java.util.regex.Matcher.match(II)Z @ 86
Event: 2.737 Thread 0x000000001aa78800 Uncommon trap: reason=unstable_if action=reinterpret pc=0x00000000028ea2b4 method=java.lang.String.lastIndexOf([CII[CIII)I @ 66
Event: 2.824 Thread 0x000000001aa78800 Uncommon trap: reason=unstable_if action=reinterpret pc=0x00000000028e79ac method=java.util.HashMap.putVal(ILjava/lang/Object;Ljava/lang/Object;ZZ)Ljava/lang/Object; @ 236

Classes redefined (0 events):
No events

Internal exceptions (10 events):
Event: 2.255 Thread 0x000000001a9cd000 Exception <a 'java/lang/NoSuchMethodError': <clinit>> (0x00000000e1870e68) thrown at [D:\src\AOSP-openjdk-cygwin\jdk8u\hotspot\src\share\vm\prims\jni.cpp, line 1614]
Event: 2.256 Thread 0x000000001a9cd000 Exception <a 'java/lang/NoSuchMethodError': <clinit>> (0x00000000e187ac18) thrown at [D:\src\AOSP-openjdk-cygwin\jdk8u\hotspot\src\share\vm\prims\jni.cpp, line 1614]
Event: 2.258 Thread 0x000000001a9cd000 Exception <a 'java/lang/NoSuchMethodError': <clinit>> (0x00000000e188f620) thrown at [D:\src\AOSP-openjdk-cygwin\jdk8u\hotspot\src\share\vm\prims\jni.cpp, line 1614]
Event: 2.266 Thread 0x000000001a9cd000 Exception <a 'java/lang/NoSuchMethodError': <clinit>> (0x00000000e18ead30) thrown at [D:\src\AOSP-openjdk-cygwin\jdk8u\hotspot\src\share\vm\prims\jni.cpp, line 1614]
Event: 2.270 Thread 0x000000001a9cd000 Exception <a 'java/lang/NoSuchMethodError': <clinit>> (0x00000000e1922838) thrown at [D:\src\AOSP-openjdk-cygwin\jdk8u\hotspot\src\share\vm\prims\jni.cpp, line 1614]
Event: 2.275 Thread 0x000000001a9cd000 Exception <a 'java/lang/NoSuchMethodError': <clinit>> (0x00000000e1958b10) thrown at [D:\src\AOSP-openjdk-cygwin\jdk8u\hotspot\src\share\vm\prims\jni.cpp, line 1614]
Event: 2.276 Thread 0x000000001a9cd000 Exception <a 'java/lang/NoSuchMethodError': <clinit>> (0x00000000e1963f18) thrown at [D:\src\AOSP-openjdk-cygwin\jdk8u\hotspot\src\share\vm\prims\jni.cpp, line 1614]
Event: 2.709 Thread 0x000000001aa78800 Exception <a 'java/lang/NoSuchMethodError': java.lang.Object.lambda$and$0(Ljava/util/function/Predicate;Ljava/lang/Object;)Z> (0x00000000e05d2410) thrown at [D:\src\AOSP-openjdk-cygwin\jdk8u\hotspot\src\share\vm\interpreter\linkResolver.cpp, line 620]
Event: 2.714 Thread 0x000000001aa78800 Exception <a 'java/lang/IncompatibleClassChangeError': Found class java.lang.Object, but interface was expected> (0x00000000e05e8700) thrown at [D:\src\AOSP-openjdk-cygwin\jdk8u\hotspot\src\share\vm\interpreter\linkResolver.cpp, line 653]
Event: 2.716 Thread 0x000000001aa78800 Exception <a 'java/lang/NoSuchMethodError': java.lang.Object.lambda$or$2(Ljava/util/function/Predicate;Ljava/lang/Object;)Z> (0x00000000e05ed610) thrown at [D:\src\AOSP-openjdk-cygwin\jdk8u\hotspot\src\share\vm\interpreter\linkResolver.cpp, line 620]

Events (10 events):
Event: 2.840 loading class groovy/lang/GroovyCallable
Event: 2.840 loading class groovy/lang/GroovyCallable done
Event: 2.841 loading class groovy/lang/GroovyObjectSupport
Event: 2.841 loading class groovy/lang/GroovyObjectSupport done
Event: 2.841 loading class org/gradle/internal/MutableActionSet
Event: 2.841 loading class org/gradle/internal/MutableActionSet done
Event: 2.842 loading class org/gradle/internal/instantiation/AsmBackedClassGenerator$ClassBuilderImpl
Event: 2.842 loading class org/gradle/internal/instantiation/AsmBackedClassGenerator$ClassBuilderImpl done
Event: 2.844 loading class org/gradle/internal/instantiation/AsmBackedClassGenerator$MethodCodeBody
Event: 2.844 loading class org/gradle/internal/instantiation/AsmBackedClassGenerator$MethodCodeBody done


Dynamic libraries:
0x00007ff739800000 - 0x00007ff739831000 	C:\Program Files\Android\Android Studio\jre\bin\java.exe
0x00007ffbab0c0000 - 0x00007ffbab2b0000 	C:\WINDOWS\SYSTEM32\ntdll.dll
0x00007ffba91e0000 - 0x00007ffba9292000 	C:\WINDOWS\System32\KERNEL32.DLL
0x00007ffba8250000 - 0x00007ffba84f3000 	C:\WINDOWS\System32\KERNELBASE.dll
0x00007ffba92a0000 - 0x00007ffba9343000 	C:\WINDOWS\System32\ADVAPI32.dll
0x00007ffba9360000 - 0x00007ffba93fe000 	C:\WINDOWS\System32\msvcrt.dll
0x00007ffbaad40000 - 0x00007ffbaadd7000 	C:\WINDOWS\System32\sechost.dll
0x00007ffba94b0000 - 0x00007ffba95d0000 	C:\WINDOWS\System32\RPCRT4.dll
0x00007ffba95d0000 - 0x00007ffba9764000 	C:\WINDOWS\System32\USER32.dll
0x00007ffba8500000 - 0x00007ffba8521000 	C:\WINDOWS\System32\win32u.dll
0x00007ffba9c50000 - 0x00007ffba9c76000 	C:\WINDOWS\System32\GDI32.dll
0x00007ffba8f80000 - 0x00007ffba9114000 	C:\WINDOWS\System32\gdi32full.dll
0x00007ffba85b0000 - 0x00007ffba864e000 	C:\WINDOWS\System32\msvcp_win.dll
0x00007ffba8df0000 - 0x00007ffba8eea000 	C:\WINDOWS\System32\ucrtbase.dll
0x00007ffb96050000 - 0x00007ffb962d5000 	C:\WINDOWS\WinSxS\amd64_microsoft.windows.common-controls_6595b64144ccf1df_6.0.18362.720_none_e6beb5c51314836b\COMCTL32.dll
0x00007ffba9910000 - 0x00007ffba9c46000 	C:\WINDOWS\System32\combase.dll
0x00007ffba8530000 - 0x00007ffba85b0000 	C:\WINDOWS\System32\bcryptPrimitives.dll
0x00007ffbaa390000 - 0x00007ffbaa3be000 	C:\WINDOWS\System32\IMM32.DLL
0x0000000073fc0000 - 0x0000000074092000 	C:\Program Files\Android\Android Studio\jre\jre\bin\msvcr100.dll
0x0000000074180000 - 0x00000000749c6000 	C:\Program Files\Android\Android Studio\jre\jre\bin\server\jvm.dll
0x00007ffba9d00000 - 0x00007ffba9d08000 	C:\WINDOWS\System32\PSAPI.DLL
0x00007ffb9b4c0000 - 0x00007ffb9b4ca000 	C:\WINDOWS\SYSTEM32\VERSION.dll
0x00007ffb92d00000 - 0x00007ffb92d09000 	C:\WINDOWS\SYSTEM32\WSOCK32.dll
0x00007ffba4d60000 - 0x00007ffba4d84000 	C:\WINDOWS\SYSTEM32\WINMM.dll
0x00007ffba9c90000 - 0x00007ffba9cff000 	C:\WINDOWS\System32\WS2_32.dll
0x00007ffba4d30000 - 0x00007ffba4d5d000 	C:\WINDOWS\SYSTEM32\winmmbase.dll
0x00007ffba9120000 - 0x00007ffba916a000 	C:\WINDOWS\System32\cfgmgr32.dll
0x00007ffba4250000 - 0x00007ffba425f000 	C:\Program Files\Android\Android Studio\jre\jre\bin\verify.dll
0x00007ffb9f4d0000 - 0x00007ffb9f4f9000 	C:\Program Files\Android\Android Studio\jre\jre\bin\java.dll
0x00007ffba3b10000 - 0x00007ffba3b26000 	C:\Program Files\Android\Android Studio\jre\jre\bin\zip.dll
0x00007ffbaa440000 - 0x00007ffbaab25000 	C:\WINDOWS\System32\SHELL32.dll
0x00007ffba9400000 - 0x00007ffba94a9000 	C:\WINDOWS\System32\shcore.dll
0x00007ffba8670000 - 0x00007ffba8df0000 	C:\WINDOWS\System32\windows.storage.dll
0x00007ffba8000000 - 0x00007ffba8023000 	C:\WINDOWS\System32\profapi.dll
0x00007ffba7fb0000 - 0x00007ffba7ffa000 	C:\WINDOWS\System32\powrprof.dll
0x00007ffba7f80000 - 0x00007ffba7f90000 	C:\WINDOWS\System32\UMPDC.dll
0x00007ffba9770000 - 0x00007ffba97c2000 	C:\WINDOWS\System32\shlwapi.dll
0x00007ffba8030000 - 0x00007ffba8041000 	C:\WINDOWS\System32\kernel.appcore.dll
0x00007ffba8650000 - 0x00007ffba8667000 	C:\WINDOWS\System32\cryptsp.dll
0x00007ffb9f270000 - 0x00007ffb9f28a000 	C:\Program Files\Android\Android Studio\jre\jre\bin\net.dll
0x00007ffb97780000 - 0x00007ffb97955000 	C:\WINDOWS\SYSTEM32\urlmon.dll
0x00007ffb97ab0000 - 0x00007ffb97d56000 	C:\WINDOWS\SYSTEM32\iertutil.dll
0x00007ffba78c0000 - 0x00007ffba78cc000 	C:\WINDOWS\SYSTEM32\CRYPTBASE.DLL
0x00007ffba7740000 - 0x00007ffba77a7000 	C:\WINDOWS\system32\mswsock.dll
0x00007ffb9f250000 - 0x00007ffb9f263000 	C:\Program Files\Android\Android Studio\jre\jre\bin\nio.dll
0x00007ffb8fb30000 - 0x00007ffb8fb56000 	C:\Users\dream\.gradle\native\30\windows-amd64\native-platform.dll
0x00007ffba0cb0000 - 0x00007ffba0cbd000 	C:\Program Files\Android\Android Studio\jre\jre\bin\management.dll
0x00007ffba72c0000 - 0x00007ffba72f3000 	C:\WINDOWS\system32\rsaenh.dll
0x00007ffba8f50000 - 0x00007ffba8f76000 	C:\WINDOWS\System32\bcrypt.dll
0x00007ffba7ea0000 - 0x00007ffba7ec5000 	C:\WINDOWS\SYSTEM32\USERENV.dll
0x00007ffba7460000 - 0x00007ffba749a000 	C:\WINDOWS\SYSTEM32\IPHLPAPI.DLL
0x00007ffba9350000 - 0x00007ffba9358000 	C:\WINDOWS\System32\NSI.dll
0x00007ffb9d810000 - 0x00007ffb9d826000 	C:\WINDOWS\SYSTEM32\dhcpcsvc6.DLL
0x00007ffb9d7f0000 - 0x00007ffb9d80c000 	C:\WINDOWS\SYSTEM32\dhcpcsvc.DLL
0x00007ffba74b0000 - 0x00007ffba757a000 	C:\WINDOWS\SYSTEM32\DNSAPI.dll

VM Arguments:
jvm_args: -Xmx1536m -Dfile.encoding=windows-1252 -Duser.country=US -Duser.language=en -Duser.variant 
java_command: org.gradle.launcher.daemon.bootstrap.GradleDaemon 5.6.4
java_class_path (initial): C:\Users\dream\.gradle\wrapper\dists\gradle-5.6.4-all\ankdp27end7byghfw1q2sw75f\gradle-5.6.4\lib\gradle-launcher-5.6.4.jar
Launcher Type: SUN_STANDARD

Environment Variables:
PATH=C:\Program Files (x86)\Intel\Intel(R) Management Engine Components\iCLS\;C:\Program Files\Intel\Intel(R) Management Engine Components\iCLS\;C:\WINDOWS\system32;C:\WINDOWS;C:\WINDOWS\System32\Wbem;C:\WINDOWS\System32\WindowsPowerShell\v1.0\;C:\WINDOWS\System32\OpenSSH\;C:\Program Files (x86)\Intel\Intel(R) Management Engine Components\DAL;C:\Program Files\Intel\Intel(R) Management Engine Components\DAL;C:\Program Files (x86)\Intel\Intel(R) Management Engine Components\IPT;C:\Program Files\Intel\Intel(R) Management Engine Components\IPT;C:\Program Files\Git\cmd;C:\Users\dream\AppData\Local\Microsoft\WindowsApps;C:\Users\dream\AppData\Local\Programs\Microsoft VS Code\bin
USERNAME=dream
OS=Windows_NT
PROCESSOR_IDENTIFIER=Intel64 Family 6 Model 142 Stepping 10, GenuineIntel



---------------  S Y S T E M  ---------------

OS: Windows 10.0 , 64 bit Build 18362 (10.0.18362.329)

CPU:total 8 (initial active 8) (4 cores per cpu, 2 threads per core) family 6 model 142 stepping 10, cmov, cx8, fxsr, mmx, sse, sse2, sse3, ssse3, sse4.1, sse4.2, popcnt, avx, avx2, aes, clmul, erms, 3dnowpref, lzcnt, ht, tsc, tscinvbit, bmi1, bmi2, adx

Memory: 4k page, physical 8227540k(1366296k free), swap 8227540k(5316k free)

vm_info: OpenJDK 64-Bit Server VM (25.212-b04) for windows-amd64 JRE (1.8.0_212-release-1586-b04), built by "builder" with MS VC++ 10.0 (VS2010)

time: Wed Apr 15 21:54:07 2020
timezone: SE Asia Standard Time
elapsed time: 2 seconds (0d 0h 0m 2s)

