#
# There is insufficient memory for the Java Runtime Environment to continue.
# Native memory allocation (malloc) failed to allocate 1078976 bytes for Chunk::new
# Possible reasons:
#   The system is out of physical RAM or swap space
#   The process is running with CompressedOops enabled, and the Java Heap may be blocking the growth of the native heap
# Possible solutions:
#   Reduce memory load on the system
#   Increase physical memory or swap space
#   Check if swap backing store is full
#   Decrease Java heap size (-Xmx/-Xms)
#   Decrease number of Java threads
#   Decrease Java thread stack sizes (-Xss)
#   Set larger code cache with -XX:ReservedCodeCacheSize=
#   JVM is running with Unscaled Compressed Oops mode in which the Java heap is
#     placed in the first 4GB address space. The Java Heap base address is the
#     maximum limit for the native heap growth. Please use -XX:HeapBaseMinAddress
#     to set the Java Heap base and to place the Java Heap above 4GB virtual address.
# This output file may be truncated or incomplete.
#
#  Out of Memory Error (allocation.cpp:389), pid=2768, tid=0x000000000000330c
#
# JRE version: OpenJDK Runtime Environment (8.0_212-b04) (build 1.8.0_212-release-1586-b04)
# Java VM: OpenJDK 64-Bit Server VM (25.212-b04 mixed mode windows-amd64 compressed oops)
# Failed to write core dump. Minidumps are not enabled by default on client versions of Windows
#

---------------  T H R E A D  ---------------

Current thread (0x000000001803c000):  JavaThread "C2 CompilerThread0" daemon [_thread_in_native, id=13068, stack(0x0000000018910000,0x0000000018a10000)]

Stack: [0x0000000018910000,0x0000000018a10000]
[error occurred during error reporting (printing stack bounds), id 0xc0000005]

Native frames: (J=compiled Java code, j=interpreted, Vv=VM code, C=native code)


Current CompileTask:
C2:3247085 35066       4       com.android.tools.r8.u.c.o::a (1157 bytes)


---------------  P R O C E S S  ---------------

Java Threads: ( => current thread )
  0x0000000025dd8000 JavaThread "WorkerExecutor Queue Thread 10" [_thread_blocked, id=6132, stack(0x0000000035120000,0x0000000035220000)]
  0x0000000025dd0800 JavaThread "Cache worker for Java compile cache (C:\Users\dream\AndroidStudioProjects\BrainGame\.gradle\5.6.4\javaCompile)" [_thread_blocked, id=7268, stack(0x0000000036a70000,0x0000000036b70000)]
  0x0000000025dd7800 JavaThread "WorkerExecutor Queue Thread 9" [_thread_blocked, id=8404, stack(0x0000000036970000,0x0000000036a70000)]
  0x0000000025dd0000 JavaThread "RMI TCP Connection(27)-127.0.0.1" daemon [_thread_in_native, id=14040, stack(0x0000000036870000,0x0000000036970000)]
  0x0000000025dd6800 JavaThread "RMI TCP Connection(26)-127.0.0.1" daemon [_thread_in_native, id=14300, stack(0x0000000036770000,0x0000000036870000)]
  0x0000000025dd5000 JavaThread "RMI TCP Accept-0" daemon [_thread_in_native, id=3528, stack(0x0000000035820000,0x0000000035920000)]
  0x0000000025dd4800 JavaThread "stdout" [_thread_in_native, id=2560, stack(0x0000000036470000,0x0000000036570000)]
  0x0000000025dd6000 JavaThread "stderr" [_thread_in_native, id=2164, stack(0x0000000036370000,0x0000000036470000)]
  0x0000000025dd3800 JavaThread "stdout" [_thread_in_native, id=3188, stack(0x0000000036270000,0x0000000036370000)]
  0x0000000018054000 JavaThread "stderr" [_thread_in_native, id=7844, stack(0x0000000036170000,0x0000000036270000)]
  0x0000000018050800 JavaThread "stdout" [_thread_in_native, id=10324, stack(0x0000000036070000,0x0000000036170000)]
  0x000000001d1ae800 JavaThread "stderr" [_thread_in_native, id=2512, stack(0x0000000035f70000,0x0000000036070000)]
  0x000000001d1ad000 JavaThread "stdout" [_thread_in_native, id=8748, stack(0x0000000035e70000,0x0000000035f70000)]
  0x000000001d1a4000 JavaThread "stderr" [_thread_in_native, id=9460, stack(0x0000000035d70000,0x0000000035e70000)]
  0x000000001d1ab000 JavaThread "stdout" [_thread_in_native, id=12240, stack(0x0000000035c70000,0x0000000035d70000)]
  0x000000001d1aa000 JavaThread "stderr" [_thread_in_native, id=8440, stack(0x0000000035920000,0x0000000035a20000)]
  0x000000001d1a3800 JavaThread "stdout" [_thread_in_native, id=7240, stack(0x0000000035720000,0x0000000035820000)]
  0x000000001d1a8800 JavaThread "stderr" [_thread_in_native, id=11736, stack(0x0000000035620000,0x0000000035720000)]
  0x000000001d1a1000 JavaThread "WorkerExecutor Queue Thread 7" [_thread_in_Java, id=2912, stack(0x0000000035520000,0x0000000035620000)]
  0x000000001d1a2800 JavaThread "WorkerExecutor Queue Thread 6" [_thread_blocked, id=10568, stack(0x0000000035220000,0x0000000035320000)]
  0x0000000022e78000 JavaThread "WorkerExecutor Queue Thread 4" [_thread_blocked, id=8816, stack(0x0000000035020000,0x0000000035120000)]
  0x0000000022e77800 JavaThread "WorkerExecutor Queue Thread 3" [_thread_blocked, id=4020, stack(0x0000000034d60000,0x0000000034e60000)]
  0x0000000022e79800 JavaThread "WorkerExecutor Queue Thread 2" [_thread_blocked, id=12892, stack(0x0000000034c60000,0x0000000034d60000)]
  0x0000000022e76800 JavaThread "WorkerExecutor Queue" [_thread_blocked, id=8172, stack(0x0000000034b60000,0x0000000034c60000)]
  0x0000000022e75000 JavaThread "stdout" [_thread_in_native, id=12856, stack(0x0000000035420000,0x0000000035520000)]
  0x0000000022e6d000 JavaThread "stderr" [_thread_in_native, id=13140, stack(0x0000000035320000,0x0000000035420000)]
  0x0000000022e73800 JavaThread "pool-48-thread-1" [_thread_blocked, id=148, stack(0x0000000034f20000,0x0000000035020000)]
  0x0000000022e70000 JavaThread "Cache worker for execution history cache (C:\Users\dream\AndroidStudioProjects\BrainGame\.gradle\5.6.4\executionHistory)" [_thread_blocked, id=13816, stack(0x0000000034a60000,0x0000000034b60000)]
  0x0000000022e6d800 JavaThread "Execution worker for ':' Thread 7" [_thread_blocked, id=13740, stack(0x0000000034960000,0x0000000034a60000)]
  0x0000000022e72000 JavaThread "Execution worker for ':' Thread 6" [_thread_blocked, id=5860, stack(0x0000000034860000,0x0000000034960000)]
  0x000000001d298800 JavaThread "Execution worker for ':' Thread 5" [_thread_in_native, id=10084, stack(0x0000000034760000,0x0000000034860000)]
  0x000000001d291000 JavaThread "Execution worker for ':' Thread 4" [_thread_in_Java, id=2792, stack(0x0000000034660000,0x0000000034760000)]
  0x000000001d297800 JavaThread "Execution worker for ':' Thread 3" [_thread_in_Java, id=7280, stack(0x00000000300a0000,0x00000000301a0000)]
  0x000000001d295800 JavaThread "Execution worker for ':' Thread 2" [_thread_in_Java, id=3156, stack(0x000000002f580000,0x000000002f680000)]
  0x000000001d294000 JavaThread "Execution worker for ':'" [_thread_blocked, id=8104, stack(0x000000002d7f0000,0x000000002d8f0000)]
  0x000000001d292800 JavaThread "Cache worker for file content cache (C:\Users\dream\AndroidStudioProjects\BrainGame\.gradle\5.6.4\fileContent)" [_thread_blocked, id=6784, stack(0x00000000298b0000,0x00000000299b0000)]
  0x000000001d296000 JavaThread "Cache worker for Build Output Cleanup Cache (C:\Users\dream\AndroidStudioProjects\BrainGame\.gradle\buildOutputCleanup)" [_thread_blocked, id=8836, stack(0x00000000291b0000,0x00000000292b0000)]
  0x000000001d294800 JavaThread "pool-47-thread-1" [_thread_blocked, id=7812, stack(0x0000000028160000,0x0000000028260000)]
  0x000000001d293000 JavaThread "Build operations Thread 8" [_thread_blocked, id=5328, stack(0x0000000027050000,0x0000000027150000)]
  0x000000001d297000 JavaThread "Build operations Thread 7" [_thread_blocked, id=880, stack(0x0000000025a20000,0x0000000025b20000)]
  0x000000001d289800 JavaThread "Build operations Thread 6" [_thread_blocked, id=2904, stack(0x0000000024800000,0x0000000024900000)]
  0x000000001d28a000 JavaThread "Build operations Thread 5" [_thread_blocked, id=14144, stack(0x0000000024500000,0x0000000024600000)]
  0x000000001d28e000 JavaThread "Build operations Thread 4" [_thread_blocked, id=9456, stack(0x0000000024000000,0x0000000024100000)]
  0x000000001d28d000 JavaThread "Build operations Thread 3" [_thread_blocked, id=3356, stack(0x0000000022a60000,0x0000000022b60000)]
  0x0000000019d5c000 JavaThread "Build operations Thread 2" [_thread_blocked, id=10376, stack(0x0000000021960000,0x0000000021a60000)]
  0x0000000019d63000 JavaThread "Build operations" [_thread_blocked, id=14080, stack(0x0000000021410000,0x0000000021510000)]
  0x0000000019d5f000 JavaThread "Cache worker for cache directory md-rule (C:\Users\dream\.gradle\caches\5.6.4\md-rule)" [_thread_blocked, id=10088, stack(0x000000001f5d0000,0x000000001f6d0000)]
  0x0000000019d61800 JavaThread "Cache worker for cache directory md-supplier (C:\Users\dream\.gradle\caches\5.6.4\md-supplier)" [_thread_blocked, id=14260, stack(0x000000001f4d0000,0x000000001f5d0000)]
  0x0000000019d5e800 JavaThread "Cache worker for file hash cache (C:\Users\dream\AndroidStudioProjects\BrainGame\.gradle\5.6.4\fileHashes)" [_thread_blocked, id=10412, stack(0x000000001f3d0000,0x000000001f4d0000)]
  0x0000000019d62000 JavaThread "Thread-592" [_thread_blocked, id=10016, stack(0x000000001f2d0000,0x000000001f3d0000)]
  0x0000000019d54800 JavaThread "Stdin handler" [_thread_blocked, id=13192, stack(0x000000001c630000,0x000000001c730000)]
  0x0000000019d54000 JavaThread "Asynchronous log dispatcher for DefaultDaemonConnection: socket connection from /127.0.0.1:51057 to /127.0.0.1:51659" [_thread_blocked, id=9944, stack(0x000000001c130000,0x000000001c230000)]
  0x0000000019d5a800 JavaThread "Daemon worker Thread 17" [_thread_blocked, id=9956, stack(0x000000001c030000,0x000000001c130000)]
  0x0000000019d5a000 JavaThread "Cancel handler" [_thread_blocked, id=1388, stack(0x00000000008f0000,0x00000000009f0000)]
  0x0000000019d59000 JavaThread "Handler for socket connection from /127.0.0.1:51057 to /127.0.0.1:51659" [_thread_in_native, id=13884, stack(0x00000000007f0000,0x00000000008f0000)]
  0x0000000019d57800 JavaThread "Daemon Thread 17" [_thread_blocked, id=5720, stack(0x00000000006f0000,0x00000000007f0000)]
  0x0000000022e6b800 JavaThread "Cache worker for Java compile cache (C:\Users\dream\.gradle\caches\5.6.4\javaCompile)" [_thread_blocked, id=2304, stack(0x00000000290b0000,0x00000000291b0000)]
  0x000000001d28c800 JavaThread "RMI Reaper" [_thread_blocked, id=5872, stack(0x000000002daf0000,0x000000002dbf0000)]
  0x000000001d28f800 JavaThread "RMI TCP Accept-0" daemon [_thread_in_native, id=236, stack(0x000000002d9f0000,0x000000002daf0000)]
  0x000000001d28b000 JavaThread "GC Daemon" daemon [_thread_blocked, id=10748, stack(0x000000002d8f0000,0x000000002d9f0000)]
  0x000000001d28e800 JavaThread "RMI Scheduler(0)" daemon [_thread_blocked, id=11776, stack(0x000000002d6f0000,0x000000002d7f0000)]
  0x000000001d1a5000 JavaThread "Cache worker for file content cache (C:\Users\dream\.gradle\caches\5.6.4\fileContent)" [_thread_blocked, id=12792, stack(0x0000000025b20000,0x0000000025c20000)]
  0x000000001d1ac800 JavaThread "Memory manager" [_thread_blocked, id=14240, stack(0x0000000025300000,0x0000000025400000)]
  0x000000001d1a5800 JavaThread "Cache worker for execution history cache (C:\Users\dream\.gradle\caches\5.6.4\executionHistory)" [_thread_blocked, id=7424, stack(0x0000000020d10000,0x0000000020e10000)]
  0x0000000018053800 JavaThread "Cache worker for journal cache (C:\Users\dream\.gradle\caches\journal-1)" [_thread_blocked, id=13096, stack(0x000000001cc30000,0x000000001cd30000)]
  0x0000000018056800 JavaThread "File lock request listener" [_thread_in_native, id=3340, stack(0x000000001cb30000,0x000000001cc30000)]
  0x000000001804f800 JavaThread "Cache worker for file hash cache (C:\Users\dream\.gradle\caches\5.6.4\fileHashes)" [_thread_blocked, id=10264, stack(0x000000001ca30000,0x000000001cb30000)]
  0x000000001a874800 JavaThread "Daemon periodic checks" [_thread_blocked, id=13384, stack(0x000000001bf30000,0x000000001c030000)]
  0x0000000019165000 JavaThread "Incoming local TCP Connector on port 51057" [_thread_in_native, id=9020, stack(0x000000001bcf0000,0x000000001bdf0000)]
  0x000000001809f000 JavaThread "Daemon health stats" [_thread_blocked, id=6828, stack(0x000000001b6b0000,0x000000001b7b0000)]
  0x00000000180de000 JavaThread "Service Thread" daemon [_thread_blocked, id=10920, stack(0x0000000018d10000,0x0000000018e10000)]
  0x0000000018052000 JavaThread "C1 CompilerThread3" daemon [_thread_blocked, id=7040, stack(0x0000000018c10000,0x0000000018d10000)]
  0x000000001804a800 JavaThread "C2 CompilerThread2" daemon [_thread_in_native, id=13732, stack(0x0000000018b10000,0x0000000018c10000)]
  0x000000001803f800 JavaThread "C2 CompilerThread1" daemon [_thread_in_native, id=280, stack(0x0000000018a10000,0x0000000018b10000)]
=>0x000000001803c000 JavaThread "C2 CompilerThread0" daemon [_thread_in_native, id=13068, stack(0x0000000018910000,0x0000000018a10000)]
  0x000000001803b000 JavaThread "Attach Listener" daemon [_thread_blocked, id=13692, stack(0x0000000018810000,0x0000000018910000)]
  0x0000000018038000 JavaThread "Signal Dispatcher" daemon [_thread_blocked, id=9800, stack(0x0000000018710000,0x0000000018810000)]
  0x000000000248e000 JavaThread "Finalizer" daemon [_thread_blocked, id=400, stack(0x0000000018510000,0x0000000018610000)]
  0x0000000002485000 JavaThread "Reference Handler" daemon [_thread_blocked, id=6336, stack(0x0000000018410000,0x0000000018510000)]
  0x000000000238d800 JavaThread "main" [_thread_blocked, id=4796, stack(0x0000000002280000,0x0000000002380000)]

Other Threads:
  0x0000000016248000 VMThread [stack: 0x0000000017f10000,0x0000000018010000] [id=13196]
  0x0000000018099000 WatcherThread [stack: 0x0000000018e10000,0x0000000018f10000] [id=8948]

VM state:at safepoint (normal execution)

VM Mutex/Monitor currently owned by a thread:  ([mutex/lock_event])
[0x000000000238c970] Threads_lock - owner thread: 0x0000000016248000
[0x000000000238caf0] Heap_lock - owner thread: 0x000000001d298800

heap address: 0x00000000a0000000, size: 1536 MB, Compressed Oops mode: 32-bit
Narrow klass base: 0x0000000000000000, Narrow klass shift: 3
Compressed class space size: 1073741824 Address: 0x0000000100000000

Heap:
 PSYoungGen      total 437760K, used 335453K [0x00000000e0000000, 0x0000000100000000, 0x0000000100000000)
  eden space 389120K, 86% used [0x00000000e0000000,0x00000000f4797570,0x00000000f7c00000)
  from space 48640K, 0% used [0x00000000f7c00000,0x00000000f7c00000,0x00000000fab80000)
  to   space 71168K, 0% used [0x00000000fba80000,0x00000000fbaea010,0x0000000100000000)
 ParOldGen       total 322048K, used 131053K [0x00000000a0000000, 0x00000000b3a80000, 0x00000000e0000000)
  object space 322048K, 40% used [0x00000000a0000000,0x00000000a7ffb4b8,0x00000000b3a80000)
 Metaspace       used 150492K, capacity 162278K, committed 164524K, reserved 1196032K
  class space    used 19402K, capacity 21418K, committed 22016K, reserved 1048576K

Card table byte_map: [0x0000000011850000,0x0000000011b60000] byte_map_base: 0x0000000011350000

Marking Bits: (ParMarkBitMap*) 0x000000006bd99f30
 Begin Bits: [0x0000000012560000, 0x0000000013d60000)
 End Bits:   [0x0000000013d60000, 0x0000000015560000)

Polling page: 0x00000000005e0000

CodeCache: size=245760Kb used=92615Kb max_used=92616Kb free=153144Kb
 bounds [0x0000000002490000, 0x0000000007fa0000, 0x0000000011490000]
 total_blobs=28523 nmethods=27558 adapters=875
 compilation: enabled

Compilation events (10 events):
Event: 3247.036 Thread 0x0000000018052000 35456       2       com.google.common.util.concurrent.AbstractFuture::isDone (28 bytes)
Event: 3247.037 Thread 0x0000000018052000 nmethod 35456 0x0000000007f795d0 code [0x0000000007f79720, 0x0000000007f798d0]
Event: 3247.037 Thread 0x0000000018052000 35465       2       com.android.tools.r8.graph.r0$$Lambda$1701/175950325::apply (8 bytes)
Event: 3247.037 Thread 0x0000000018052000 nmethod 35465 0x0000000007f79950 code [0x0000000007f79ac0, 0x0000000007f79c68]
Event: 3247.037 Thread 0x0000000018052000 35466       2       com.android.tools.r8.graph.r0::i (5 bytes)
Event: 3247.038 Thread 0x0000000018052000 nmethod 35466 0x0000000007f79d50 code [0x0000000007f79ea0, 0x0000000007f79fe8]
Event: 3247.038 Thread 0x0000000018052000 35463       2       com.google.common.util.concurrent.AbstractFuture::get (167 bytes)
Event: 3247.040 Thread 0x0000000018052000 nmethod 35463 0x0000000007f7a090 code [0x0000000007f7a280, 0x0000000007f7a9a8]
Event: 3247.040 Thread 0x0000000018052000 35496 %     3       com.android.tools.r8.u.c.J::a @ 390 (1423 bytes)
Event: 3247.081 Thread 0x0000000018052000 nmethod 35496% 0x0000000007f7ad10 code [0x0000000007f7be40, 0x0000000007f89148]

GC Heap History (10 events):
Event: 3059.340 GC heap before
{Heap before GC invocations=48 (full 4):
 PSYoungGen      total 478720K, used 478208K [0x00000000e0000000, 0x0000000100000000, 0x0000000100000000)
  eden space 437248K, 100% used [0x00000000e0000000,0x00000000fab00000,0x00000000fab00000)
  from space 41472K, 98% used [0x00000000fab00000,0x00000000fd300098,0x00000000fd380000)
  to   space 45568K, 0% used [0x00000000fd380000,0x00000000fd380000,0x0000000100000000)
 ParOldGen       total 227328K, used 167558K [0x00000000a0000000, 0x00000000ade00000, 0x00000000e0000000)
  object space 227328K, 73% used [0x00000000a0000000,0x00000000aa3a1a88,0x00000000ade00000)
 Metaspace       used 141768K, capacity 154686K, committed 154880K, reserved 1183744K
  class space    used 18356K, capacity 20663K, committed 20736K, reserved 1048576K
Event: 3059.388 GC heap after
Heap after GC invocations=48 (full 4):
 PSYoungGen      total 469504K, used 31622K [0x00000000e0000000, 0x0000000100000000, 0x0000000100000000)
  eden space 423936K, 0% used [0x00000000e0000000,0x00000000e0000000,0x00000000f9e00000)
  from space 45568K, 69% used [0x00000000fd380000,0x00000000ff2618c8,0x0000000100000000)
  to   space 50176K, 0% used [0x00000000f9e00000,0x00000000f9e00000,0x00000000fcf00000)
 ParOldGen       total 227328K, used 167566K [0x00000000a0000000, 0x00000000ade00000, 0x00000000e0000000)
  object space 227328K, 73% used [0x00000000a0000000,0x00000000aa3a3a88,0x00000000ade00000)
 Metaspace       used 141768K, capacity 154686K, committed 154880K, reserved 1183744K
  class space    used 18356K, capacity 20663K, committed 20736K, reserved 1048576K
}
Event: 3236.741 GC heap before
{Heap before GC invocations=49 (full 4):
 PSYoungGen      total 469504K, used 455558K [0x00000000e0000000, 0x0000000100000000, 0x0000000100000000)
  eden space 423936K, 100% used [0x00000000e0000000,0x00000000f9e00000,0x00000000f9e00000)
  from space 45568K, 69% used [0x00000000fd380000,0x00000000ff2618c8,0x0000000100000000)
  to   space 50176K, 0% used [0x00000000f9e00000,0x00000000f9e00000,0x00000000fcf00000)
 ParOldGen       total 227328K, used 167566K [0x00000000a0000000, 0x00000000ade00000, 0x00000000e0000000)
  object space 227328K, 73% used [0x00000000a0000000,0x00000000aa3a3a88,0x00000000ade00000)
 Metaspace       used 143566K, capacity 156858K, committed 157184K, reserved 1185792K
  class space    used 18570K, capacity 20928K, committed 20992K, reserved 1048576K
Event: 3236.783 GC heap after
Heap after GC invocations=49 (full 4):
 PSYoungGen      total 474112K, used 50149K [0x00000000e0000000, 0x0000000100000000, 0x0000000100000000)
  eden space 423936K, 0% used [0x00000000e0000000,0x00000000e0000000,0x00000000f9e00000)
  from space 50176K, 99% used [0x00000000f9e00000,0x00000000fcef9660,0x00000000fcf00000)
  to   space 50176K, 0% used [0x00000000fcf00000,0x00000000fcf00000,0x0000000100000000)
 ParOldGen       total 227328K, used 170448K [0x00000000a0000000, 0x00000000ade00000, 0x00000000e0000000)
  object space 227328K, 74% used [0x00000000a0000000,0x00000000aa674398,0x00000000ade00000)
 Metaspace       used 143566K, capacity 156858K, committed 157184K, reserved 1185792K
  class space    used 18570K, capacity 20928K, committed 20992K, reserved 1048576K
}
Event: 3244.043 GC heap before
{Heap before GC invocations=50 (full 4):
 PSYoungGen      total 474112K, used 473657K [0x00000000e0000000, 0x0000000100000000, 0x0000000100000000)
  eden space 423936K, 99% used [0x00000000e0000000,0x00000000f9d94fd0,0x00000000f9e00000)
  from space 50176K, 99% used [0x00000000f9e00000,0x00000000fcef9660,0x00000000fcf00000)
  to   space 50176K, 0% used [0x00000000fcf00000,0x00000000fcf00000,0x0000000100000000)
 ParOldGen       total 227328K, used 170448K [0x00000000a0000000, 0x00000000ade00000, 0x00000000e0000000)
  object space 227328K, 74% used [0x00000000a0000000,0x00000000aa674398,0x00000000ade00000)
 Metaspace       used 145640K, capacity 159176K, committed 159232K, reserved 1187840K
  class space    used 18844K, capacity 21245K, committed 21248K, reserved 1048576K
Event: 3244.080 GC heap after
Heap after GC invocations=50 (full 4):
 PSYoungGen      total 439296K, used 50156K [0x00000000e0000000, 0x0000000100000000, 0x0000000100000000)
  eden space 389120K, 0% used [0x00000000e0000000,0x00000000e0000000,0x00000000f7c00000)
  from space 50176K, 99% used [0x00000000fcf00000,0x00000000ffffb2c0,0x0000000100000000)
  to   space 67584K, 0% used [0x00000000f7c00000,0x00000000f7c00000,0x00000000fbe00000)
 ParOldGen       total 227328K, used 177885K [0x00000000a0000000, 0x00000000ade00000, 0x00000000e0000000)
  object space 227328K, 78% used [0x00000000a0000000,0x00000000aadb77f8,0x00000000ade00000)
 Metaspace       used 145640K, capacity 159176K, committed 159232K, reserved 1187840K
  class space    used 18844K, capacity 21245K, committed 21248K, reserved 1048576K
}
Event: 3245.131 GC heap before
{Heap before GC invocations=51 (full 4):
 PSYoungGen      total 439296K, used 238174K [0x00000000e0000000, 0x0000000100000000, 0x0000000100000000)
  eden space 389120K, 48% used [0x00000000e0000000,0x00000000eb79c650,0x00000000f7c00000)
  from space 50176K, 99% used [0x00000000fcf00000,0x00000000ffffb2c0,0x0000000100000000)
  to   space 67584K, 0% used [0x00000000f7c00000,0x00000000f7c00000,0x00000000fbe00000)
 ParOldGen       total 227328K, used 177885K [0x00000000a0000000, 0x00000000ade00000, 0x00000000e0000000)
  object space 227328K, 78% used [0x00000000a0000000,0x00000000aadb77f8,0x00000000ade00000)
 Metaspace       used 150197K, capacity 164148K, committed 164268K, reserved 1191936K
  class space    used 19481K, capacity 21937K, committed 22016K, reserved 1048576K
Event: 3245.189 GC heap after
Heap after GC invocations=51 (full 4):
 PSYoungGen      total 437760K, used 48262K [0x00000000e0000000, 0x0000000100000000, 0x0000000100000000)
  eden space 389120K, 0% used [0x00000000e0000000,0x00000000e0000000,0x00000000f7c00000)
  from space 48640K, 99% used [0x00000000f7c00000,0x00000000fab21b00,0x00000000fab80000)
  to   space 71168K, 0% used [0x00000000fba80000,0x00000000fba80000,0x0000000100000000)
 ParOldGen       total 227328K, used 202406K [0x00000000a0000000, 0x00000000ade00000, 0x00000000e0000000)
  object space 227328K, 89% used [0x00000000a0000000,0x00000000ac5a9830,0x00000000ade00000)
 Metaspace       used 150197K, capacity 164148K, committed 164268K, reserved 1191936K
  class space    used 19481K, capacity 21937K, committed 22016K, reserved 1048576K
}
Event: 3245.189 GC heap before
{Heap before GC invocations=52 (full 5):
 PSYoungGen      total 437760K, used 48262K [0x00000000e0000000, 0x0000000100000000, 0x0000000100000000)
  eden space 389120K, 0% used [0x00000000e0000000,0x00000000e0000000,0x00000000f7c00000)
  from space 48640K, 99% used [0x00000000f7c00000,0x00000000fab21b00,0x00000000fab80000)
  to   space 71168K, 0% used [0x00000000fba80000,0x00000000fba80000,0x0000000100000000)
 ParOldGen       total 227328K, used 202406K [0x00000000a0000000, 0x00000000ade00000, 0x00000000e0000000)
  object space 227328K, 89% used [0x00000000a0000000,0x00000000ac5a9830,0x00000000ade00000)
 Metaspace       used 150197K, capacity 164148K, committed 164268K, reserved 1191936K
  class space    used 19481K, capacity 21937K, committed 22016K, reserved 1048576K
Event: 3245.631 GC heap after
Heap after GC invocations=52 (full 5):
 PSYoungGen      total 437760K, used 0K [0x00000000e0000000, 0x0000000100000000, 0x0000000100000000)
  eden space 389120K, 0% used [0x00000000e0000000,0x00000000e0000000,0x00000000f7c00000)
  from space 48640K, 0% used [0x00000000f7c00000,0x00000000f7c00000,0x00000000fab80000)
  to   space 71168K, 0% used [0x00000000fba80000,0x00000000fba80000,0x0000000100000000)
 ParOldGen       total 322048K, used 131053K [0x00000000a0000000, 0x00000000b3a80000, 0x00000000e0000000)
  object space 322048K, 40% used [0x00000000a0000000,0x00000000a7ffb4b8,0x00000000b3a80000)
 Metaspace       used 146077K, capacity 157104K, committed 164268K, reserved 1191936K
  class space    used 18712K, capacity 20623K, committed 22016K, reserved 1048576K
}

Deoptimization events (10 events):
Event: 3246.577 Thread 0x000000001d1a1000 Uncommon trap: reason=class_check action=maybe_recompile pc=0x0000000007c2d910 method=com.android.tools.build.apkzlib.zip.CentralDirectoryHeader.getCompressionInfoWithWait()Lcom/android/tools/build/apkzlib/zip/CentralDirectoryHeaderCompressInfo; @ 4
Event: 3246.582 Thread 0x0000000019d5a800 Uncommon trap: reason=class_check action=maybe_recompile pc=0x0000000007e610cc method=com.android.tools.r8.u.a.h.e.b(Lcom/android/tools/r8/u/b/d0;)V @ 226
Event: 3246.582 Thread 0x0000000019d5a800 Uncommon trap: reason=class_check action=maybe_recompile pc=0x0000000007e610cc method=com.android.tools.r8.u.a.h.e.b(Lcom/android/tools/r8/u/b/d0;)V @ 226
Event: 3246.582 Thread 0x0000000019d5a800 Uncommon trap: reason=class_check action=maybe_recompile pc=0x0000000007e610cc method=com.android.tools.r8.u.a.h.e.b(Lcom/android/tools/r8/u/b/d0;)V @ 226
Event: 3246.582 Thread 0x0000000019d5a800 Uncommon trap: reason=class_check action=maybe_recompile pc=0x0000000007e610cc method=com.android.tools.r8.u.a.h.e.b(Lcom/android/tools/r8/u/b/d0;)V @ 226
Event: 3246.600 Thread 0x000000001d1a1000 Uncommon trap: reason=class_check action=maybe_recompile pc=0x0000000007c2d910 method=com.android.tools.build.apkzlib.zip.CentralDirectoryHeader.getCompressionInfoWithWait()Lcom/android/tools/build/apkzlib/zip/CentralDirectoryHeaderCompressInfo; @ 4
Event: 3246.681 Thread 0x0000000022e72000 Uncommon trap: reason=unstable_if action=reinterpret pc=0x0000000007c6fc1c method=com.android.tools.r8.graph.f0.equals(Ljava/lang/Object;)Z @ 28
Event: 3246.813 Thread 0x0000000022e6d800 Uncommon trap: reason=null_check action=make_not_entrant pc=0x0000000007b34d90 method=com.android.tools.r8.graph.d0.computeEquals(Ljava/lang/Object;)Z @ 1
Event: 3246.931 Thread 0x000000001d297800 Uncommon trap: reason=unstable_if action=reinterpret pc=0x0000000007e843c8 method=com.android.tools.r8.ir.optimize.I.a(Lcom/android/tools/r8/u/b/d0;)Z @ 149
Event: 3247.059 Thread 0x000000001d295800 Uncommon trap: reason=unstable_if action=reinterpret pc=0x000000000568ce68 method=java.util.concurrent.ConcurrentHashMap.putVal(Ljava/lang/Object;Ljava/lang/Object;Z)Ljava/lang/Object; @ 152

Classes redefined (0 events):
No events

Internal exceptions (10 events):
Event: 3245.806 Thread 0x000000001d297800 Exception <a 'sun/nio/fs/WindowsException'> (0x00000000e14de0a0) thrown at [D:\src\AOSP-openjdk-cygwin\jdk8u\hotspot\src\share\vm\prims\jni.cpp, line 710]
Event: 3245.971 Thread 0x000000001d295800 Exception <a 'sun/nio/fs/WindowsException'> (0x00000000e2ae1e08) thrown at [D:\src\AOSP-openjdk-cygwin\jdk8u\hotspot\src\share\vm\prims\jni.cpp, line 710]
Event: 3246.024 Thread 0x000000001d295800 Exception <a 'sun/nio/fs/WindowsException'> (0x00000000e2f64070) thrown at [D:\src\AOSP-openjdk-cygwin\jdk8u\hotspot\src\share\vm\prims\jni.cpp, line 710]
Event: 3246.245 Thread 0x000000001d297800 Exception <a 'sun/nio/fs/WindowsException'> (0x00000000e57daff8) thrown at [D:\src\AOSP-openjdk-cygwin\jdk8u\hotspot\src\share\vm\prims\jni.cpp, line 710]
Event: 3246.572 Thread 0x000000001d1a1000 Implicit null exception at 0x000000000723f870 to 0x000000000723f880
Event: 3246.713 Thread 0x0000000022e72000 Exception <a 'sun/nio/fs/WindowsException'> (0x00000000ec7ca300) thrown at [D:\src\AOSP-openjdk-cygwin\jdk8u\hotspot\src\share\vm\prims\jni.cpp, line 710]
Event: 3246.813 Thread 0x0000000022e6d800 Implicit null exception at 0x0000000007b34c0f to 0x0000000007b34d81
Event: 3246.841 Thread 0x0000000022e6d800 Exception <a 'sun/nio/fs/WindowsException'> (0x00000000eee3b430) thrown at [D:\src\AOSP-openjdk-cygwin\jdk8u\hotspot\src\share\vm\prims\jni.cpp, line 710]
Event: 3246.842 Thread 0x000000001d298800 Exception <a 'sun/nio/fs/WindowsException'> (0x00000000ee7ff828) thrown at [D:\src\AOSP-openjdk-cygwin\jdk8u\hotspot\src\share\vm\prims\jni.cpp, line 710]
Event: 3246.936 Thread 0x000000001d295800 Exception <a 'sun/nio/fs/WindowsException'> (0x00000000f123a6a0) thrown at [D:\src\AOSP-openjdk-cygwin\jdk8u\hotspot\src\share\vm\prims\jni.cpp, line 710]

Events (10 events):
Event: 3247.072 loading class com/android/tools/r8/v/a/a/a/h/d0
Event: 3247.072 loading class com/android/tools/r8/v/a/a/a/h/d0 done
Event: 3247.072 loading class com/android/tools/r8/v/a/a/a/h/d0
Event: 3247.072 loading class com/android/tools/r8/v/a/a/a/h/d0 done
Event: 3247.073 loading class com/android/tools/r8/u/b/T
Event: 3247.073 loading class com/android/tools/r8/u/b/T done
Event: 3247.073 loading class com/android/tools/r8/v/a/a/a/h/d0
Event: 3247.073 loading class com/android/tools/r8/v/a/a/a/h/d0 done
Event: 3247.073 loading class com/android/tools/r8/ir/optimize/r
Event: 3247.073 loading class com/android/tools/r8/ir/optimize/r done


Dynamic libraries:
0x00007ff624e00000 - 0x00007ff624e31000 	C:\Program Files\Android\Android Studio\jre\bin\java.exe
0x00007ffa974a0000 - 0x00007ffa97690000 	C:\WINDOWS\SYSTEM32\ntdll.dll
0x00007ffa95d90000 - 0x00007ffa95e42000 	C:\WINDOWS\System32\KERNEL32.DLL
0x00007ffa94d00000 - 0x00007ffa94fa3000 	C:\WINDOWS\System32\KERNELBASE.dll
0x00007ffa96870000 - 0x00007ffa96913000 	C:\WINDOWS\System32\ADVAPI32.dll
0x00007ffa95cf0000 - 0x00007ffa95d8e000 	C:\WINDOWS\System32\msvcrt.dll
0x00007ffa96980000 - 0x00007ffa96a17000 	C:\WINDOWS\System32\sechost.dll
0x00007ffa96a40000 - 0x00007ffa96b60000 	C:\WINDOWS\System32\RPCRT4.dll
0x00007ffa95830000 - 0x00007ffa959c4000 	C:\WINDOWS\System32\USER32.dll
0x00007ffa94fb0000 - 0x00007ffa94fd1000 	C:\WINDOWS\System32\win32u.dll
0x00007ffa959d0000 - 0x00007ffa959f6000 	C:\WINDOWS\System32\GDI32.dll
0x00007ffa94fe0000 - 0x00007ffa95174000 	C:\WINDOWS\System32\gdi32full.dll
0x00007ffa95280000 - 0x00007ffa9531e000 	C:\WINDOWS\System32\msvcp_win.dll
0x00007ffa95180000 - 0x00007ffa9527a000 	C:\WINDOWS\System32\ucrtbase.dll
0x00007ffa78f20000 - 0x00007ffa791a5000 	C:\WINDOWS\WinSxS\amd64_microsoft.windows.common-controls_6595b64144ccf1df_6.0.18362.719_none_e6c7b883130c6729\COMCTL32.dll
0x00007ffa96470000 - 0x00007ffa967a6000 	C:\WINDOWS\System32\combase.dll
0x00007ffa95320000 - 0x00007ffa953a0000 	C:\WINDOWS\System32\bcryptPrimitives.dll
0x00007ffa95a00000 - 0x00007ffa95a2e000 	C:\WINDOWS\System32\IMM32.DLL
0x000000006b410000 - 0x000000006b4e2000 	C:\Program Files\Android\Android Studio\jre\jre\bin\msvcr100.dll
0x000000006b5d0000 - 0x000000006be16000 	C:\Program Files\Android\Android Studio\jre\jre\bin\server\jvm.dll
0x00007ffa95c70000 - 0x00007ffa95c78000 	C:\WINDOWS\System32\PSAPI.DLL
0x00007ffa7bdc0000 - 0x00007ffa7bdc9000 	C:\WINDOWS\SYSTEM32\WSOCK32.dll
0x00007ffa8c7b0000 - 0x00007ffa8c7ba000 	C:\WINDOWS\SYSTEM32\VERSION.dll
0x00007ffa90ec0000 - 0x00007ffa90ee4000 	C:\WINDOWS\SYSTEM32\WINMM.dll
0x00007ffa95e50000 - 0x00007ffa95ebf000 	C:\WINDOWS\System32\WS2_32.dll
0x00007ffa90c30000 - 0x00007ffa90c5d000 	C:\WINDOWS\SYSTEM32\WINMMBASE.dll
0x00007ffa954d0000 - 0x00007ffa9551a000 	C:\WINDOWS\System32\cfgmgr32.dll
0x00007ffa8cb00000 - 0x00007ffa8cb0f000 	C:\Program Files\Android\Android Studio\jre\jre\bin\verify.dll
0x00007ffa749b0000 - 0x00007ffa749d9000 	C:\Program Files\Android\Android Studio\jre\jre\bin\java.dll
0x00007ffa82100000 - 0x00007ffa82116000 	C:\Program Files\Android\Android Studio\jre\jre\bin\zip.dll
0x00007ffa96c40000 - 0x00007ffa97325000 	C:\WINDOWS\System32\SHELL32.dll
0x00007ffa967b0000 - 0x00007ffa96859000 	C:\WINDOWS\System32\shcore.dll
0x00007ffa94580000 - 0x00007ffa94d00000 	C:\WINDOWS\System32\windows.storage.dll
0x00007ffa943e0000 - 0x00007ffa94403000 	C:\WINDOWS\System32\profapi.dll
0x00007ffa94390000 - 0x00007ffa943da000 	C:\WINDOWS\System32\powrprof.dll
0x00007ffa94360000 - 0x00007ffa94370000 	C:\WINDOWS\System32\UMPDC.dll
0x00007ffa97330000 - 0x00007ffa97382000 	C:\WINDOWS\System32\shlwapi.dll
0x00007ffa94410000 - 0x00007ffa94421000 	C:\WINDOWS\System32\kernel.appcore.dll
0x00007ffa95400000 - 0x00007ffa95417000 	C:\WINDOWS\System32\cryptsp.dll
0x00007ffa74930000 - 0x00007ffa7494a000 	C:\Program Files\Android\Android Studio\jre\jre\bin\net.dll
0x00007ffa84b10000 - 0x00007ffa84ce5000 	C:\WINDOWS\SYSTEM32\urlmon.dll
0x00007ffa85e10000 - 0x00007ffa860b6000 	C:\WINDOWS\SYSTEM32\iertutil.dll
0x00007ffa93ca0000 - 0x00007ffa93cac000 	C:\WINDOWS\SYSTEM32\CRYPTBASE.DLL
0x00007ffa93b20000 - 0x00007ffa93b87000 	C:\WINDOWS\system32\mswsock.dll
0x00007ffa74910000 - 0x00007ffa74923000 	C:\Program Files\Android\Android Studio\jre\jre\bin\nio.dll
0x00007ffa8e130000 - 0x00007ffa8e156000 	C:\Users\dream\.gradle\native\30\windows-amd64\native-platform.dll
0x00007ffa8cae0000 - 0x00007ffa8caed000 	C:\Program Files\Android\Android Studio\jre\jre\bin\management.dll
0x00007ffa936a0000 - 0x00007ffa936d3000 	C:\WINDOWS\system32\rsaenh.dll
0x00007ffa95520000 - 0x00007ffa95546000 	C:\WINDOWS\System32\bcrypt.dll
0x00007ffa94280000 - 0x00007ffa942a5000 	C:\WINDOWS\SYSTEM32\USERENV.dll
0x00007ffa93840000 - 0x00007ffa9387a000 	C:\WINDOWS\SYSTEM32\IPHLPAPI.DLL
0x00007ffa95a30000 - 0x00007ffa95a38000 	C:\WINDOWS\System32\NSI.dll
0x00007ffa8b6d0000 - 0x00007ffa8b6e6000 	C:\WINDOWS\SYSTEM32\dhcpcsvc6.DLL
0x00007ffa8b6b0000 - 0x00007ffa8b6cc000 	C:\WINDOWS\SYSTEM32\dhcpcsvc.DLL
0x00007ffa93890000 - 0x00007ffa9395a000 	C:\WINDOWS\SYSTEM32\DNSAPI.dll
0x00007ffa65920000 - 0x00007ffa65944000 	C:\Program Files\Android\Android Studio\jre\jre\bin\sunec.dll
0x00007ffa87160000 - 0x00007ffa8716a000 	C:\Windows\System32\rasadhlp.dll
0x00007ffa87290000 - 0x00007ffa87307000 	C:\WINDOWS\System32\fwpuclnt.dll
0x00007ffa820c0000 - 0x00007ffa820cb000 	C:\Program Files\Android\Android Studio\jre\jre\bin\sunmscapi.dll
0x00007ffa94430000 - 0x00007ffa94579000 	C:\WINDOWS\System32\CRYPT32.dll
0x00007ffa94370000 - 0x00007ffa94382000 	C:\WINDOWS\System32\MSASN1.dll
0x00007ffa93380000 - 0x00007ffa933b1000 	C:\WINDOWS\SYSTEM32\ntmarta.dll
0x00007ffa919c0000 - 0x00007ffa919de000 	C:\Users\dream\AppData\Local\Temp\native-platform2956100512868853607dir\native-platform.dll

VM Arguments:
jvm_args: -Xmx1536m -Dfile.encoding=windows-1252 -Duser.country=US -Duser.language=en -Duser.variant 
java_command: org.gradle.launcher.daemon.bootstrap.GradleDaemon 5.6.4
java_class_path (initial): C:\Users\dream\.gradle\wrapper\dists\gradle-5.6.4-all\ankdp27end7byghfw1q2sw75f\gradle-5.6.4\lib\gradle-launcher-5.6.4.jar
Launcher Type: SUN_STANDARD

Environment Variables:
PATH=C:\Program Files (x86)\Intel\Intel(R) Management Engine Components\iCLS\;C:\Program Files\Intel\Intel(R) Management Engine Components\iCLS\;C:\WINDOWS\system32;C:\WINDOWS;C:\WINDOWS\System32\Wbem;C:\WINDOWS\System32\WindowsPowerShell\v1.0\;C:\WINDOWS\System32\OpenSSH\;C:\Program Files (x86)\Intel\Intel(R) Management Engine Components\DAL;C:\Program Files\Intel\Intel(R) Management Engine Components\DAL;C:\Program Files (x86)\Intel\Intel(R) Management Engine Components\IPT;C:\Program Files\Intel\Intel(R) Management Engine Components\IPT;C:\Program Files\Git\cmd;C:\Users\dream\AppData\Local\Microsoft\WindowsApps;C:\Users\dream\AppData\Local\Programs\Microsoft VS Code\bin
USERNAME=dream
OS=Windows_NT
PROCESSOR_IDENTIFIER=Intel64 Family 6 Model 142 Stepping 10, GenuineIntel



---------------  S Y S T E M  ---------------

OS: Windows 10.0 , 64 bit Build 18362 (10.0.18362.329)

CPU:total 8 (initial active 8) (4 cores per cpu, 2 threads per core) family 6 model 142 stepping 10, cmov, cx8, fxsr, mmx, sse, sse2, sse3, ssse3, sse4.1, sse4.2, popcnt, avx, avx2, aes, clmul, erms, 3dnowpref, lzcnt, ht, tsc, tscinvbit, bmi1, bmi2, adx

Memory: 4k page, physical 8227540k(446056k free), swap 8227540k(5472k free)

vm_info: OpenJDK 64-Bit Server VM (25.212-b04) for windows-amd64 JRE (1.8.0_212-release-1586-b04), built by "builder" with MS VC++ 10.0 (VS2010)

time: Tue Mar 17 13:37:53 2020
timezone: SE Asia Standard Time
elapsed time: 3247 seconds (0d 0h 54m 7s)

