#
# There is insufficient memory for the Java Runtime Environment to continue.
# Native memory allocation (malloc) failed to allocate 2327376 bytes for Chunk::new
# Possible reasons:
#   The system is out of physical RAM or swap space
#   The process is running with CompressedOops enabled, and the Java Heap may be blocking the growth of the native heap
# Possible solutions:
#   Reduce memory load on the system
#   Increase physical memory or swap space
#   Check if swap backing store is full
#   Decrease Java heap size (-Xmx/-Xms)
#   Decrease number of Java threads
#   Decrease Java thread stack sizes (-Xss)
#   Set larger code cache with -XX:ReservedCodeCacheSize=
#   JVM is running with Unscaled Compressed Oops mode in which the Java heap is
#     placed in the first 4GB address space. The Java Heap base address is the
#     maximum limit for the native heap growth. Please use -XX:HeapBaseMinAddress
#     to set the Java Heap base and to place the Java Heap above 4GB virtual address.
# This output file may be truncated or incomplete.
#
#  Out of Memory Error (allocation.cpp:389), pid=5708, tid=0x000000000000331c
#
# JRE version: OpenJDK Runtime Environment (8.0_212-b04) (build 1.8.0_212-release-1586-b04)
# Java VM: OpenJDK 64-Bit Server VM (25.212-b04 mixed mode windows-amd64 compressed oops)
# Failed to write core dump. Minidumps are not enabled by default on client versions of Windows
#

---------------  T H R E A D  ---------------

Current thread (0x0000000018052800):  JavaThread "C2 CompilerThread2" daemon [_thread_in_native, id=13084, stack(0x0000000018b20000,0x0000000018c20000)]

Stack: [0x0000000018b20000,0x0000000018c20000]
[error occurred during error reporting (printing stack bounds), id 0xc0000005]

Native frames: (J=compiled Java code, j=interpreted, Vv=VM code, C=native code)


Current CompileTask:
C2:   3147 1390       4       java.net.URLClassLoader$1::run (5 bytes)


---------------  P R O C E S S  ---------------

Java Threads: ( => current thread )
  0x000000001a347800 JavaThread "Cache worker for journal cache (C:\Users\dream\.gradle\caches\journal-1)" [_thread_blocked, id=13764, stack(0x000000001cc40000,0x000000001cd40000)]
  0x000000001a349000 JavaThread "File lock request listener" [_thread_in_native, id=3280, stack(0x000000001cb40000,0x000000001cc40000)]
  0x000000001a2f2800 JavaThread "Cache worker for file hash cache (C:\Users\dream\.gradle\caches\5.6.4\fileHashes)" [_thread_blocked, id=7964, stack(0x000000001ca40000,0x000000001cb40000)]
  0x000000001aa76800 JavaThread "Thread-9" [_thread_blocked, id=572, stack(0x000000001c940000,0x000000001ca40000)]
  0x000000001aa7b800 JavaThread "Stdin handler" [_thread_blocked, id=10148, stack(0x000000001c840000,0x000000001c940000)]
  0x000000001aa7b000 JavaThread "Asynchronous log dispatcher for DefaultDaemonConnection: socket connection from /127.0.0.1:51526 to /127.0.0.1:51527" [_thread_blocked, id=7476, stack(0x000000001c640000,0x000000001c740000)]
  0x000000001aa77800 JavaThread "Daemon worker" [_thread_in_native, id=11132, stack(0x000000001c540000,0x000000001c640000)]
  0x000000001aa6d000 JavaThread "Cancel handler" [_thread_blocked, id=3496, stack(0x000000001c440000,0x000000001c540000)]
  0x000000001aa4e800 JavaThread "Handler for socket connection from /127.0.0.1:51526 to /127.0.0.1:51527" [_thread_in_native, id=3144, stack(0x000000001c140000,0x000000001c240000)]
  0x000000001aa4a000 JavaThread "Daemon" [_thread_blocked, id=6988, stack(0x000000001c040000,0x000000001c140000)]
  0x000000001a9da800 JavaThread "Daemon periodic checks" [_thread_blocked, id=14888, stack(0x000000001bf40000,0x000000001c040000)]
  0x000000001a9d2800 JavaThread "Incoming local TCP Connector on port 51526" [_thread_in_native, id=16456, stack(0x000000001bd00000,0x000000001be00000)]
  0x000000001817c000 JavaThread "Daemon health stats" [_thread_blocked, id=7264, stack(0x000000001b6c0000,0x000000001b7c0000)]
  0x0000000018079800 JavaThread "Service Thread" daemon [_thread_blocked, id=12064, stack(0x0000000018d20000,0x0000000018e20000)]
  0x000000001805b000 JavaThread "C1 CompilerThread3" daemon [_thread_blocked, id=2100, stack(0x0000000018c20000,0x0000000018d20000)]
=>0x0000000018052800 JavaThread "C2 CompilerThread2" daemon [_thread_in_native, id=13084, stack(0x0000000018b20000,0x0000000018c20000)]
  0x000000001804f800 JavaThread "C2 CompilerThread1" daemon [_thread_in_native, id=13348, stack(0x0000000018a20000,0x0000000018b20000)]
  0x000000001804c000 JavaThread "C2 CompilerThread0" daemon [_thread_in_native, id=2980, stack(0x0000000018920000,0x0000000018a20000)]
  0x000000001804b000 JavaThread "Attach Listener" daemon [_thread_blocked, id=8532, stack(0x0000000018820000,0x0000000018920000)]
  0x0000000018055800 JavaThread "Signal Dispatcher" daemon [_thread_blocked, id=10900, stack(0x0000000018720000,0x0000000018820000)]
  0x000000000245e000 JavaThread "Finalizer" daemon [_thread_blocked, id=15984, stack(0x0000000018520000,0x0000000018620000)]
  0x0000000002455000 JavaThread "Reference Handler" daemon [_thread_blocked, id=15216, stack(0x0000000018420000,0x0000000018520000)]
  0x000000000235d800 JavaThread "main" [_thread_blocked, id=15044, stack(0x0000000002170000,0x0000000002270000)]

Other Threads:
  0x0000000016218000 VMThread [stack: 0x0000000017f20000,0x0000000018020000] [id=6212]
  0x000000001807a000 WatcherThread [stack: 0x0000000018e20000,0x0000000018f20000] [id=10244]

VM state:not at safepoint (normal execution)

VM Mutex/Monitor currently owned by a thread: None

heap address: 0x00000000a0000000, size: 1536 MB, Compressed Oops mode: 32-bit
Narrow klass base: 0x0000000000000000, Narrow klass shift: 3
Compressed class space size: 1073741824 Address: 0x0000000100000000

Heap:
 PSYoungGen      total 70656K, used 23494K [0x00000000e0000000, 0x00000000e4a00000, 0x0000000100000000)
  eden space 65536K, 28% used [0x00000000e0000000,0x00000000e11f5aa0,0x00000000e4000000)
  from space 5120K, 99% used [0x00000000e4500000,0x00000000e49fc030,0x00000000e4a00000)
  to   space 5120K, 0% used [0x00000000e4000000,0x00000000e4000000,0x00000000e4500000)
 ParOldGen       total 86016K, used 3842K [0x00000000a0000000, 0x00000000a5400000, 0x00000000e0000000)
  object space 86016K, 4% used [0x00000000a0000000,0x00000000a03c09b8,0x00000000a5400000)
 Metaspace       used 16517K, capacity 17006K, committed 17152K, reserved 1064960K
  class space    used 2335K, capacity 2499K, committed 2560K, reserved 1048576K

Card table byte_map: [0x0000000011820000,0x0000000011b30000] byte_map_base: 0x0000000011320000

Marking Bits: (ParMarkBitMap*) 0x00000000770b9f30
 Begin Bits: [0x0000000012530000, 0x0000000013d30000)
 End Bits:   [0x0000000013d30000, 0x0000000015530000)

Polling page: 0x0000000002270000

CodeCache: size=245760Kb used=5291Kb max_used=5304Kb free=240468Kb
 bounds [0x0000000002460000, 0x00000000029a0000, 0x0000000011460000]
 total_blobs=1938 nmethods=1539 adapters=312
 compilation: enabled

Compilation events (10 events):
Event: 3.109 Thread 0x000000001805b000 1540       3       com.google.common.base.Preconditions::checkPositionIndex (8 bytes)
Event: 3.109 Thread 0x000000001805b000 nmethod 1540 0x00000000029835d0 code [0x0000000002983760, 0x0000000002983a58]
Event: 3.109 Thread 0x000000001805b000 1541       3       com.google.common.base.Preconditions::checkPositionIndex (25 bytes)
Event: 3.109 Thread 0x000000001805b000 nmethod 1541 0x00000000029830d0 code [0x0000000002983240, 0x00000000029834d8]
Event: 3.126 Thread 0x000000001805b000 1542       3       java.lang.StringBuilder::append (10 bytes)
Event: 3.126 Thread 0x000000001805b000 nmethod 1542 0x0000000002982ad0 code [0x0000000002982c40, 0x0000000002982dc8]
Event: 3.128 Thread 0x000000001804f800 nmethod 1530 0x000000000298e750 code [0x000000000298e920, 0x000000000298fea8]
Event: 3.128 Thread 0x000000001804f800 1539       4       java.lang.Object::equals (11 bytes)
Event: 3.128 Thread 0x000000001804f800 nmethod 1539 0x00000000029828d0 code [0x0000000002982a00, 0x0000000002982a78]
Event: 3.138 Thread 0x000000001804f800 1543   !   4       java.util.concurrent.ConcurrentHashMap::putVal (362 bytes)

GC Heap History (8 events):
Event: 0.796 GC heap before
{Heap before GC invocations=1 (full 0):
 PSYoungGen      total 37888K, used 32768K [0x00000000e0000000, 0x00000000e2a00000, 0x0000000100000000)
  eden space 32768K, 100% used [0x00000000e0000000,0x00000000e2000000,0x00000000e2000000)
  from space 5120K, 0% used [0x00000000e2500000,0x00000000e2500000,0x00000000e2a00000)
  to   space 5120K, 0% used [0x00000000e2000000,0x00000000e2000000,0x00000000e2500000)
 ParOldGen       total 86016K, used 0K [0x00000000a0000000, 0x00000000a5400000, 0x00000000e0000000)
  object space 86016K, 0% used [0x00000000a0000000,0x00000000a0000000,0x00000000a5400000)
 Metaspace       used 6690K, capacity 6896K, committed 7040K, reserved 1056768K
  class space    used 817K, capacity 876K, committed 896K, reserved 1048576K
Event: 0.801 GC heap after
Heap after GC invocations=1 (full 0):
 PSYoungGen      total 37888K, used 4232K [0x00000000e0000000, 0x00000000e2a00000, 0x0000000100000000)
  eden space 32768K, 0% used [0x00000000e0000000,0x00000000e0000000,0x00000000e2000000)
  from space 5120K, 82% used [0x00000000e2000000,0x00000000e2422240,0x00000000e2500000)
  to   space 5120K, 0% used [0x00000000e2500000,0x00000000e2500000,0x00000000e2a00000)
 ParOldGen       total 86016K, used 8K [0x00000000a0000000, 0x00000000a5400000, 0x00000000e0000000)
  object space 86016K, 0% used [0x00000000a0000000,0x00000000a0002000,0x00000000a5400000)
 Metaspace       used 6690K, capacity 6896K, committed 7040K, reserved 1056768K
  class space    used 817K, capacity 876K, committed 896K, reserved 1048576K
}
Event: 1.068 GC heap before
{Heap before GC invocations=2 (full 0):
 PSYoungGen      total 37888K, used 37000K [0x00000000e0000000, 0x00000000e2a00000, 0x0000000100000000)
  eden space 32768K, 100% used [0x00000000e0000000,0x00000000e2000000,0x00000000e2000000)
  from space 5120K, 82% used [0x00000000e2000000,0x00000000e2422240,0x00000000e2500000)
  to   space 5120K, 0% used [0x00000000e2500000,0x00000000e2500000,0x00000000e2a00000)
 ParOldGen       total 86016K, used 8K [0x00000000a0000000, 0x00000000a5400000, 0x00000000e0000000)
  object space 86016K, 0% used [0x00000000a0000000,0x00000000a0002000,0x00000000a5400000)
 Metaspace       used 7018K, capacity 7210K, committed 7424K, reserved 1056768K
  class space    used 866K, capacity 917K, committed 1024K, reserved 1048576K
Event: 1.072 GC heap after
Heap after GC invocations=2 (full 0):
 PSYoungGen      total 37888K, used 3361K [0x00000000e0000000, 0x00000000e2a00000, 0x0000000100000000)
  eden space 32768K, 0% used [0x00000000e0000000,0x00000000e0000000,0x00000000e2000000)
  from space 5120K, 65% used [0x00000000e2500000,0x00000000e2848510,0x00000000e2a00000)
  to   space 5120K, 0% used [0x00000000e2000000,0x00000000e2000000,0x00000000e2500000)
 ParOldGen       total 86016K, used 16K [0x00000000a0000000, 0x00000000a5400000, 0x00000000e0000000)
  object space 86016K, 0% used [0x00000000a0000000,0x00000000a0004000,0x00000000a5400000)
 Metaspace       used 7018K, capacity 7210K, committed 7424K, reserved 1056768K
  class space    used 866K, capacity 917K, committed 1024K, reserved 1048576K
}
Event: 2.415 GC heap before
{Heap before GC invocations=3 (full 0):
 PSYoungGen      total 37888K, used 36129K [0x00000000e0000000, 0x00000000e2a00000, 0x0000000100000000)
  eden space 32768K, 100% used [0x00000000e0000000,0x00000000e2000000,0x00000000e2000000)
  from space 5120K, 65% used [0x00000000e2500000,0x00000000e2848510,0x00000000e2a00000)
  to   space 5120K, 0% used [0x00000000e2000000,0x00000000e2000000,0x00000000e2500000)
 ParOldGen       total 86016K, used 16K [0x00000000a0000000, 0x00000000a5400000, 0x00000000e0000000)
  object space 86016K, 0% used [0x00000000a0000000,0x00000000a0004000,0x00000000a5400000)
 Metaspace       used 12306K, capacity 12698K, committed 12928K, reserved 1060864K
  class space    used 1654K, capacity 1803K, committed 1920K, reserved 1048576K
Event: 2.434 GC heap after
Heap after GC invocations=3 (full 0):
 PSYoungGen      total 37888K, used 5120K [0x00000000e0000000, 0x00000000e4a00000, 0x0000000100000000)
  eden space 32768K, 0% used [0x00000000e0000000,0x00000000e0000000,0x00000000e2000000)
  from space 5120K, 100% used [0x00000000e2000000,0x00000000e2500000,0x00000000e2500000)
  to   space 5120K, 0% used [0x00000000e4500000,0x00000000e4500000,0x00000000e4a00000)
 ParOldGen       total 86016K, used 1398K [0x00000000a0000000, 0x00000000a5400000, 0x00000000e0000000)
  object space 86016K, 1% used [0x00000000a0000000,0x00000000a015da10,0x00000000a5400000)
 Metaspace       used 12306K, capacity 12698K, committed 12928K, reserved 1060864K
  class space    used 1654K, capacity 1803K, committed 1920K, reserved 1048576K
}
Event: 2.877 GC heap before
{Heap before GC invocations=4 (full 0):
 PSYoungGen      total 37888K, used 37888K [0x00000000e0000000, 0x00000000e4a00000, 0x0000000100000000)
  eden space 32768K, 100% used [0x00000000e0000000,0x00000000e2000000,0x00000000e2000000)
  from space 5120K, 100% used [0x00000000e2000000,0x00000000e2500000,0x00000000e2500000)
  to   space 5120K, 0% used [0x00000000e4500000,0x00000000e4500000,0x00000000e4a00000)
 ParOldGen       total 86016K, used 1398K [0x00000000a0000000, 0x00000000a5400000, 0x00000000e0000000)
  object space 86016K, 1% used [0x00000000a0000000,0x00000000a015da10,0x00000000a5400000)
 Metaspace       used 14602K, capacity 14982K, committed 15232K, reserved 1062912K
  class space    used 2045K, capacity 2161K, committed 2176K, reserved 1048576K
Event: 2.885 GC heap after
Heap after GC invocations=4 (full 0):
 PSYoungGen      total 70656K, used 5104K [0x00000000e0000000, 0x00000000e4a00000, 0x0000000100000000)
  eden space 65536K, 0% used [0x00000000e0000000,0x00000000e0000000,0x00000000e4000000)
  from space 5120K, 99% used [0x00000000e4500000,0x00000000e49fc030,0x00000000e4a00000)
  to   space 5120K, 0% used [0x00000000e4000000,0x00000000e4000000,0x00000000e4500000)
 ParOldGen       total 86016K, used 3842K [0x00000000a0000000, 0x00000000a5400000, 0x00000000e0000000)
  object space 86016K, 4% used [0x00000000a0000000,0x00000000a03c09b8,0x00000000a5400000)
 Metaspace       used 14602K, capacity 14982K, committed 15232K, reserved 1062912K
  class space    used 2045K, capacity 2161K, committed 2176K, reserved 1048576K
}

Deoptimization events (10 events):
Event: 2.241 Thread 0x000000001aa4e800 Uncommon trap: reason=unstable_if action=reinterpret pc=0x000000000282b4f0 method=java.util.concurrent.ConcurrentHashMap.putVal(Ljava/lang/Object;Ljava/lang/Object;Z)Ljava/lang/Object; @ 206
Event: 2.307 Thread 0x000000001aa77800 Uncommon trap: reason=bimorphic action=maybe_recompile pc=0x00000000026b79cc method=java.util.HashMap.putVal(ILjava/lang/Object;Ljava/lang/Object;ZZ)Ljava/lang/Object; @ 253
Event: 2.307 Thread 0x000000001aa77800 Uncommon trap: reason=bimorphic action=maybe_recompile pc=0x00000000026b79cc method=java.util.HashMap.putVal(ILjava/lang/Object;Ljava/lang/Object;ZZ)Ljava/lang/Object; @ 253
Event: 2.307 Thread 0x000000001aa77800 Uncommon trap: reason=bimorphic action=maybe_recompile pc=0x00000000026b79cc method=java.util.HashMap.putVal(ILjava/lang/Object;Ljava/lang/Object;ZZ)Ljava/lang/Object; @ 253
Event: 2.698 Thread 0x000000001aa77800 Uncommon trap: reason=class_check action=maybe_recompile pc=0x000000000272cc98 method=java.util.regex.Matcher.match(II)Z @ 86
Event: 2.712 Thread 0x000000001aa77800 Uncommon trap: reason=class_check action=maybe_recompile pc=0x000000000272cc98 method=java.util.regex.Matcher.match(II)Z @ 86
Event: 2.713 Thread 0x000000001aa77800 Uncommon trap: reason=class_check action=maybe_recompile pc=0x000000000272cc98 method=java.util.regex.Matcher.match(II)Z @ 86
Event: 2.713 Thread 0x000000001aa77800 Uncommon trap: reason=class_check action=maybe_recompile pc=0x00000000025d065c method=java.util.regex.Matcher.match(II)Z @ 86
Event: 2.996 Thread 0x000000001aa77800 Uncommon trap: reason=unstable_if action=reinterpret pc=0x00000000028c59b4 method=java.lang.String.lastIndexOf([CII[CIII)I @ 66
Event: 3.094 Thread 0x000000001aa77800 Uncommon trap: reason=unstable_if action=reinterpret pc=0x00000000028ca42c method=java.util.HashMap.putVal(ILjava/lang/Object;Ljava/lang/Object;ZZ)Ljava/lang/Object; @ 236

Classes redefined (0 events):
No events

Internal exceptions (10 events):
Event: 2.256 Thread 0x000000001aa4e800 Exception <a 'java/lang/NoSuchMethodError': <clinit>> (0x00000000e18d45c0) thrown at [D:\src\AOSP-openjdk-cygwin\jdk8u\hotspot\src\share\vm\prims\jni.cpp, line 1614]
Event: 2.257 Thread 0x000000001aa4e800 Exception <a 'java/lang/NoSuchMethodError': <clinit>> (0x00000000e18dd250) thrown at [D:\src\AOSP-openjdk-cygwin\jdk8u\hotspot\src\share\vm\prims\jni.cpp, line 1614]
Event: 2.259 Thread 0x000000001aa4e800 Exception <a 'java/lang/NoSuchMethodError': <clinit>> (0x00000000e18f3910) thrown at [D:\src\AOSP-openjdk-cygwin\jdk8u\hotspot\src\share\vm\prims\jni.cpp, line 1614]
Event: 2.267 Thread 0x000000001aa4e800 Exception <a 'java/lang/NoSuchMethodError': <clinit>> (0x00000000e1951e30) thrown at [D:\src\AOSP-openjdk-cygwin\jdk8u\hotspot\src\share\vm\prims\jni.cpp, line 1614]
Event: 2.271 Thread 0x000000001aa4e800 Exception <a 'java/lang/NoSuchMethodError': <clinit>> (0x00000000e197eb50) thrown at [D:\src\AOSP-openjdk-cygwin\jdk8u\hotspot\src\share\vm\prims\jni.cpp, line 1614]
Event: 2.276 Thread 0x000000001aa4e800 Exception <a 'java/lang/NoSuchMethodError': <clinit>> (0x00000000e19ad338) thrown at [D:\src\AOSP-openjdk-cygwin\jdk8u\hotspot\src\share\vm\prims\jni.cpp, line 1614]
Event: 2.277 Thread 0x000000001aa4e800 Exception <a 'java/lang/NoSuchMethodError': <clinit>> (0x00000000e19b8740) thrown at [D:\src\AOSP-openjdk-cygwin\jdk8u\hotspot\src\share\vm\prims\jni.cpp, line 1614]
Event: 2.960 Thread 0x000000001aa77800 Exception <a 'java/lang/NoSuchMethodError': java.lang.Object.lambda$and$0(Ljava/util/function/Predicate;Ljava/lang/Object;)Z> (0x00000000e0625d20) thrown at [D:\src\AOSP-openjdk-cygwin\jdk8u\hotspot\src\share\vm\interpreter\linkResolver.cpp, line 620]
Event: 2.971 Thread 0x000000001aa77800 Exception <a 'java/lang/IncompatibleClassChangeError': Found class java.lang.Object, but interface was expected> (0x00000000e063c010) thrown at [D:\src\AOSP-openjdk-cygwin\jdk8u\hotspot\src\share\vm\interpreter\linkResolver.cpp, line 653]
Event: 2.975 Thread 0x000000001aa77800 Exception <a 'java/lang/NoSuchMethodError': java.lang.Object.lambda$or$2(Ljava/util/function/Predicate;Ljava/lang/Object;)Z> (0x00000000e0640f20) thrown at [D:\src\AOSP-openjdk-cygwin\jdk8u\hotspot\src\share\vm\interpreter\linkResolver.cpp, line 620]

Events (10 events):
Event: 3.144 loading class org/gradle/internal/instantiation/AsmBackedClassGenerator$ClassBuilderImpl$3
Event: 3.144 loading class org/gradle/internal/instantiation/AsmBackedClassGenerator$ClassBuilderImpl$3 done
Event: 3.145 loading class org/gradle/internal/instantiation/AsmBackedClassGenerator$ClassBuilderImpl$5
Event: 3.145 loading class org/gradle/internal/instantiation/AsmBackedClassGenerator$ClassBuilderImpl$5 done
Event: 3.145 loading class org/gradle/internal/instantiation/AsmBackedClassGenerator$ClassBuilderImpl$6
Event: 3.145 loading class org/gradle/internal/instantiation/AsmBackedClassGenerator$ClassBuilderImpl$6 done
Event: 3.146 loading class org/gradle/internal/instantiation/AsmBackedClassGenerator$ClassBuilderImpl$8
Event: 3.146 loading class org/gradle/internal/instantiation/AsmBackedClassGenerator$ClassBuilderImpl$8 done
Event: 3.146 loading class org/gradle/internal/instantiation/AsmBackedClassGenerator$ClassBuilderImpl$9
Event: 3.146 loading class org/gradle/internal/instantiation/AsmBackedClassGenerator$ClassBuilderImpl$9 done


Dynamic libraries:
0x00007ff630600000 - 0x00007ff630631000 	C:\Program Files\Android\Android Studio\jre\bin\java.exe
0x00007ffef5940000 - 0x00007ffef5b30000 	C:\WINDOWS\SYSTEM32\ntdll.dll
0x00007ffef5200000 - 0x00007ffef52b2000 	C:\WINDOWS\System32\KERNEL32.DLL
0x00007ffef3720000 - 0x00007ffef39c3000 	C:\WINDOWS\System32\KERNELBASE.dll
0x00007ffef4bc0000 - 0x00007ffef4c63000 	C:\WINDOWS\System32\ADVAPI32.dll
0x00007ffef4a70000 - 0x00007ffef4b0e000 	C:\WINDOWS\System32\msvcrt.dll
0x00007ffef4b10000 - 0x00007ffef4ba7000 	C:\WINDOWS\System32\sechost.dll
0x00007ffef50e0000 - 0x00007ffef5200000 	C:\WINDOWS\System32\RPCRT4.dll
0x00007ffef56f0000 - 0x00007ffef5884000 	C:\WINDOWS\System32\USER32.dll
0x00007ffef33f0000 - 0x00007ffef3411000 	C:\WINDOWS\System32\win32u.dll
0x00007ffef4a30000 - 0x00007ffef4a56000 	C:\WINDOWS\System32\GDI32.dll
0x00007ffef31a0000 - 0x00007ffef3334000 	C:\WINDOWS\System32\gdi32full.dll
0x00007ffef28d0000 - 0x00007ffef296e000 	C:\WINDOWS\System32\msvcp_win.dll
0x00007ffef34a0000 - 0x00007ffef359a000 	C:\WINDOWS\System32\ucrtbase.dll
0x00007ffee0970000 - 0x00007ffee0bf5000 	C:\WINDOWS\WinSxS\amd64_microsoft.windows.common-controls_6595b64144ccf1df_6.0.18362.720_none_e6beb5c51314836b\COMCTL32.dll
0x00007ffef4d40000 - 0x00007ffef5076000 	C:\WINDOWS\System32\combase.dll
0x00007ffef3420000 - 0x00007ffef34a0000 	C:\WINDOWS\System32\bcryptPrimitives.dll
0x00007ffef5650000 - 0x00007ffef567e000 	C:\WINDOWS\System32\IMM32.DLL
0x0000000076810000 - 0x00000000768e2000 	C:\Program Files\Android\Android Studio\jre\jre\bin\msvcr100.dll
0x00000000768f0000 - 0x0000000077136000 	C:\Program Files\Android\Android Studio\jre\jre\bin\server\jvm.dll
0x00007ffef4a60000 - 0x00007ffef4a68000 	C:\WINDOWS\System32\PSAPI.DLL
0x00007ffeef020000 - 0x00007ffeef044000 	C:\WINDOWS\SYSTEM32\WINMM.dll
0x00007ffeeab50000 - 0x00007ffeeab5a000 	C:\WINDOWS\SYSTEM32\VERSION.dll
0x00007ffeddd60000 - 0x00007ffeddd69000 	C:\WINDOWS\SYSTEM32\WSOCK32.dll
0x00007ffef5890000 - 0x00007ffef58ff000 	C:\WINDOWS\System32\WS2_32.dll
0x00007ffeeeff0000 - 0x00007ffeef01d000 	C:\WINDOWS\SYSTEM32\WINMMBASE.dll
0x00007ffef2970000 - 0x00007ffef29ba000 	C:\WINDOWS\System32\cfgmgr32.dll
0x00007ffeec5b0000 - 0x00007ffeec5bf000 	C:\Program Files\Android\Android Studio\jre\jre\bin\verify.dll
0x00007ffedf100000 - 0x00007ffedf129000 	C:\Program Files\Android\Android Studio\jre\jre\bin\java.dll
0x00007ffeebc30000 - 0x00007ffeebc46000 	C:\Program Files\Android\Android Studio\jre\jre\bin\zip.dll
0x00007ffef39f0000 - 0x00007ffef40d5000 	C:\WINDOWS\System32\SHELL32.dll
0x00007ffef5460000 - 0x00007ffef5509000 	C:\WINDOWS\System32\shcore.dll
0x00007ffef29c0000 - 0x00007ffef3140000 	C:\WINDOWS\System32\windows.storage.dll
0x00007ffef2880000 - 0x00007ffef28a3000 	C:\WINDOWS\System32\profapi.dll
0x00007ffef2810000 - 0x00007ffef285a000 	C:\WINDOWS\System32\powrprof.dll
0x00007ffef2800000 - 0x00007ffef2810000 	C:\WINDOWS\System32\UMPDC.dll
0x00007ffef52c0000 - 0x00007ffef5312000 	C:\WINDOWS\System32\shlwapi.dll
0x00007ffef2860000 - 0x00007ffef2871000 	C:\WINDOWS\System32\kernel.appcore.dll
0x00007ffef39d0000 - 0x00007ffef39e7000 	C:\WINDOWS\System32\cryptsp.dll
0x00007ffeebbf0000 - 0x00007ffeebc0a000 	C:\Program Files\Android\Android Studio\jre\jre\bin\net.dll
0x00007ffee4390000 - 0x00007ffee4565000 	C:\WINDOWS\SYSTEM32\urlmon.dll
0x00007ffee40e0000 - 0x00007ffee4386000 	C:\WINDOWS\SYSTEM32\iertutil.dll
0x00007ffef2140000 - 0x00007ffef214c000 	C:\WINDOWS\SYSTEM32\CRYPTBASE.DLL
0x00007ffef1fc0000 - 0x00007ffef2027000 	C:\WINDOWS\system32\mswsock.dll
0x00007ffeeaf70000 - 0x00007ffeeaf83000 	C:\Program Files\Android\Android Studio\jre\jre\bin\nio.dll
0x00007ffed3c00000 - 0x00007ffed3c26000 	C:\Users\dream\.gradle\native\30\windows-amd64\native-platform.dll
0x00007ffeeb810000 - 0x00007ffeeb81d000 	C:\Program Files\Android\Android Studio\jre\jre\bin\management.dll
0x00007ffef1b40000 - 0x00007ffef1b73000 	C:\WINDOWS\system32\rsaenh.dll
0x00007ffef36f0000 - 0x00007ffef3716000 	C:\WINDOWS\System32\bcrypt.dll
0x00007ffef2720000 - 0x00007ffef2745000 	C:\WINDOWS\SYSTEM32\USERENV.dll
0x00007ffef1ce0000 - 0x00007ffef1d1a000 	C:\WINDOWS\SYSTEM32\IPHLPAPI.DLL
0x00007ffef5640000 - 0x00007ffef5648000 	C:\WINDOWS\System32\NSI.dll
0x00007ffee9050000 - 0x00007ffee9066000 	C:\WINDOWS\SYSTEM32\dhcpcsvc6.DLL
0x00007ffeea050000 - 0x00007ffeea06c000 	C:\WINDOWS\SYSTEM32\dhcpcsvc.DLL
0x00007ffef1d30000 - 0x00007ffef1dfa000 	C:\WINDOWS\SYSTEM32\DNSAPI.dll

VM Arguments:
jvm_args: -Xmx1536m -Dfile.encoding=windows-1252 -Duser.country=US -Duser.language=en -Duser.variant 
java_command: org.gradle.launcher.daemon.bootstrap.GradleDaemon 5.6.4
java_class_path (initial): C:\Users\dream\.gradle\wrapper\dists\gradle-5.6.4-all\ankdp27end7byghfw1q2sw75f\gradle-5.6.4\lib\gradle-launcher-5.6.4.jar
Launcher Type: SUN_STANDARD

Environment Variables:
PATH=C:\Program Files (x86)\Intel\Intel(R) Management Engine Components\iCLS\;C:\Program Files\Intel\Intel(R) Management Engine Components\iCLS\;C:\WINDOWS\system32;C:\WINDOWS;C:\WINDOWS\System32\Wbem;C:\WINDOWS\System32\WindowsPowerShell\v1.0\;C:\WINDOWS\System32\OpenSSH\;C:\Program Files (x86)\Intel\Intel(R) Management Engine Components\DAL;C:\Program Files\Intel\Intel(R) Management Engine Components\DAL;C:\Program Files (x86)\Intel\Intel(R) Management Engine Components\IPT;C:\Program Files\Intel\Intel(R) Management Engine Components\IPT;C:\Program Files\Git\cmd;C:\Program Files\nodejs\;C:\Users\dream\AppData\Local\Microsoft\WindowsApps;C:\Users\dream\AppData\Local\Programs\Microsoft VS Code\bin;C:\Users\dream\AppData\Roaming\npm
USERNAME=dream
OS=Windows_NT
PROCESSOR_IDENTIFIER=Intel64 Family 6 Model 142 Stepping 10, GenuineIntel



---------------  S Y S T E M  ---------------

OS: Windows 10.0 , 64 bit Build 18362 (10.0.18362.329)

CPU:total 8 (initial active 8) (4 cores per cpu, 2 threads per core) family 6 model 142 stepping 10, cmov, cx8, fxsr, mmx, sse, sse2, sse3, ssse3, sse4.1, sse4.2, popcnt, avx, avx2, aes, clmul, erms, 3dnowpref, lzcnt, ht, tsc, tscinvbit, bmi1, bmi2, adx

Memory: 4k page, physical 8227540k(672224k free), swap 8227540k(5888k free)

vm_info: OpenJDK 64-Bit Server VM (25.212-b04) for windows-amd64 JRE (1.8.0_212-release-1586-b04), built by "builder" with MS VC++ 10.0 (VS2010)

time: Sat Apr 11 20:08:40 2020
timezone: SE Asia Standard Time
elapsed time: 3 seconds (0d 0h 0m 3s)

