#
# There is insufficient memory for the Java Runtime Environment to continue.
# Native memory allocation (malloc) failed to allocate 765200 bytes for Chunk::new
# Possible reasons:
#   The system is out of physical RAM or swap space
#   The process is running with CompressedOops enabled, and the Java Heap may be blocking the growth of the native heap
# Possible solutions:
#   Reduce memory load on the system
#   Increase physical memory or swap space
#   Check if swap backing store is full
#   Decrease Java heap size (-Xmx/-Xms)
#   Decrease number of Java threads
#   Decrease Java thread stack sizes (-Xss)
#   Set larger code cache with -XX:ReservedCodeCacheSize=
#   JVM is running with Unscaled Compressed Oops mode in which the Java heap is
#     placed in the first 4GB address space. The Java Heap base address is the
#     maximum limit for the native heap growth. Please use -XX:HeapBaseMinAddress
#     to set the Java Heap base and to place the Java Heap above 4GB virtual address.
# This output file may be truncated or incomplete.
#
#  Out of Memory Error (allocation.cpp:389), pid=14444, tid=0x0000000000003fd4
#
# JRE version: OpenJDK Runtime Environment (8.0_212-b04) (build 1.8.0_212-release-1586-b04)
# Java VM: OpenJDK 64-Bit Server VM (25.212-b04 mixed mode windows-amd64 compressed oops)
# Failed to write core dump. Minidumps are not enabled by default on client versions of Windows
#

---------------  T H R E A D  ---------------

Current thread (0x00000000188ec000):  JavaThread "C2 CompilerThread0" daemon [_thread_in_native, id=16340, stack(0x00000000191c0000,0x00000000192c0000)]

Stack: [0x00000000191c0000,0x00000000192c0000]
[error occurred during error reporting (printing stack bounds), id 0xc0000005]

Native frames: (J=compiled Java code, j=interpreted, Vv=VM code, C=native code)


Current CompileTask:
C2:   2739 1404       4       java.net.URLClassLoader$1::run (5 bytes)


---------------  P R O C E S S  ---------------

Java Threads: ( => current thread )
  0x0000000019a01800 JavaThread "Cache worker for journal cache (C:\Users\dream\.gradle\caches\journal-1)" [_thread_blocked, id=6612, stack(0x000000001d4e0000,0x000000001d5e0000)]
  0x00000000199ff800 JavaThread "File lock request listener" [_thread_in_native, id=14288, stack(0x000000001d3e0000,0x000000001d4e0000)]
  0x000000001b2e6000 JavaThread "Cache worker for file hash cache (C:\Users\dream\.gradle\caches\5.6.4\fileHashes)" [_thread_blocked, id=9360, stack(0x000000001d2e0000,0x000000001d3e0000)]
  0x000000001b261000 JavaThread "Thread-9" [_thread_blocked, id=6148, stack(0x000000001d1e0000,0x000000001d2e0000)]
  0x000000001b22c000 JavaThread "Stdin handler" [_thread_blocked, id=9612, stack(0x000000001d0e0000,0x000000001d1e0000)]
  0x000000001b22a000 JavaThread "Asynchronous log dispatcher for DefaultDaemonConnection: socket connection from /127.0.0.1:51535 to /127.0.0.1:51536" [_thread_blocked, id=16376, stack(0x000000001cee0000,0x000000001cfe0000)]
  0x000000001b2a5800 JavaThread "Daemon worker" [_thread_blocked, id=4724, stack(0x000000001cde0000,0x000000001cee0000)]
  0x000000001b2a4800 JavaThread "Cancel handler" [_thread_blocked, id=1160, stack(0x000000001cce0000,0x000000001cde0000)]
  0x000000001b219000 JavaThread "Handler for socket connection from /127.0.0.1:51535 to /127.0.0.1:51536" [_thread_in_native, id=8876, stack(0x000000001c9e0000,0x000000001cae0000)]
  0x000000001b23e800 JavaThread "Daemon" [_thread_blocked, id=8420, stack(0x000000001c8e0000,0x000000001c9e0000)]
  0x000000001b1af000 JavaThread "Daemon periodic checks" [_thread_blocked, id=2908, stack(0x000000001c7e0000,0x000000001c8e0000)]
  0x000000001b1ac000 JavaThread "Incoming local TCP Connector on port 51535" [_thread_in_native, id=1836, stack(0x000000001c5a0000,0x000000001c6a0000)]
  0x000000001b14e800 JavaThread "Daemon health stats" [_thread_blocked, id=17088, stack(0x000000001bf60000,0x000000001c060000)]
  0x0000000018983800 JavaThread "Service Thread" daemon [_thread_blocked, id=16232, stack(0x00000000195c0000,0x00000000196c0000)]
  0x00000000188f8000 JavaThread "C1 CompilerThread3" daemon [_thread_in_native, id=16944, stack(0x00000000194c0000,0x00000000195c0000)]
  0x00000000188f2800 JavaThread "C2 CompilerThread2" daemon [_thread_in_native, id=14684, stack(0x00000000193c0000,0x00000000194c0000)]
  0x00000000188ef800 JavaThread "C2 CompilerThread1" daemon [_thread_in_native, id=15500, stack(0x00000000192c0000,0x00000000193c0000)]
=>0x00000000188ec000 JavaThread "C2 CompilerThread0" daemon [_thread_in_native, id=16340, stack(0x00000000191c0000,0x00000000192c0000)]
  0x00000000188eb000 JavaThread "Attach Listener" daemon [_thread_blocked, id=6648, stack(0x00000000190c0000,0x00000000191c0000)]
  0x00000000188f5800 JavaThread "Signal Dispatcher" daemon [_thread_blocked, id=1624, stack(0x0000000018fc0000,0x00000000190c0000)]
  0x0000000002d0e000 JavaThread "Finalizer" daemon [_thread_blocked, id=2412, stack(0x0000000018dc0000,0x0000000018ec0000)]
  0x0000000002d05000 JavaThread "Reference Handler" daemon [_thread_blocked, id=11756, stack(0x0000000018cc0000,0x0000000018dc0000)]
  0x0000000002acd800 JavaThread "main" [_thread_blocked, id=14084, stack(0x0000000002ad0000,0x0000000002bd0000)]

Other Threads:
  0x0000000016ac8000 VMThread [stack: 0x00000000187c0000,0x00000000188c0000] [id=7796]
  0x0000000018984800 WatcherThread [stack: 0x00000000196c0000,0x00000000197c0000] [id=13820]

VM state:not at safepoint (normal execution)

VM Mutex/Monitor currently owned by a thread: None

heap address: 0x00000000a0000000, size: 1536 MB, Compressed Oops mode: 32-bit
Narrow klass base: 0x0000000000000000, Narrow klass shift: 3
Compressed class space size: 1073741824 Address: 0x0000000100000000

Heap:
 PSYoungGen      total 37888K, used 16455K [0x00000000e0000000, 0x00000000e4a00000, 0x0000000100000000)
  eden space 32768K, 34% used [0x00000000e0000000,0x00000000e0b19f00,0x00000000e2000000)
  from space 5120K, 99% used [0x00000000e2500000,0x00000000e29f8020,0x00000000e2a00000)
  to   space 5120K, 0% used [0x00000000e2000000,0x00000000e2000000,0x00000000e2500000)
 ParOldGen       total 86016K, used 3868K [0x00000000a0000000, 0x00000000a5400000, 0x00000000e0000000)
  object space 86016K, 4% used [0x00000000a0000000,0x00000000a03c70e8,0x00000000a5400000)
 Metaspace       used 15723K, capacity 16142K, committed 16256K, reserved 1062912K
  class space    used 2222K, capacity 2403K, committed 2432K, reserved 1048576K

Card table byte_map: [0x00000000120d0000,0x00000000123e0000] byte_map_base: 0x0000000011bd0000

Marking Bits: (ParMarkBitMap*) 0x00000000770b9f30
 Begin Bits: [0x0000000012de0000, 0x00000000145e0000)
 End Bits:   [0x00000000145e0000, 0x0000000015de0000)

Polling page: 0x00000000013e0000

CodeCache: size=245760Kb used=5246Kb max_used=5246Kb free=240513Kb
 bounds [0x0000000002d10000, 0x0000000003240000, 0x0000000011d10000]
 total_blobs=1924 nmethods=1532 adapters=304
 compilation: enabled

Compilation events (10 events):
Event: 2.728 Thread 0x00000000188f8000 nmethod 1493 0x000000000321b910 code [0x000000000321ba60, 0x000000000321bc10]
Event: 2.728 Thread 0x00000000188f8000 1494       3       java.util.LinkedList::unlinkFirst (64 bytes)
Event: 2.728 Thread 0x00000000188f8000 nmethod 1494 0x000000000321bc90 code [0x000000000321bde0, 0x000000000321c010]
Event: 2.728 Thread 0x00000000188f8000 1496       3       com.google.common.io.LineBuffer::finishLine (63 bytes)
Event: 2.729 Thread 0x00000000188f8000 nmethod 1496 0x000000000321c0d0 code [0x000000000321c280, 0x000000000321c978]
Event: 2.729 Thread 0x00000000188f8000 1495       3       java.util.LinkedList::peek (18 bytes)
Event: 2.729 Thread 0x00000000188f8000 nmethod 1495 0x000000000321cc10 code [0x000000000321cd80, 0x000000000321cf50]
Event: 2.729 Thread 0x00000000188f8000 1497       3       com.google.common.io.LineReader::readLine (105 bytes)
Event: 2.730 Thread 0x00000000188f8000 nmethod 1497 0x000000000321d010 code [0x000000000321d220, 0x000000000321dd38]
Event: 2.730 Thread 0x00000000188f8000 1499       3       com.google.common.base.CharMatcher::indexIn (48 bytes)

GC Heap History (8 events):
Event: 0.829 GC heap before
{Heap before GC invocations=1 (full 0):
 PSYoungGen      total 37888K, used 32768K [0x00000000e0000000, 0x00000000e2a00000, 0x0000000100000000)
  eden space 32768K, 100% used [0x00000000e0000000,0x00000000e2000000,0x00000000e2000000)
  from space 5120K, 0% used [0x00000000e2500000,0x00000000e2500000,0x00000000e2a00000)
  to   space 5120K, 0% used [0x00000000e2000000,0x00000000e2000000,0x00000000e2500000)
 ParOldGen       total 86016K, used 0K [0x00000000a0000000, 0x00000000a5400000, 0x00000000e0000000)
  object space 86016K, 0% used [0x00000000a0000000,0x00000000a0000000,0x00000000a5400000)
 Metaspace       used 6696K, capacity 6896K, committed 7040K, reserved 1056768K
  class space    used 817K, capacity 876K, committed 896K, reserved 1048576K
Event: 0.834 GC heap after
Heap after GC invocations=1 (full 0):
 PSYoungGen      total 37888K, used 4248K [0x00000000e0000000, 0x00000000e2a00000, 0x0000000100000000)
  eden space 32768K, 0% used [0x00000000e0000000,0x00000000e0000000,0x00000000e2000000)
  from space 5120K, 82% used [0x00000000e2000000,0x00000000e2426370,0x00000000e2500000)
  to   space 5120K, 0% used [0x00000000e2500000,0x00000000e2500000,0x00000000e2a00000)
 ParOldGen       total 86016K, used 8K [0x00000000a0000000, 0x00000000a5400000, 0x00000000e0000000)
  object space 86016K, 0% used [0x00000000a0000000,0x00000000a0002000,0x00000000a5400000)
 Metaspace       used 6696K, capacity 6896K, committed 7040K, reserved 1056768K
  class space    used 817K, capacity 876K, committed 896K, reserved 1048576K
}
Event: 1.106 GC heap before
{Heap before GC invocations=2 (full 0):
 PSYoungGen      total 37888K, used 37016K [0x00000000e0000000, 0x00000000e2a00000, 0x0000000100000000)
  eden space 32768K, 100% used [0x00000000e0000000,0x00000000e2000000,0x00000000e2000000)
  from space 5120K, 82% used [0x00000000e2000000,0x00000000e2426370,0x00000000e2500000)
  to   space 5120K, 0% used [0x00000000e2500000,0x00000000e2500000,0x00000000e2a00000)
 ParOldGen       total 86016K, used 8K [0x00000000a0000000, 0x00000000a5400000, 0x00000000e0000000)
  object space 86016K, 0% used [0x00000000a0000000,0x00000000a0002000,0x00000000a5400000)
 Metaspace       used 7029K, capacity 7210K, committed 7424K, reserved 1056768K
  class space    used 866K, capacity 917K, committed 1024K, reserved 1048576K
Event: 1.109 GC heap after
Heap after GC invocations=2 (full 0):
 PSYoungGen      total 37888K, used 3393K [0x00000000e0000000, 0x00000000e2a00000, 0x0000000100000000)
  eden space 32768K, 0% used [0x00000000e0000000,0x00000000e0000000,0x00000000e2000000)
  from space 5120K, 66% used [0x00000000e2500000,0x00000000e28504f0,0x00000000e2a00000)
  to   space 5120K, 0% used [0x00000000e2000000,0x00000000e2000000,0x00000000e2500000)
 ParOldGen       total 86016K, used 16K [0x00000000a0000000, 0x00000000a5400000, 0x00000000e0000000)
  object space 86016K, 0% used [0x00000000a0000000,0x00000000a0004000,0x00000000a5400000)
 Metaspace       used 7029K, capacity 7210K, committed 7424K, reserved 1056768K
  class space    used 866K, capacity 917K, committed 1024K, reserved 1048576K
}
Event: 2.328 GC heap before
{Heap before GC invocations=3 (full 0):
 PSYoungGen      total 37888K, used 36161K [0x00000000e0000000, 0x00000000e2a00000, 0x0000000100000000)
  eden space 32768K, 100% used [0x00000000e0000000,0x00000000e2000000,0x00000000e2000000)
  from space 5120K, 66% used [0x00000000e2500000,0x00000000e28504f0,0x00000000e2a00000)
  to   space 5120K, 0% used [0x00000000e2000000,0x00000000e2000000,0x00000000e2500000)
 ParOldGen       total 86016K, used 16K [0x00000000a0000000, 0x00000000a5400000, 0x00000000e0000000)
  object space 86016K, 0% used [0x00000000a0000000,0x00000000a0004000,0x00000000a5400000)
 Metaspace       used 12296K, capacity 12698K, committed 12928K, reserved 1060864K
  class space    used 1650K, capacity 1803K, committed 1920K, reserved 1048576K
Event: 2.335 GC heap after
Heap after GC invocations=3 (full 0):
 PSYoungGen      total 37888K, used 5120K [0x00000000e0000000, 0x00000000e2a00000, 0x0000000100000000)
  eden space 32768K, 0% used [0x00000000e0000000,0x00000000e0000000,0x00000000e2000000)
  from space 5120K, 100% used [0x00000000e2000000,0x00000000e2500000,0x00000000e2500000)
  to   space 5120K, 0% used [0x00000000e2500000,0x00000000e2500000,0x00000000e2a00000)
 ParOldGen       total 86016K, used 1378K [0x00000000a0000000, 0x00000000a5400000, 0x00000000e0000000)
  object space 86016K, 1% used [0x00000000a0000000,0x00000000a01589d8,0x00000000a5400000)
 Metaspace       used 12296K, capacity 12698K, committed 12928K, reserved 1060864K
  class space    used 1650K, capacity 1803K, committed 1920K, reserved 1048576K
}
Event: 2.605 GC heap before
{Heap before GC invocations=4 (full 0):
 PSYoungGen      total 37888K, used 37888K [0x00000000e0000000, 0x00000000e2a00000, 0x0000000100000000)
  eden space 32768K, 100% used [0x00000000e0000000,0x00000000e2000000,0x00000000e2000000)
  from space 5120K, 100% used [0x00000000e2000000,0x00000000e2500000,0x00000000e2500000)
  to   space 5120K, 0% used [0x00000000e2500000,0x00000000e2500000,0x00000000e2a00000)
 ParOldGen       total 86016K, used 1378K [0x00000000a0000000, 0x00000000a5400000, 0x00000000e0000000)
  object space 86016K, 1% used [0x00000000a0000000,0x00000000a01589d8,0x00000000a5400000)
 Metaspace       used 14599K, capacity 14980K, committed 15232K, reserved 1062912K
  class space    used 2045K, capacity 2160K, committed 2176K, reserved 1048576K
Event: 2.612 GC heap after
Heap after GC invocations=4 (full 0):
 PSYoungGen      total 37888K, used 5088K [0x00000000e0000000, 0x00000000e4a00000, 0x0000000100000000)
  eden space 32768K, 0% used [0x00000000e0000000,0x00000000e0000000,0x00000000e2000000)
  from space 5120K, 99% used [0x00000000e2500000,0x00000000e29f8020,0x00000000e2a00000)
  to   space 5120K, 0% used [0x00000000e2000000,0x00000000e2000000,0x00000000e2500000)
 ParOldGen       total 86016K, used 3868K [0x00000000a0000000, 0x00000000a5400000, 0x00000000e0000000)
  object space 86016K, 4% used [0x00000000a0000000,0x00000000a03c70e8,0x00000000a5400000)
 Metaspace       used 14599K, capacity 14980K, committed 15232K, reserved 1062912K
  class space    used 2045K, capacity 2160K, committed 2176K, reserved 1048576K
}

Deoptimization events (10 events):
Event: 1.703 Thread 0x0000000002acd800 Uncommon trap: reason=unstable_if action=reinterpret pc=0x0000000002fc8b8c method=java.io.WinNTFileSystem.normalize(Ljava/lang/String;)Ljava/lang/String; @ 128
Event: 2.231 Thread 0x000000001b219000 Uncommon trap: reason=unstable_if action=reinterpret pc=0x00000000030e0cf0 method=java.util.concurrent.ConcurrentHashMap.putVal(Ljava/lang/Object;Ljava/lang/Object;Z)Ljava/lang/Object; @ 206
Event: 2.281 Thread 0x000000001b2a5800 Uncommon trap: reason=bimorphic action=maybe_recompile pc=0x0000000002f6148c method=java.util.HashMap.putVal(ILjava/lang/Object;Ljava/lang/Object;ZZ)Ljava/lang/Object; @ 253
Event: 2.282 Thread 0x000000001b2a5800 Uncommon trap: reason=bimorphic action=maybe_recompile pc=0x0000000002f6148c method=java.util.HashMap.putVal(ILjava/lang/Object;Ljava/lang/Object;ZZ)Ljava/lang/Object; @ 253
Event: 2.282 Thread 0x000000001b2a5800 Uncommon trap: reason=bimorphic action=maybe_recompile pc=0x0000000002f6148c method=java.util.HashMap.putVal(ILjava/lang/Object;Ljava/lang/Object;ZZ)Ljava/lang/Object; @ 253
Event: 2.464 Thread 0x000000001b2a5800 Uncommon trap: reason=class_check action=maybe_recompile pc=0x0000000002fd2dd8 method=java.util.regex.Matcher.match(II)Z @ 86
Event: 2.476 Thread 0x000000001b2a5800 Uncommon trap: reason=class_check action=maybe_recompile pc=0x0000000002fd2dd8 method=java.util.regex.Matcher.match(II)Z @ 86
Event: 2.476 Thread 0x000000001b2a5800 Uncommon trap: reason=class_check action=maybe_recompile pc=0x0000000002fd2dd8 method=java.util.regex.Matcher.match(II)Z @ 86
Event: 2.476 Thread 0x000000001b2a5800 Uncommon trap: reason=class_check action=maybe_recompile pc=0x0000000002e8319c method=java.util.regex.Matcher.match(II)Z @ 86
Event: 2.702 Thread 0x000000001b2a5800 Uncommon trap: reason=unstable_if action=reinterpret pc=0x00000000031829f4 method=java.lang.String.lastIndexOf([CII[CIII)I @ 66

Classes redefined (0 events):
No events

Internal exceptions (10 events):
Event: 2.242 Thread 0x000000001b219000 Exception <a 'java/lang/NoSuchMethodError': <clinit>> (0x00000000e18fbcd8) thrown at [D:\src\AOSP-openjdk-cygwin\jdk8u\hotspot\src\share\vm\prims\jni.cpp, line 1614]
Event: 2.243 Thread 0x000000001b219000 Exception <a 'java/lang/NoSuchMethodError': <clinit>> (0x00000000e1904968) thrown at [D:\src\AOSP-openjdk-cygwin\jdk8u\hotspot\src\share\vm\prims\jni.cpp, line 1614]
Event: 2.244 Thread 0x000000001b219000 Exception <a 'java/lang/NoSuchMethodError': <clinit>> (0x00000000e191af88) thrown at [D:\src\AOSP-openjdk-cygwin\jdk8u\hotspot\src\share\vm\prims\jni.cpp, line 1614]
Event: 2.252 Thread 0x000000001b219000 Exception <a 'java/lang/NoSuchMethodError': <clinit>> (0x00000000e1979508) thrown at [D:\src\AOSP-openjdk-cygwin\jdk8u\hotspot\src\share\vm\prims\jni.cpp, line 1614]
Event: 2.255 Thread 0x000000001b219000 Exception <a 'java/lang/NoSuchMethodError': <clinit>> (0x00000000e19a6228) thrown at [D:\src\AOSP-openjdk-cygwin\jdk8u\hotspot\src\share\vm\prims\jni.cpp, line 1614]
Event: 2.259 Thread 0x000000001b219000 Exception <a 'java/lang/NoSuchMethodError': <clinit>> (0x00000000e19d4a10) thrown at [D:\src\AOSP-openjdk-cygwin\jdk8u\hotspot\src\share\vm\prims\jni.cpp, line 1614]
Event: 2.260 Thread 0x000000001b219000 Exception <a 'java/lang/NoSuchMethodError': <clinit>> (0x00000000e19dfe18) thrown at [D:\src\AOSP-openjdk-cygwin\jdk8u\hotspot\src\share\vm\prims\jni.cpp, line 1614]
Event: 2.675 Thread 0x000000001b2a5800 Exception <a 'java/lang/NoSuchMethodError': java.lang.Object.lambda$and$0(Ljava/util/function/Predicate;Ljava/lang/Object;)Z> (0x00000000e062fa68) thrown at [D:\src\AOSP-openjdk-cygwin\jdk8u\hotspot\src\share\vm\interpreter\linkResolver.cpp, line 620]
Event: 2.681 Thread 0x000000001b2a5800 Exception <a 'java/lang/IncompatibleClassChangeError': Found class java.lang.Object, but interface was expected> (0x00000000e0645d58) thrown at [D:\src\AOSP-openjdk-cygwin\jdk8u\hotspot\src\share\vm\interpreter\linkResolver.cpp, line 653]
Event: 2.684 Thread 0x000000001b2a5800 Exception <a 'java/lang/NoSuchMethodError': java.lang.Object.lambda$or$2(Ljava/util/function/Predicate;Ljava/lang/Object;)Z> (0x00000000e064ac68) thrown at [D:\src\AOSP-openjdk-cygwin\jdk8u\hotspot\src\share\vm\interpreter\linkResolver.cpp, line 620]

Events (10 events):
Event: 2.726 loading class com/google/common/base/Splitter$SplittingIterator
Event: 2.726 loading class com/google/common/base/Splitter$SplittingIterator done
Event: 2.726 loading class com/google/common/base/AbstractIterator
Event: 2.726 loading class com/google/common/base/AbstractIterator done
Event: 2.726 loading class com/google/common/base/Splitter$1$1
Event: 2.726 loading class com/google/common/base/Splitter$1$1 done
Event: 2.727 loading class com/google/common/base/AbstractIterator$State
Event: 2.727 loading class com/google/common/base/AbstractIterator$State done
Event: 2.727 loading class com/google/common/base/AbstractIterator$1
Event: 2.727 loading class com/google/common/base/AbstractIterator$1 done


Dynamic libraries:
0x00007ff630600000 - 0x00007ff630631000 	C:\Program Files\Android\Android Studio\jre\bin\java.exe
0x00007ffef5940000 - 0x00007ffef5b30000 	C:\WINDOWS\SYSTEM32\ntdll.dll
0x00007ffef5200000 - 0x00007ffef52b2000 	C:\WINDOWS\System32\KERNEL32.DLL
0x00007ffef3720000 - 0x00007ffef39c3000 	C:\WINDOWS\System32\KERNELBASE.dll
0x00007ffef4bc0000 - 0x00007ffef4c63000 	C:\WINDOWS\System32\ADVAPI32.dll
0x00007ffef4a70000 - 0x00007ffef4b0e000 	C:\WINDOWS\System32\msvcrt.dll
0x00007ffef4b10000 - 0x00007ffef4ba7000 	C:\WINDOWS\System32\sechost.dll
0x00007ffef50e0000 - 0x00007ffef5200000 	C:\WINDOWS\System32\RPCRT4.dll
0x00007ffef56f0000 - 0x00007ffef5884000 	C:\WINDOWS\System32\USER32.dll
0x00007ffef33f0000 - 0x00007ffef3411000 	C:\WINDOWS\System32\win32u.dll
0x00007ffef4a30000 - 0x00007ffef4a56000 	C:\WINDOWS\System32\GDI32.dll
0x00007ffef31a0000 - 0x00007ffef3334000 	C:\WINDOWS\System32\gdi32full.dll
0x00007ffef28d0000 - 0x00007ffef296e000 	C:\WINDOWS\System32\msvcp_win.dll
0x00007ffef34a0000 - 0x00007ffef359a000 	C:\WINDOWS\System32\ucrtbase.dll
0x00007ffee0970000 - 0x00007ffee0bf5000 	C:\WINDOWS\WinSxS\amd64_microsoft.windows.common-controls_6595b64144ccf1df_6.0.18362.720_none_e6beb5c51314836b\COMCTL32.dll
0x00007ffef4d40000 - 0x00007ffef5076000 	C:\WINDOWS\System32\combase.dll
0x00007ffef3420000 - 0x00007ffef34a0000 	C:\WINDOWS\System32\bcryptPrimitives.dll
0x00007ffef5650000 - 0x00007ffef567e000 	C:\WINDOWS\System32\IMM32.DLL
0x0000000076810000 - 0x00000000768e2000 	C:\Program Files\Android\Android Studio\jre\jre\bin\msvcr100.dll
0x00000000768f0000 - 0x0000000077136000 	C:\Program Files\Android\Android Studio\jre\jre\bin\server\jvm.dll
0x00007ffef4a60000 - 0x00007ffef4a68000 	C:\WINDOWS\System32\PSAPI.DLL
0x00007ffeef020000 - 0x00007ffeef044000 	C:\WINDOWS\SYSTEM32\WINMM.dll
0x00007ffeeab50000 - 0x00007ffeeab5a000 	C:\WINDOWS\SYSTEM32\VERSION.dll
0x00007ffeddd60000 - 0x00007ffeddd69000 	C:\WINDOWS\SYSTEM32\WSOCK32.dll
0x00007ffef5890000 - 0x00007ffef58ff000 	C:\WINDOWS\System32\WS2_32.dll
0x00007ffeeeff0000 - 0x00007ffeef01d000 	C:\WINDOWS\SYSTEM32\WINMMBASE.dll
0x00007ffef2970000 - 0x00007ffef29ba000 	C:\WINDOWS\System32\cfgmgr32.dll
0x00007ffeec5b0000 - 0x00007ffeec5bf000 	C:\Program Files\Android\Android Studio\jre\jre\bin\verify.dll
0x00007ffedf100000 - 0x00007ffedf129000 	C:\Program Files\Android\Android Studio\jre\jre\bin\java.dll
0x00007ffeebc30000 - 0x00007ffeebc46000 	C:\Program Files\Android\Android Studio\jre\jre\bin\zip.dll
0x00007ffef39f0000 - 0x00007ffef40d5000 	C:\WINDOWS\System32\SHELL32.dll
0x00007ffef5460000 - 0x00007ffef5509000 	C:\WINDOWS\System32\shcore.dll
0x00007ffef29c0000 - 0x00007ffef3140000 	C:\WINDOWS\System32\windows.storage.dll
0x00007ffef2880000 - 0x00007ffef28a3000 	C:\WINDOWS\System32\profapi.dll
0x00007ffef2810000 - 0x00007ffef285a000 	C:\WINDOWS\System32\powrprof.dll
0x00007ffef2800000 - 0x00007ffef2810000 	C:\WINDOWS\System32\UMPDC.dll
0x00007ffef52c0000 - 0x00007ffef5312000 	C:\WINDOWS\System32\shlwapi.dll
0x00007ffef2860000 - 0x00007ffef2871000 	C:\WINDOWS\System32\kernel.appcore.dll
0x00007ffef39d0000 - 0x00007ffef39e7000 	C:\WINDOWS\System32\cryptsp.dll
0x00007ffeebbf0000 - 0x00007ffeebc0a000 	C:\Program Files\Android\Android Studio\jre\jre\bin\net.dll
0x00007ffee4390000 - 0x00007ffee4565000 	C:\WINDOWS\SYSTEM32\urlmon.dll
0x00007ffee40e0000 - 0x00007ffee4386000 	C:\WINDOWS\SYSTEM32\iertutil.dll
0x00007ffef2140000 - 0x00007ffef214c000 	C:\WINDOWS\SYSTEM32\CRYPTBASE.DLL
0x00007ffef1fc0000 - 0x00007ffef2027000 	C:\WINDOWS\system32\mswsock.dll
0x00007ffeeaf70000 - 0x00007ffeeaf83000 	C:\Program Files\Android\Android Studio\jre\jre\bin\nio.dll
0x00007ffed3c00000 - 0x00007ffed3c26000 	C:\Users\dream\.gradle\native\30\windows-amd64\native-platform.dll
0x00007ffeeb810000 - 0x00007ffeeb81d000 	C:\Program Files\Android\Android Studio\jre\jre\bin\management.dll
0x00007ffef1b40000 - 0x00007ffef1b73000 	C:\WINDOWS\system32\rsaenh.dll
0x00007ffef36f0000 - 0x00007ffef3716000 	C:\WINDOWS\System32\bcrypt.dll
0x00007ffef2720000 - 0x00007ffef2745000 	C:\WINDOWS\SYSTEM32\USERENV.dll
0x00007ffef1ce0000 - 0x00007ffef1d1a000 	C:\WINDOWS\SYSTEM32\IPHLPAPI.DLL
0x00007ffef5640000 - 0x00007ffef5648000 	C:\WINDOWS\System32\NSI.dll
0x00007ffee9050000 - 0x00007ffee9066000 	C:\WINDOWS\SYSTEM32\dhcpcsvc6.DLL
0x00007ffeea050000 - 0x00007ffeea06c000 	C:\WINDOWS\SYSTEM32\dhcpcsvc.DLL
0x00007ffef1d30000 - 0x00007ffef1dfa000 	C:\WINDOWS\SYSTEM32\DNSAPI.dll

VM Arguments:
jvm_args: -Xmx1536m -Dfile.encoding=windows-1252 -Duser.country=US -Duser.language=en -Duser.variant 
java_command: org.gradle.launcher.daemon.bootstrap.GradleDaemon 5.6.4
java_class_path (initial): C:\Users\dream\.gradle\wrapper\dists\gradle-5.6.4-all\ankdp27end7byghfw1q2sw75f\gradle-5.6.4\lib\gradle-launcher-5.6.4.jar
Launcher Type: SUN_STANDARD

Environment Variables:
PATH=C:\Program Files (x86)\Intel\Intel(R) Management Engine Components\iCLS\;C:\Program Files\Intel\Intel(R) Management Engine Components\iCLS\;C:\WINDOWS\system32;C:\WINDOWS;C:\WINDOWS\System32\Wbem;C:\WINDOWS\System32\WindowsPowerShell\v1.0\;C:\WINDOWS\System32\OpenSSH\;C:\Program Files (x86)\Intel\Intel(R) Management Engine Components\DAL;C:\Program Files\Intel\Intel(R) Management Engine Components\DAL;C:\Program Files (x86)\Intel\Intel(R) Management Engine Components\IPT;C:\Program Files\Intel\Intel(R) Management Engine Components\IPT;C:\Program Files\Git\cmd;C:\Program Files\nodejs\;C:\Users\dream\AppData\Local\Microsoft\WindowsApps;C:\Users\dream\AppData\Local\Programs\Microsoft VS Code\bin;C:\Users\dream\AppData\Roaming\npm
USERNAME=dream
OS=Windows_NT
PROCESSOR_IDENTIFIER=Intel64 Family 6 Model 142 Stepping 10, GenuineIntel



---------------  S Y S T E M  ---------------

OS: Windows 10.0 , 64 bit Build 18362 (10.0.18362.329)

CPU:total 8 (initial active 8) (4 cores per cpu, 2 threads per core) family 6 model 142 stepping 10, cmov, cx8, fxsr, mmx, sse, sse2, sse3, ssse3, sse4.1, sse4.2, popcnt, avx, avx2, aes, clmul, erms, 3dnowpref, lzcnt, ht, tsc, tscinvbit, bmi1, bmi2, adx

Memory: 4k page, physical 8227540k(665928k free), swap 8227540k(5136k free)

vm_info: OpenJDK 64-Bit Server VM (25.212-b04) for windows-amd64 JRE (1.8.0_212-release-1586-b04), built by "builder" with MS VC++ 10.0 (VS2010)

time: Sat Apr 11 20:08:57 2020
timezone: SE Asia Standard Time
elapsed time: 2 seconds (0d 0h 0m 2s)

