#
# There is insufficient memory for the Java Runtime Environment to continue.
# Native memory allocation (malloc) failed to allocate 1128336 bytes for Chunk::new
# Possible reasons:
#   The system is out of physical RAM or swap space
#   The process is running with CompressedOops enabled, and the Java Heap may be blocking the growth of the native heap
# Possible solutions:
#   Reduce memory load on the system
#   Increase physical memory or swap space
#   Check if swap backing store is full
#   Decrease Java heap size (-Xmx/-Xms)
#   Decrease number of Java threads
#   Decrease Java thread stack sizes (-Xss)
#   Set larger code cache with -XX:ReservedCodeCacheSize=
#   JVM is running with Unscaled Compressed Oops mode in which the Java heap is
#     placed in the first 4GB address space. The Java Heap base address is the
#     maximum limit for the native heap growth. Please use -XX:HeapBaseMinAddress
#     to set the Java Heap base and to place the Java Heap above 4GB virtual address.
# This output file may be truncated or incomplete.
#
#  Out of Memory Error (allocation.cpp:389), pid=4856, tid=0x0000000000002b24
#
# JRE version: OpenJDK Runtime Environment (8.0_212-b04) (build 1.8.0_212-release-1586-b04)
# Java VM: OpenJDK 64-Bit Server VM (25.212-b04 mixed mode windows-amd64 compressed oops)
# Failed to write core dump. Minidumps are not enabled by default on client versions of Windows
#

---------------  T H R E A D  ---------------

Current thread (0x0000000018477000):  JavaThread "C2 CompilerThread2" daemon [_thread_in_native, id=11044, stack(0x0000000018f40000,0x0000000019040000)]

Stack: [0x0000000018f40000,0x0000000019040000]
[error occurred during error reporting (printing stack bounds), id 0xc0000005]

Native frames: (J=compiled Java code, j=interpreted, Vv=VM code, C=native code)


Current CompileTask:
C2:   8560 3923   !   4       java.security.SecureClassLoader::getProtectionDomain (114 bytes)


---------------  P R O C E S S  ---------------

Java Threads: ( => current thread )
  0x000000001a1c3800 JavaThread "pool-1-thread-1" [_thread_blocked, id=9192, stack(0x00000000239a0000,0x0000000023aa0000)]
  0x000000001a1c9800 JavaThread "Build operations Thread 8" [_thread_blocked, id=8580, stack(0x00000000234a0000,0x00000000235a0000)]
  0x000000001a1c9000 JavaThread "Build operations Thread 7" [_thread_blocked, id=4416, stack(0x00000000233a0000,0x00000000234a0000)]
  0x000000001a1c6800 JavaThread "Build operations Thread 6" [_thread_blocked, id=11988, stack(0x00000000232a0000,0x00000000233a0000)]
  0x000000001a1c4800 JavaThread "Build operations Thread 5" [_thread_blocked, id=14932, stack(0x00000000231a0000,0x00000000232a0000)]
  0x000000001a1c3000 JavaThread "Build operations Thread 4" [_thread_blocked, id=2128, stack(0x00000000230a0000,0x00000000231a0000)]
  0x000000001a1c6000 JavaThread "Build operations Thread 3" [_thread_blocked, id=13340, stack(0x0000000022fa0000,0x00000000230a0000)]
  0x000000001a1c5000 JavaThread "Build operations Thread 2" [_thread_blocked, id=10632, stack(0x0000000022d50000,0x0000000022e50000)]
  0x000000001a1c8000 JavaThread "Build operations" [_thread_blocked, id=5392, stack(0x0000000022c50000,0x0000000022d50000)]
  0x000000001a1c7800 JavaThread "Cache worker for execution history cache (C:\Users\dream\.gradle\caches\5.6.4\executionHistory)" [_thread_blocked, id=2468, stack(0x0000000022550000,0x0000000022650000)]
  0x0000000019622800 JavaThread "Cache worker for cache directory md-rule (C:\Users\dream\.gradle\caches\5.6.4\md-rule)" [_thread_blocked, id=10204, stack(0x0000000022450000,0x0000000022550000)]
  0x000000001961c800 JavaThread "Cache worker for cache directory md-supplier (C:\Users\dream\.gradle\caches\5.6.4\md-supplier)" [_thread_blocked, id=13580, stack(0x000000001f700000,0x000000001f800000)]
  0x000000001961e000 JavaThread "Cache worker for file hash cache (C:\Users\dream\AndroidStudioProjects\BrainGame\.gradle\5.6.4\fileHashes)" [_thread_blocked, id=12708, stack(0x000000001f8f0000,0x000000001f9f0000)]
  0x000000001961d800 JavaThread "Cache worker for journal cache (C:\Users\dream\.gradle\caches\journal-1)" [_thread_blocked, id=11352, stack(0x000000001d060000,0x000000001d160000)]
  0x000000001961f000 JavaThread "File lock request listener" [_thread_in_native, id=14908, stack(0x000000001cf60000,0x000000001d060000)]
  0x000000001a0ca800 JavaThread "Cache worker for file hash cache (C:\Users\dream\.gradle\caches\5.6.4\fileHashes)" [_thread_blocked, id=15260, stack(0x000000001ce60000,0x000000001cf60000)]
  0x000000001ad80000 JavaThread "Thread-9" [_thread_blocked, id=10052, stack(0x000000001cd60000,0x000000001ce60000)]
  0x000000001ad82000 JavaThread "Stdin handler" [_thread_blocked, id=11508, stack(0x000000001cc60000,0x000000001cd60000)]
  0x000000001ad74800 JavaThread "Asynchronous log dispatcher for DefaultDaemonConnection: socket connection from /127.0.0.1:54676 to /127.0.0.1:54677" [_thread_blocked, id=1848, stack(0x000000001ca60000,0x000000001cb60000)]
  0x000000001ad87800 JavaThread "Daemon worker" [_thread_in_Java, id=144, stack(0x000000001c960000,0x000000001ca60000)]
  0x000000001ad72800 JavaThread "Cancel handler" [_thread_blocked, id=14172, stack(0x000000001c860000,0x000000001c960000)]
  0x000000001acd6000 JavaThread "Handler for socket connection from /127.0.0.1:54676 to /127.0.0.1:54677" [_thread_in_native, id=836, stack(0x000000001c560000,0x000000001c660000)]
  0x000000001acd3000 JavaThread "Daemon" [_thread_blocked, id=11420, stack(0x000000001c460000,0x000000001c560000)]
  0x000000001acee800 JavaThread "Daemon periodic checks" [_thread_blocked, id=12532, stack(0x000000001c360000,0x000000001c460000)]
  0x000000001ad00800 JavaThread "Incoming local TCP Connector on port 54676" [_thread_in_native, id=13720, stack(0x000000001c120000,0x000000001c220000)]
  0x00000000187de000 JavaThread "Daemon health stats" [_thread_blocked, id=11992, stack(0x000000001bae0000,0x000000001bbe0000)]
  0x0000000018504800 JavaThread "Service Thread" daemon [_thread_blocked, id=8372, stack(0x0000000019140000,0x0000000019240000)]
  0x0000000018484000 JavaThread "C1 CompilerThread3" daemon [_thread_in_native, id=11208, stack(0x0000000019040000,0x0000000019140000)]
=>0x0000000018477000 JavaThread "C2 CompilerThread2" daemon [_thread_in_native, id=11044, stack(0x0000000018f40000,0x0000000019040000)]
  0x0000000018470000 JavaThread "C2 CompilerThread1" daemon [_thread_in_native, id=7860, stack(0x0000000018e40000,0x0000000018f40000)]
  0x000000001846b000 JavaThread "C2 CompilerThread0" daemon [_thread_blocked, id=8392, stack(0x0000000018d40000,0x0000000018e40000)]
  0x000000001846a000 JavaThread "Attach Listener" daemon [_thread_blocked, id=5920, stack(0x0000000018c40000,0x0000000018d40000)]
  0x0000000018475800 JavaThread "Signal Dispatcher" daemon [_thread_blocked, id=12464, stack(0x0000000018b40000,0x0000000018c40000)]
  0x0000000018460800 JavaThread "Finalizer" daemon [_thread_blocked, id=9748, stack(0x0000000018940000,0x0000000018a40000)]
  0x00000000028a5000 JavaThread "Reference Handler" daemon [_thread_blocked, id=3332, stack(0x0000000018840000,0x0000000018940000)]
  0x00000000026ad800 JavaThread "main" [_thread_blocked, id=1108, stack(0x00000000026b0000,0x00000000027b0000)]

Other Threads:
  0x0000000016668000 VMThread [stack: 0x0000000018340000,0x0000000018440000] [id=1404]
  0x0000000018505800 WatcherThread [stack: 0x0000000019240000,0x0000000019340000] [id=14664]

VM state:not at safepoint (normal execution)

VM Mutex/Monitor currently owned by a thread:  ([mutex/lock_event])
[0x00000000027b0750] CompiledIC_lock - owner thread: 0x0000000018484000

heap address: 0x00000000a0000000, size: 1536 MB, Compressed Oops mode: 32-bit
Narrow klass base: 0x0000000000000000, Narrow klass shift: 3
Compressed class space size: 1073741824 Address: 0x0000000100000000

Heap:
 PSYoungGen      total 138240K, used 24208K [0x00000000e0000000, 0x00000000e9d80000, 0x0000000100000000)
  eden space 125952K, 9% used [0x00000000e0000000,0x00000000e0ba53c8,0x00000000e7b00000)
  from space 12288K, 99% used [0x00000000e9180000,0x00000000e9d7edc8,0x00000000e9d80000)
  to   space 13824K, 0% used [0x00000000e8280000,0x00000000e8280000,0x00000000e9000000)
 ParOldGen       total 60928K, used 16577K [0x00000000a0000000, 0x00000000a3b80000, 0x00000000e0000000)
  object space 60928K, 27% used [0x00000000a0000000,0x00000000a10304d0,0x00000000a3b80000)
 Metaspace       used 45378K, capacity 46624K, committed 46848K, reserved 1089536K
  class space    used 6053K, capacity 6346K, committed 6400K, reserved 1048576K

Card table byte_map: [0x0000000011c70000,0x0000000011f80000] byte_map_base: 0x0000000011770000

Marking Bits: (ParMarkBitMap*) 0x0000000074949f30
 Begin Bits: [0x0000000012980000, 0x0000000014180000)
 End Bits:   [0x0000000014180000, 0x0000000015980000)

Polling page: 0x00000000005e0000

CodeCache: size=245760Kb used=12091Kb max_used=12628Kb free=233668Kb
 bounds [0x00000000028b0000, 0x0000000003510000, 0x00000000118b0000]
 total_blobs=4396 nmethods=3609 adapters=700
 compilation: enabled

Compilation events (10 events):
Event: 8.498 Thread 0x0000000018484000 3951       3       kotlin.reflect.jvm.internal.impl.name.FqNameUnsafe::asString (13 bytes)
Event: 8.498 Thread 0x0000000018484000 nmethod 3951 0x0000000002a7c750 code [0x0000000002a7c8c0, 0x0000000002a7ca88]
Event: 8.499 Thread 0x0000000018484000 3952       3       kotlin.reflect.jvm.internal.impl.name.Name::asString (13 bytes)
Event: 8.499 Thread 0x0000000018484000 nmethod 3952 0x0000000002a9e350 code [0x0000000002a9e4c0, 0x0000000002a9e688]
Event: 8.500 Thread 0x0000000018484000 3953       3       kotlin.reflect.jvm.internal.ReflectProperties$Val::<init> (5 bytes)
Event: 8.501 Thread 0x0000000018484000 nmethod 3953 0x0000000002ad1a10 code [0x0000000002ad1b60, 0x0000000002ad1d10]
Event: 8.514 Thread 0x000000001846b000 3954       4       java.security.CodeSource::equals (60 bytes)
Event: 8.516 Thread 0x000000001846b000 nmethod 3954 0x0000000002a114d0 code [0x0000000002a11640, 0x0000000002a11828]
Event: 8.517 Thread 0x000000001846b000 3955       4       java.security.CodeSource::matchCerts (254 bytes)
Event: 8.518 Thread 0x000000001846b000 nmethod 3955 0x0000000002e73b10 code [0x0000000002e73c60, 0x0000000002e73d58]

GC Heap History (10 events):
Event: 5.116 GC heap before
{Heap before GC invocations=8 (full 1):
 PSYoungGen      total 74752K, used 64512K [0x00000000e0000000, 0x00000000e5600000, 0x0000000100000000)
  eden space 64512K, 100% used [0x00000000e0000000,0x00000000e3f00000,0x00000000e3f00000)
  from space 10240K, 0% used [0x00000000e4a00000,0x00000000e4a00000,0x00000000e5400000)
  to   space 11264K, 0% used [0x00000000e3f00000,0x00000000e3f00000,0x00000000e4a00000)
 ParOldGen       total 60928K, used 9595K [0x00000000a0000000, 0x00000000a3b80000, 0x00000000e0000000)
  object space 60928K, 15% used [0x00000000a0000000,0x00000000a095ed00,0x00000000a3b80000)
 Metaspace       used 28912K, capacity 29424K, committed 29696K, reserved 1075200K
  class space    used 3897K, capacity 4063K, committed 4096K, reserved 1048576K
Event: 5.125 GC heap after
Heap after GC invocations=8 (full 1):
 PSYoungGen      total 75776K, used 7923K [0x00000000e0000000, 0x00000000e7880000, 0x0000000100000000)
  eden space 64512K, 0% used [0x00000000e0000000,0x00000000e0000000,0x00000000e3f00000)
  from space 11264K, 70% used [0x00000000e3f00000,0x00000000e46bcf08,0x00000000e4a00000)
  to   space 11776K, 0% used [0x00000000e6d00000,0x00000000e6d00000,0x00000000e7880000)
 ParOldGen       total 60928K, used 9603K [0x00000000a0000000, 0x00000000a3b80000, 0x00000000e0000000)
  object space 60928K, 15% used [0x00000000a0000000,0x00000000a0960d00,0x00000000a3b80000)
 Metaspace       used 28912K, capacity 29424K, committed 29696K, reserved 1075200K
  class space    used 3897K, capacity 4063K, committed 4096K, reserved 1048576K
}
Event: 5.769 GC heap before
{Heap before GC invocations=9 (full 1):
 PSYoungGen      total 75776K, used 72435K [0x00000000e0000000, 0x00000000e7880000, 0x0000000100000000)
  eden space 64512K, 100% used [0x00000000e0000000,0x00000000e3f00000,0x00000000e3f00000)
  from space 11264K, 70% used [0x00000000e3f00000,0x00000000e46bcf08,0x00000000e4a00000)
  to   space 11776K, 0% used [0x00000000e6d00000,0x00000000e6d00000,0x00000000e7880000)
 ParOldGen       total 60928K, used 9603K [0x00000000a0000000, 0x00000000a3b80000, 0x00000000e0000000)
  object space 60928K, 15% used [0x00000000a0000000,0x00000000a0960d00,0x00000000a3b80000)
 Metaspace       used 31784K, capacity 32372K, committed 32768K, reserved 1077248K
  class space    used 4357K, capacity 4555K, committed 4608K, reserved 1048576K
Event: 5.781 GC heap after
Heap after GC invocations=9 (full 1):
 PSYoungGen      total 111616K, used 8715K [0x00000000e0000000, 0x00000000e7a00000, 0x0000000100000000)
  eden space 99840K, 0% used [0x00000000e0000000,0x00000000e0000000,0x00000000e6180000)
  from space 11776K, 74% used [0x00000000e6d00000,0x00000000e7582e10,0x00000000e7880000)
  to   space 11776K, 0% used [0x00000000e6180000,0x00000000e6180000,0x00000000e6d00000)
 ParOldGen       total 60928K, used 9611K [0x00000000a0000000, 0x00000000a3b80000, 0x00000000e0000000)
  object space 60928K, 15% used [0x00000000a0000000,0x00000000a0962d00,0x00000000a3b80000)
 Metaspace       used 31784K, capacity 32372K, committed 32768K, reserved 1077248K
  class space    used 4357K, capacity 4555K, committed 4608K, reserved 1048576K
}
Event: 6.348 GC heap before
{Heap before GC invocations=10 (full 1):
 PSYoungGen      total 111616K, used 52590K [0x00000000e0000000, 0x00000000e7a00000, 0x0000000100000000)
  eden space 99840K, 43% used [0x00000000e0000000,0x00000000e2ad8b88,0x00000000e6180000)
  from space 11776K, 74% used [0x00000000e6d00000,0x00000000e7582e10,0x00000000e7880000)
  to   space 11776K, 0% used [0x00000000e6180000,0x00000000e6180000,0x00000000e6d00000)
 ParOldGen       total 60928K, used 9611K [0x00000000a0000000, 0x00000000a3b80000, 0x00000000e0000000)
  object space 60928K, 15% used [0x00000000a0000000,0x00000000a0962d00,0x00000000a3b80000)
 Metaspace       used 34616K, capacity 35318K, committed 35456K, reserved 1079296K
  class space    used 4734K, capacity 4925K, committed 4992K, reserved 1048576K
Event: 6.363 GC heap after
Heap after GC invocations=10 (full 1):
 PSYoungGen      total 111616K, used 9616K [0x00000000e0000000, 0x00000000e9d80000, 0x0000000100000000)
  eden space 99840K, 0% used [0x00000000e0000000,0x00000000e0000000,0x00000000e6180000)
  from space 11776K, 81% used [0x00000000e6180000,0x00000000e6ae4200,0x00000000e6d00000)
  to   space 12288K, 0% used [0x00000000e9180000,0x00000000e9180000,0x00000000e9d80000)
 ParOldGen       total 60928K, used 9619K [0x00000000a0000000, 0x00000000a3b80000, 0x00000000e0000000)
  object space 60928K, 15% used [0x00000000a0000000,0x00000000a0964d00,0x00000000a3b80000)
 Metaspace       used 34616K, capacity 35318K, committed 35456K, reserved 1079296K
  class space    used 4734K, capacity 4925K, committed 4992K, reserved 1048576K
}
Event: 6.363 GC heap before
{Heap before GC invocations=11 (full 2):
 PSYoungGen      total 111616K, used 9616K [0x00000000e0000000, 0x00000000e9d80000, 0x0000000100000000)
  eden space 99840K, 0% used [0x00000000e0000000,0x00000000e0000000,0x00000000e6180000)
  from space 11776K, 81% used [0x00000000e6180000,0x00000000e6ae4200,0x00000000e6d00000)
  to   space 12288K, 0% used [0x00000000e9180000,0x00000000e9180000,0x00000000e9d80000)
 ParOldGen       total 60928K, used 9619K [0x00000000a0000000, 0x00000000a3b80000, 0x00000000e0000000)
  object space 60928K, 15% used [0x00000000a0000000,0x00000000a0964d00,0x00000000a3b80000)
 Metaspace       used 34616K, capacity 35318K, committed 35456K, reserved 1079296K
  class space    used 4734K, capacity 4925K, committed 4992K, reserved 1048576K
Event: 6.431 GC heap after
Heap after GC invocations=11 (full 2):
 PSYoungGen      total 111616K, used 0K [0x00000000e0000000, 0x00000000e9d80000, 0x0000000100000000)
  eden space 99840K, 0% used [0x00000000e0000000,0x00000000e0000000,0x00000000e6180000)
  from space 11776K, 0% used [0x00000000e6180000,0x00000000e6180000,0x00000000e6d00000)
  to   space 12288K, 0% used [0x00000000e9180000,0x00000000e9180000,0x00000000e9d80000)
 ParOldGen       total 60928K, used 16410K [0x00000000a0000000, 0x00000000a3b80000, 0x00000000e0000000)
  object space 60928K, 26% used [0x00000000a0000000,0x00000000a1006a80,0x00000000a3b80000)
 Metaspace       used 34616K, capacity 35318K, committed 35456K, reserved 1079296K
  class space    used 4734K, capacity 4925K, committed 4992K, reserved 1048576K
}
Event: 8.384 GC heap before
{Heap before GC invocations=12 (full 2):
 PSYoungGen      total 111616K, used 99840K [0x00000000e0000000, 0x00000000e9d80000, 0x0000000100000000)
  eden space 99840K, 100% used [0x00000000e0000000,0x00000000e6180000,0x00000000e6180000)
  from space 11776K, 0% used [0x00000000e6180000,0x00000000e6180000,0x00000000e6d00000)
  to   space 12288K, 0% used [0x00000000e9180000,0x00000000e9180000,0x00000000e9d80000)
 ParOldGen       total 60928K, used 16410K [0x00000000a0000000, 0x00000000a3b80000, 0x00000000e0000000)
  object space 60928K, 26% used [0x00000000a0000000,0x00000000a1006a80,0x00000000a3b80000)
 Metaspace       used 44246K, capacity 45426K, committed 45696K, reserved 1089536K
  class space    used 5957K, capacity 6247K, committed 6272K, reserved 1048576K
Event: 8.403 GC heap after
Heap after GC invocations=12 (full 2):
 PSYoungGen      total 138240K, used 12283K [0x00000000e0000000, 0x00000000e9d80000, 0x0000000100000000)
  eden space 125952K, 0% used [0x00000000e0000000,0x00000000e0000000,0x00000000e7b00000)
  from space 12288K, 99% used [0x00000000e9180000,0x00000000e9d7edc8,0x00000000e9d80000)
  to   space 13824K, 0% used [0x00000000e8280000,0x00000000e8280000,0x00000000e9000000)
 ParOldGen       total 60928K, used 16577K [0x00000000a0000000, 0x00000000a3b80000, 0x00000000e0000000)
  object space 60928K, 27% used [0x00000000a0000000,0x00000000a10304d0,0x00000000a3b80000)
 Metaspace       used 44246K, capacity 45426K, committed 45696K, reserved 1089536K
  class space    used 5957K, capacity 6247K, committed 6272K, reserved 1048576K
}

Deoptimization events (10 events):
Event: 7.657 Thread 0x000000001ad87800 Uncommon trap: reason=range_check action=make_not_entrant pc=0x000000000323d724 method=java.lang.String.charAt(I)C @ 27
Event: 7.724 Thread 0x000000001ad87800 Uncommon trap: reason=unstable_if action=reinterpret pc=0x0000000002bb4938 method=java.util.jar.JarFile.match([C[B[I[I)Z @ 29
Event: 7.724 Thread 0x000000001ad87800 Uncommon trap: reason=unstable_if action=reinterpret pc=0x0000000003319a70 method=java.io.ByteArrayInputStream.read([BII)I @ 63
Event: 7.809 Thread 0x000000001ad87800 Uncommon trap: reason=unstable_if action=reinterpret pc=0x0000000002d27954 method=java.util.WeakHashMap.expungeStaleEntries()V @ 66
Event: 7.816 Thread 0x000000001ad87800 Uncommon trap: reason=unstable_if action=reinterpret pc=0x00000000031e1e54 method=org.codehaus.groovy.reflection.CachedMethod.compareToMethod(Ljava/lang/reflect/Method;)I @ 111
Event: 7.822 Thread 0x000000001ad87800 Uncommon trap: reason=bimorphic action=maybe_recompile pc=0x00000000030a19e0 method=java.util.AbstractCollection.addAll(Ljava/util/Collection;)Z @ 29
Event: 8.016 Thread 0x000000001ad87800 Uncommon trap: reason=bimorphic action=maybe_recompile pc=0x00000000030a19e0 method=java.util.AbstractCollection.addAll(Ljava/util/Collection;)Z @ 29
Event: 8.061 Thread 0x000000001ad87800 Uncommon trap: reason=predicate action=maybe_recompile pc=0x000000000320dad0 method=java.util.Arrays.binarySearch0([Ljava/lang/Object;IILjava/lang/Object;Ljava/util/Comparator;)I @ 28
Event: 8.104 Thread 0x000000001ad87800 Uncommon trap: reason=unstable_if action=reinterpret pc=0x0000000003252e0c method=java.security.CodeSource.hashCode()I @ 4
Event: 8.113 Thread 0x000000001ad87800 Uncommon trap: reason=unstable_if action=reinterpret pc=0x000000000344c164 method=jdk.internal.org.objectweb.asm.Type.getArgumentsAndReturnSizes(Ljava/lang/String;)I @ 47

Classes redefined (0 events):
No events

Internal exceptions (10 events):
Event: 7.811 Thread 0x000000001ad87800 Exception <a 'java/lang/ClassNotFoundException': org/gradle/api/DefaultTaskCustomizer> (0x00000000e41612b0) thrown at [D:\src\AOSP-openjdk-cygwin\jdk8u\hotspot\src\share\vm\classfile\systemDictionary.cpp, line 210]
Event: 7.812 Thread 0x000000001ad87800 Exception <a 'java/lang/ClassNotFoundException': org/gradle/api/internal/ConventionTaskCustomizer> (0x00000000e41a6198) thrown at [D:\src\AOSP-openjdk-cygwin\jdk8u\hotspot\src\share\vm\classfile\systemDictionary.cpp, line 210]
Event: 7.813 Thread 0x000000001ad87800 Exception <a 'java/lang/ClassNotFoundException': org/gradle/api/tasks/DeleteCustomizer> (0x00000000e41e73a8) thrown at [D:\src\AOSP-openjdk-cygwin\jdk8u\hotspot\src\share\vm\classfile\systemDictionary.cpp, line 210]
Event: 7.815 Thread 0x000000001ad87800 Exception <a 'java/lang/ClassNotFoundException': org/gradle/api/tasks/Delete_DecoratedCustomizer> (0x00000000e4236768) thrown at [D:\src\AOSP-openjdk-cygwin\jdk8u\hotspot\src\share\vm\classfile\systemDictionary.cpp, line 210]
Event: 7.840 Thread 0x000000001ad87800 Exception <a 'java/lang/ClassNotFoundException': build_ezmf8t20d3dnkjfy2dfmwujwxBeanInfo> (0x00000000e4343850) thrown at [D:\src\AOSP-openjdk-cygwin\jdk8u\hotspot\src\share\vm\classfile\systemDictionary.cpp, line 210]
Event: 7.840 Thread 0x000000001ad87800 Exception <a 'java/lang/ClassNotFoundException': build_ezmf8t20d3dnkjfy2dfmwujwxCustomizer> (0x00000000e4350260) thrown at [D:\src\AOSP-openjdk-cygwin\jdk8u\hotspot\src\share\vm\classfile\systemDictionary.cpp, line 210]
Event: 7.845 Thread 0x000000001ad87800 Exception <a 'java/lang/ClassNotFoundException': org/gradle/api/internal/plugins/DefaultObjectConfigurationActionBeanInfo> (0x00000000e43c9f18) thrown at [D:\src\AOSP-openjdk-cygwin\jdk8u\hotspot\src\share\vm\classfile\systemDictionary.cpp, line 210]
Event: 7.845 Thread 0x000000001ad87800 Exception <a 'java/lang/ClassNotFoundException': org/gradle/api/internal/plugins/DefaultObjectConfigurationActionCustomizer> (0x00000000e4410528) thrown at [D:\src\AOSP-openjdk-cygwin\jdk8u\hotspot\src\share\vm\classfile\systemDictionary.cpp, line 210]
Event: 8.104 Thread 0x000000001ad87800 Implicit null exception at 0x0000000003252b15 to 0x0000000003252dfd
Event: 8.211 Thread 0x000000001ad87800 Exception <a 'sun/nio/fs/WindowsException'> (0x00000000e58044b0) thrown at [D:\src\AOSP-openjdk-cygwin\jdk8u\hotspot\src\share\vm\prims\jni.cpp, line 710]

Events (10 events):
Event: 8.551 loading class com/google/wireless/android/sdk/stats/GradleBuildProject$PluginGeneration
Event: 8.551 loading class com/google/wireless/android/sdk/stats/GradleBuildProject$PluginGeneration done
Event: 8.552 loading class com/google/wireless/android/sdk/stats/GradleBuildProject$PluginGeneration$1
Event: 8.552 loading class com/google/wireless/android/sdk/stats/GradleBuildProject$PluginGeneration$1 done
Event: 8.552 loading class com/android/build/gradle/internal/profile/AnalyticsUtil
Event: 8.552 loading class com/android/build/gradle/internal/profile/AnalyticsUtil done
Event: 8.555 loading class com/google/wireless/android/sdk/stats/GradleProjectOptionsSettings$1
Event: 8.555 loading class com/google/wireless/android/sdk/stats/GradleProjectOptionsSettings$1 done
Event: 8.556 loading class com/google/wireless/android/sdk/stats/GradleProjectOptionsSettings$Builder
Event: 8.556 loading class com/google/wireless/android/sdk/stats/GradleProjectOptionsSettings$Builder done


Dynamic libraries:
0x00007ff739800000 - 0x00007ff739831000 	C:\Program Files\Android\Android Studio\jre\bin\java.exe
0x00007ffbab0c0000 - 0x00007ffbab2b0000 	C:\WINDOWS\SYSTEM32\ntdll.dll
0x00007ffba91e0000 - 0x00007ffba9292000 	C:\WINDOWS\System32\KERNEL32.DLL
0x00007ffba8250000 - 0x00007ffba84f3000 	C:\WINDOWS\System32\KERNELBASE.dll
0x00007ffba92a0000 - 0x00007ffba9343000 	C:\WINDOWS\System32\ADVAPI32.dll
0x00007ffba9360000 - 0x00007ffba93fe000 	C:\WINDOWS\System32\msvcrt.dll
0x00007ffbaad40000 - 0x00007ffbaadd7000 	C:\WINDOWS\System32\sechost.dll
0x00007ffba94b0000 - 0x00007ffba95d0000 	C:\WINDOWS\System32\RPCRT4.dll
0x00007ffba95d0000 - 0x00007ffba9764000 	C:\WINDOWS\System32\USER32.dll
0x00007ffba8500000 - 0x00007ffba8521000 	C:\WINDOWS\System32\win32u.dll
0x00007ffba9c50000 - 0x00007ffba9c76000 	C:\WINDOWS\System32\GDI32.dll
0x00007ffba8f80000 - 0x00007ffba9114000 	C:\WINDOWS\System32\gdi32full.dll
0x00007ffba85b0000 - 0x00007ffba864e000 	C:\WINDOWS\System32\msvcp_win.dll
0x00007ffba8df0000 - 0x00007ffba8eea000 	C:\WINDOWS\System32\ucrtbase.dll
0x00007ffb96050000 - 0x00007ffb962d5000 	C:\WINDOWS\WinSxS\amd64_microsoft.windows.common-controls_6595b64144ccf1df_6.0.18362.720_none_e6beb5c51314836b\COMCTL32.dll
0x00007ffba9910000 - 0x00007ffba9c46000 	C:\WINDOWS\System32\combase.dll
0x00007ffba8530000 - 0x00007ffba85b0000 	C:\WINDOWS\System32\bcryptPrimitives.dll
0x00007ffbaa390000 - 0x00007ffbaa3be000 	C:\WINDOWS\System32\IMM32.DLL
0x0000000073fc0000 - 0x0000000074092000 	C:\Program Files\Android\Android Studio\jre\jre\bin\msvcr100.dll
0x0000000074180000 - 0x00000000749c6000 	C:\Program Files\Android\Android Studio\jre\jre\bin\server\jvm.dll
0x00007ffba9d00000 - 0x00007ffba9d08000 	C:\WINDOWS\System32\PSAPI.DLL
0x00007ffb92d00000 - 0x00007ffb92d09000 	C:\WINDOWS\SYSTEM32\WSOCK32.dll
0x00007ffb9b4c0000 - 0x00007ffb9b4ca000 	C:\WINDOWS\SYSTEM32\VERSION.dll
0x00007ffba4d60000 - 0x00007ffba4d84000 	C:\WINDOWS\SYSTEM32\WINMM.dll
0x00007ffba9c90000 - 0x00007ffba9cff000 	C:\WINDOWS\System32\WS2_32.dll
0x00007ffba4d30000 - 0x00007ffba4d5d000 	C:\WINDOWS\SYSTEM32\winmmbase.dll
0x00007ffba9120000 - 0x00007ffba916a000 	C:\WINDOWS\System32\cfgmgr32.dll
0x00007ffba4250000 - 0x00007ffba425f000 	C:\Program Files\Android\Android Studio\jre\jre\bin\verify.dll
0x00007ffb9f4d0000 - 0x00007ffb9f4f9000 	C:\Program Files\Android\Android Studio\jre\jre\bin\java.dll
0x00007ffba3b10000 - 0x00007ffba3b26000 	C:\Program Files\Android\Android Studio\jre\jre\bin\zip.dll
0x00007ffbaa440000 - 0x00007ffbaab25000 	C:\WINDOWS\System32\SHELL32.dll
0x00007ffba9400000 - 0x00007ffba94a9000 	C:\WINDOWS\System32\shcore.dll
0x00007ffba8670000 - 0x00007ffba8df0000 	C:\WINDOWS\System32\windows.storage.dll
0x00007ffba8000000 - 0x00007ffba8023000 	C:\WINDOWS\System32\profapi.dll
0x00007ffba7fb0000 - 0x00007ffba7ffa000 	C:\WINDOWS\System32\powrprof.dll
0x00007ffba7f80000 - 0x00007ffba7f90000 	C:\WINDOWS\System32\UMPDC.dll
0x00007ffba9770000 - 0x00007ffba97c2000 	C:\WINDOWS\System32\shlwapi.dll
0x00007ffba8030000 - 0x00007ffba8041000 	C:\WINDOWS\System32\kernel.appcore.dll
0x00007ffba8650000 - 0x00007ffba8667000 	C:\WINDOWS\System32\cryptsp.dll
0x00007ffb9f270000 - 0x00007ffb9f28a000 	C:\Program Files\Android\Android Studio\jre\jre\bin\net.dll
0x00007ffb97780000 - 0x00007ffb97955000 	C:\WINDOWS\SYSTEM32\urlmon.dll
0x00007ffb97ab0000 - 0x00007ffb97d56000 	C:\WINDOWS\SYSTEM32\iertutil.dll
0x00007ffba78c0000 - 0x00007ffba78cc000 	C:\WINDOWS\SYSTEM32\CRYPTBASE.DLL
0x00007ffba7740000 - 0x00007ffba77a7000 	C:\WINDOWS\system32\mswsock.dll
0x00007ffb9f250000 - 0x00007ffb9f263000 	C:\Program Files\Android\Android Studio\jre\jre\bin\nio.dll
0x00007ffb8fb30000 - 0x00007ffb8fb56000 	C:\Users\dream\.gradle\native\30\windows-amd64\native-platform.dll
0x00007ffba0cb0000 - 0x00007ffba0cbd000 	C:\Program Files\Android\Android Studio\jre\jre\bin\management.dll
0x00007ffba72c0000 - 0x00007ffba72f3000 	C:\WINDOWS\system32\rsaenh.dll
0x00007ffba8f50000 - 0x00007ffba8f76000 	C:\WINDOWS\System32\bcrypt.dll
0x00007ffba7ea0000 - 0x00007ffba7ec5000 	C:\WINDOWS\SYSTEM32\USERENV.dll
0x00007ffba7460000 - 0x00007ffba749a000 	C:\WINDOWS\SYSTEM32\IPHLPAPI.DLL
0x00007ffba9350000 - 0x00007ffba9358000 	C:\WINDOWS\System32\NSI.dll
0x00007ffb9d810000 - 0x00007ffb9d826000 	C:\WINDOWS\SYSTEM32\dhcpcsvc6.DLL
0x00007ffb9d7f0000 - 0x00007ffb9d80c000 	C:\WINDOWS\SYSTEM32\dhcpcsvc.DLL
0x00007ffba74b0000 - 0x00007ffba757a000 	C:\WINDOWS\SYSTEM32\DNSAPI.dll
0x00007ffb95980000 - 0x00007ffb959a4000 	C:\Program Files\Android\Android Studio\jre\jre\bin\sunec.dll
0x00007ffb9b4d0000 - 0x00007ffb9b4da000 	C:\Windows\System32\rasadhlp.dll
0x00007ffb9b3f0000 - 0x00007ffb9b467000 	C:\WINDOWS\System32\fwpuclnt.dll
0x00007ffb9f3d0000 - 0x00007ffb9f3db000 	C:\Program Files\Android\Android Studio\jre\jre\bin\sunmscapi.dll
0x00007ffba8100000 - 0x00007ffba8249000 	C:\WINDOWS\System32\CRYPT32.dll
0x00007ffba7f90000 - 0x00007ffba7fa2000 	C:\WINDOWS\System32\MSASN1.dll

VM Arguments:
jvm_args: -Xmx1536m -Dfile.encoding=windows-1252 -Duser.country=US -Duser.language=en -Duser.variant 
java_command: org.gradle.launcher.daemon.bootstrap.GradleDaemon 5.6.4
java_class_path (initial): C:\Users\dream\.gradle\wrapper\dists\gradle-5.6.4-all\ankdp27end7byghfw1q2sw75f\gradle-5.6.4\lib\gradle-launcher-5.6.4.jar
Launcher Type: SUN_STANDARD

Environment Variables:
PATH=C:\Program Files (x86)\Intel\Intel(R) Management Engine Components\iCLS\;C:\Program Files\Intel\Intel(R) Management Engine Components\iCLS\;C:\WINDOWS\system32;C:\WINDOWS;C:\WINDOWS\System32\Wbem;C:\WINDOWS\System32\WindowsPowerShell\v1.0\;C:\WINDOWS\System32\OpenSSH\;C:\Program Files (x86)\Intel\Intel(R) Management Engine Components\DAL;C:\Program Files\Intel\Intel(R) Management Engine Components\DAL;C:\Program Files (x86)\Intel\Intel(R) Management Engine Components\IPT;C:\Program Files\Intel\Intel(R) Management Engine Components\IPT;C:\Program Files\Git\cmd;C:\Users\dream\AppData\Local\Microsoft\WindowsApps;C:\Users\dream\AppData\Local\Programs\Microsoft VS Code\bin
USERNAME=dream
OS=Windows_NT
PROCESSOR_IDENTIFIER=Intel64 Family 6 Model 142 Stepping 10, GenuineIntel



---------------  S Y S T E M  ---------------

OS: Windows 10.0 , 64 bit Build 18362 (10.0.18362.329)

CPU:total 8 (initial active 8) (4 cores per cpu, 2 threads per core) family 6 model 142 stepping 10, cmov, cx8, fxsr, mmx, sse, sse2, sse3, ssse3, sse4.1, sse4.2, popcnt, avx, avx2, aes, clmul, erms, 3dnowpref, lzcnt, ht, tsc, tscinvbit, bmi1, bmi2, adx

Memory: 4k page, physical 8227540k(1285232k free), swap 8227540k(6168k free)

vm_info: OpenJDK 64-Bit Server VM (25.212-b04) for windows-amd64 JRE (1.8.0_212-release-1586-b04), built by "builder" with MS VC++ 10.0 (VS2010)

time: Wed Apr 15 21:53:28 2020
timezone: SE Asia Standard Time
elapsed time: 8 seconds (0d 0h 0m 8s)

