#
# There is insufficient memory for the Java Runtime Environment to continue.
# Native memory allocation (malloc) failed to allocate 1036336 bytes for Chunk::new
# Possible reasons:
#   The system is out of physical RAM or swap space
#   The process is running with CompressedOops enabled, and the Java Heap may be blocking the growth of the native heap
# Possible solutions:
#   Reduce memory load on the system
#   Increase physical memory or swap space
#   Check if swap backing store is full
#   Decrease Java heap size (-Xmx/-Xms)
#   Decrease number of Java threads
#   Decrease Java thread stack sizes (-Xss)
#   Set larger code cache with -XX:ReservedCodeCacheSize=
#   JVM is running with Unscaled Compressed Oops mode in which the Java heap is
#     placed in the first 4GB address space. The Java Heap base address is the
#     maximum limit for the native heap growth. Please use -XX:HeapBaseMinAddress
#     to set the Java Heap base and to place the Java Heap above 4GB virtual address.
# This output file may be truncated or incomplete.
#
#  Out of Memory Error (allocation.cpp:389), pid=14172, tid=0x0000000000001dbc
#
# JRE version: OpenJDK Runtime Environment (8.0_212-b04) (build 1.8.0_212-release-1586-b04)
# Java VM: OpenJDK 64-Bit Server VM (25.212-b04 mixed mode windows-amd64 compressed oops)
# Failed to write core dump. Minidumps are not enabled by default on client versions of Windows
#

---------------  T H R E A D  ---------------

Current thread (0x0000000018dff800):  JavaThread "C2 CompilerThread1" daemon [_thread_in_native, id=7612, stack(0x00000000197d0000,0x00000000198d0000)]

Stack: [0x00000000197d0000,0x00000000198d0000]
[error occurred during error reporting (printing stack bounds), id 0xc0000005]

Native frames: (J=compiled Java code, j=interpreted, Vv=VM code, C=native code)


Current CompileTask:
C2:   2770 1447   !   4       java.net.URLClassLoader$1::run (63 bytes)


---------------  P R O C E S S  ---------------

Java Threads: ( => current thread )
  0x0000000018e0b000 JavaThread "Cache worker for journal cache (C:\Users\dream\.gradle\caches\journal-1)" [_thread_blocked, id=8704, stack(0x000000001d9f0000,0x000000001daf0000)]
  0x0000000018e0a000 JavaThread "File lock request listener" [_thread_in_native, id=7336, stack(0x000000001d8f0000,0x000000001d9f0000)]
  0x000000001b1e4800 JavaThread "Cache worker for file hash cache (C:\Users\dream\.gradle\caches\5.6.4\fileHashes)" [_thread_blocked, id=6772, stack(0x000000001d7f0000,0x000000001d8f0000)]
  0x000000001b813800 JavaThread "Thread-9" [_thread_blocked, id=14868, stack(0x000000001d6f0000,0x000000001d7f0000)]
  0x000000001b828800 JavaThread "Stdin handler" [_thread_blocked, id=10084, stack(0x000000001d5f0000,0x000000001d6f0000)]
  0x000000001b7ee000 JavaThread "Asynchronous log dispatcher for DefaultDaemonConnection: socket connection from /127.0.0.1:54702 to /127.0.0.1:54703" [_thread_blocked, id=600, stack(0x000000001d3f0000,0x000000001d4f0000)]
  0x000000001b7eb800 JavaThread "Daemon worker" [_thread_in_vm, id=4996, stack(0x000000001d2f0000,0x000000001d3f0000)]
  0x000000001b7e7800 JavaThread "Cancel handler" [_thread_blocked, id=8432, stack(0x000000001d1f0000,0x000000001d2f0000)]
  0x000000001b7fb800 JavaThread "Handler for socket connection from /127.0.0.1:54702 to /127.0.0.1:54703" [_thread_in_native, id=9476, stack(0x000000001cef0000,0x000000001cff0000)]
  0x000000001b7f6800 JavaThread "Daemon" [_thread_blocked, id=13904, stack(0x000000001cdf0000,0x000000001cef0000)]
  0x000000001b77f000 JavaThread "Daemon periodic checks" [_thread_blocked, id=13776, stack(0x000000001ccf0000,0x000000001cdf0000)]
  0x000000001b772000 JavaThread "Incoming local TCP Connector on port 54702" [_thread_in_native, id=10640, stack(0x000000001cab0000,0x000000001cbb0000)]
  0x000000001a076000 JavaThread "Daemon health stats" [_thread_blocked, id=9952, stack(0x000000001c470000,0x000000001c570000)]
  0x0000000018e3c000 JavaThread "Service Thread" daemon [_thread_blocked, id=7160, stack(0x0000000019ad0000,0x0000000019bd0000)]
  0x0000000018e09800 JavaThread "C1 CompilerThread3" daemon [_thread_in_native, id=7412, stack(0x00000000199d0000,0x0000000019ad0000)]
  0x0000000018e08800 JavaThread "C2 CompilerThread2" daemon [_thread_in_native, id=5384, stack(0x00000000198d0000,0x00000000199d0000)]
=>0x0000000018dff800 JavaThread "C2 CompilerThread1" daemon [_thread_in_native, id=7612, stack(0x00000000197d0000,0x00000000198d0000)]
  0x0000000018dfc000 JavaThread "C2 CompilerThread0" daemon [_thread_in_native, id=1852, stack(0x00000000196d0000,0x00000000197d0000)]
  0x0000000018dfb000 JavaThread "Attach Listener" daemon [_thread_blocked, id=8780, stack(0x00000000195d0000,0x00000000196d0000)]
  0x0000000018e05800 JavaThread "Signal Dispatcher" daemon [_thread_blocked, id=4916, stack(0x00000000194d0000,0x00000000195d0000)]
  0x000000000323e000 JavaThread "Finalizer" daemon [_thread_blocked, id=10724, stack(0x00000000192d0000,0x00000000193d0000)]
  0x0000000003235000 JavaThread "Reference Handler" daemon [_thread_blocked, id=4856, stack(0x00000000191d0000,0x00000000192d0000)]
  0x000000000303d800 JavaThread "main" [_thread_blocked, id=11988, stack(0x0000000003040000,0x0000000003140000)]

Other Threads:
  0x0000000016ff8000 VMThread [stack: 0x0000000018cd0000,0x0000000018dd0000] [id=14612]
  0x0000000018e3d000 WatcherThread [stack: 0x0000000019bd0000,0x0000000019cd0000] [id=14872]

VM state:not at safepoint (normal execution)

VM Mutex/Monitor currently owned by a thread:  ([mutex/lock_event])
[0x000000000303c2f0] CodeCache_lock - owner thread: 0x0000000018e09800
[0x00000000031414d0] Compile_lock - owner thread: 0x0000000018e09800

heap address: 0x00000000a0000000, size: 1536 MB, Compressed Oops mode: 32-bit
Narrow klass base: 0x0000000000000000, Narrow klass shift: 3
Compressed class space size: 1073741824 Address: 0x0000000100000000

Heap:
 PSYoungGen      total 37888K, used 20574K [0x00000000e0000000, 0x00000000e4a00000, 0x0000000100000000)
  eden space 32768K, 47% used [0x00000000e0000000,0x00000000e0f1b8c0,0x00000000e2000000)
  from space 5120K, 99% used [0x00000000e2500000,0x00000000e29fc030,0x00000000e2a00000)
  to   space 5120K, 0% used [0x00000000e2000000,0x00000000e2000000,0x00000000e2500000)
 ParOldGen       total 86016K, used 3659K [0x00000000a0000000, 0x00000000a5400000, 0x00000000e0000000)
  object space 86016K, 4% used [0x00000000a0000000,0x00000000a0392de8,0x00000000a5400000)
 Metaspace       used 16126K, capacity 16562K, committed 16768K, reserved 1062912K
  class space    used 2288K, capacity 2425K, committed 2432K, reserved 1048576K

Card table byte_map: [0x0000000012600000,0x0000000012910000] byte_map_base: 0x0000000012100000

Marking Bits: (ParMarkBitMap*) 0x0000000074949f30
 Begin Bits: [0x0000000013310000, 0x0000000014b10000)
 End Bits:   [0x0000000014b10000, 0x0000000016310000)

Polling page: 0x00000000012a0000

CodeCache: size=245760Kb used=5314Kb max_used=5316Kb free=240445Kb
 bounds [0x0000000003240000, 0x0000000003780000, 0x0000000012240000]
 total_blobs=1921 nmethods=1531 adapters=303
 compilation: enabled

Compilation events (10 events):
Event: 2.731 Thread 0x0000000018e09800 1530       3       org.gradle.internal.service.DefaultServiceRegistry$ManagedObjectServiceProvider::fromSameRegistry (27 bytes)
Event: 2.731 Thread 0x0000000018e09800 nmethod 1530 0x000000000376d2d0 code [0x000000000376d440, 0x000000000376d810]
Event: 2.732 Thread 0x0000000018e08800 nmethod 1497% 0x000000000376d8d0 code [0x000000000376db60, 0x000000000376eb70]
Event: 2.732 Thread 0x0000000018e08800 1498       4       com.google.common.base.CharMatcher::indexIn (48 bytes)
Event: 2.736 Thread 0x0000000018e08800 nmethod 1498 0x000000000376b350 code [0x000000000376b4a0, 0x000000000376b718]
Event: 2.736 Thread 0x0000000018e08800 1510 %     4       com.google.common.io.LineBuffer::add @ 47 (204 bytes)
Event: 2.750 Thread 0x0000000018e09800 1532       3       java.lang.String::lastIndexOf (151 bytes)
Event: 2.751 Thread 0x0000000018e09800 nmethod 1532 0x0000000003769810 code [0x00000000037699c0, 0x0000000003769f10]
Event: 2.754 Thread 0x0000000018e09800 1533       1       com.google.common.collect.RegularImmutableList::size (5 bytes)
Event: 2.755 Thread 0x0000000018e09800 nmethod 1533 0x000000000376b090 code [0x000000000376b1e0, 0x000000000376b2f0]

GC Heap History (8 events):
Event: 0.786 GC heap before
{Heap before GC invocations=1 (full 0):
 PSYoungGen      total 37888K, used 32768K [0x00000000e0000000, 0x00000000e2a00000, 0x0000000100000000)
  eden space 32768K, 100% used [0x00000000e0000000,0x00000000e2000000,0x00000000e2000000)
  from space 5120K, 0% used [0x00000000e2500000,0x00000000e2500000,0x00000000e2a00000)
  to   space 5120K, 0% used [0x00000000e2000000,0x00000000e2000000,0x00000000e2500000)
 ParOldGen       total 86016K, used 0K [0x00000000a0000000, 0x00000000a5400000, 0x00000000e0000000)
  object space 86016K, 0% used [0x00000000a0000000,0x00000000a0000000,0x00000000a5400000)
 Metaspace       used 6706K, capacity 6896K, committed 7040K, reserved 1056768K
  class space    used 817K, capacity 876K, committed 896K, reserved 1048576K
Event: 0.791 GC heap after
Heap after GC invocations=1 (full 0):
 PSYoungGen      total 37888K, used 4321K [0x00000000e0000000, 0x00000000e2a00000, 0x0000000100000000)
  eden space 32768K, 0% used [0x00000000e0000000,0x00000000e0000000,0x00000000e2000000)
  from space 5120K, 84% used [0x00000000e2000000,0x00000000e2438540,0x00000000e2500000)
  to   space 5120K, 0% used [0x00000000e2500000,0x00000000e2500000,0x00000000e2a00000)
 ParOldGen       total 86016K, used 8K [0x00000000a0000000, 0x00000000a5400000, 0x00000000e0000000)
  object space 86016K, 0% used [0x00000000a0000000,0x00000000a0002000,0x00000000a5400000)
 Metaspace       used 6706K, capacity 6896K, committed 7040K, reserved 1056768K
  class space    used 817K, capacity 876K, committed 896K, reserved 1048576K
}
Event: 1.097 GC heap before
{Heap before GC invocations=2 (full 0):
 PSYoungGen      total 37888K, used 37089K [0x00000000e0000000, 0x00000000e2a00000, 0x0000000100000000)
  eden space 32768K, 100% used [0x00000000e0000000,0x00000000e2000000,0x00000000e2000000)
  from space 5120K, 84% used [0x00000000e2000000,0x00000000e2438540,0x00000000e2500000)
  to   space 5120K, 0% used [0x00000000e2500000,0x00000000e2500000,0x00000000e2a00000)
 ParOldGen       total 86016K, used 8K [0x00000000a0000000, 0x00000000a5400000, 0x00000000e0000000)
  object space 86016K, 0% used [0x00000000a0000000,0x00000000a0002000,0x00000000a5400000)
 Metaspace       used 7032K, capacity 7210K, committed 7424K, reserved 1056768K
  class space    used 867K, capacity 917K, committed 1024K, reserved 1048576K
Event: 1.100 GC heap after
Heap after GC invocations=2 (full 0):
 PSYoungGen      total 37888K, used 3361K [0x00000000e0000000, 0x00000000e2a00000, 0x0000000100000000)
  eden space 32768K, 0% used [0x00000000e0000000,0x00000000e0000000,0x00000000e2000000)
  from space 5120K, 65% used [0x00000000e2500000,0x00000000e2848510,0x00000000e2a00000)
  to   space 5120K, 0% used [0x00000000e2000000,0x00000000e2000000,0x00000000e2500000)
 ParOldGen       total 86016K, used 16K [0x00000000a0000000, 0x00000000a5400000, 0x00000000e0000000)
  object space 86016K, 0% used [0x00000000a0000000,0x00000000a0004000,0x00000000a5400000)
 Metaspace       used 7032K, capacity 7210K, committed 7424K, reserved 1056768K
  class space    used 867K, capacity 917K, committed 1024K, reserved 1048576K
}
Event: 2.281 GC heap before
{Heap before GC invocations=3 (full 0):
 PSYoungGen      total 37888K, used 36129K [0x00000000e0000000, 0x00000000e2a00000, 0x0000000100000000)
  eden space 32768K, 100% used [0x00000000e0000000,0x00000000e2000000,0x00000000e2000000)
  from space 5120K, 65% used [0x00000000e2500000,0x00000000e2848510,0x00000000e2a00000)
  to   space 5120K, 0% used [0x00000000e2000000,0x00000000e2000000,0x00000000e2500000)
 ParOldGen       total 86016K, used 16K [0x00000000a0000000, 0x00000000a5400000, 0x00000000e0000000)
  object space 86016K, 0% used [0x00000000a0000000,0x00000000a0004000,0x00000000a5400000)
 Metaspace       used 12283K, capacity 12638K, committed 12928K, reserved 1060864K
  class space    used 1653K, capacity 1793K, committed 1920K, reserved 1048576K
Event: 2.288 GC heap after
Heap after GC invocations=3 (full 0):
 PSYoungGen      total 37888K, used 5104K [0x00000000e0000000, 0x00000000e2a00000, 0x0000000100000000)
  eden space 32768K, 0% used [0x00000000e0000000,0x00000000e0000000,0x00000000e2000000)
  from space 5120K, 99% used [0x00000000e2000000,0x00000000e24fc010,0x00000000e2500000)
  to   space 5120K, 0% used [0x00000000e2500000,0x00000000e2500000,0x00000000e2a00000)
 ParOldGen       total 86016K, used 1315K [0x00000000a0000000, 0x00000000a5400000, 0x00000000e0000000)
  object space 86016K, 1% used [0x00000000a0000000,0x00000000a0148f08,0x00000000a5400000)
 Metaspace       used 12283K, capacity 12638K, committed 12928K, reserved 1060864K
  class space    used 1653K, capacity 1793K, committed 1920K, reserved 1048576K
}
Event: 2.561 GC heap before
{Heap before GC invocations=4 (full 0):
 PSYoungGen      total 37888K, used 37872K [0x00000000e0000000, 0x00000000e2a00000, 0x0000000100000000)
  eden space 32768K, 100% used [0x00000000e0000000,0x00000000e2000000,0x00000000e2000000)
  from space 5120K, 99% used [0x00000000e2000000,0x00000000e24fc010,0x00000000e2500000)
  to   space 5120K, 0% used [0x00000000e2500000,0x00000000e2500000,0x00000000e2a00000)
 ParOldGen       total 86016K, used 1315K [0x00000000a0000000, 0x00000000a5400000, 0x00000000e0000000)
  object space 86016K, 1% used [0x00000000a0000000,0x00000000a0148f08,0x00000000a5400000)
 Metaspace       used 14557K, capacity 14922K, committed 15232K, reserved 1062912K
  class space    used 2039K, capacity 2151K, committed 2176K, reserved 1048576K
Event: 2.568 GC heap after
Heap after GC invocations=4 (full 0):
 PSYoungGen      total 37888K, used 5104K [0x00000000e0000000, 0x00000000e4a00000, 0x0000000100000000)
  eden space 32768K, 0% used [0x00000000e0000000,0x00000000e0000000,0x00000000e2000000)
  from space 5120K, 99% used [0x00000000e2500000,0x00000000e29fc030,0x00000000e2a00000)
  to   space 5120K, 0% used [0x00000000e2000000,0x00000000e2000000,0x00000000e2500000)
 ParOldGen       total 86016K, used 3659K [0x00000000a0000000, 0x00000000a5400000, 0x00000000e0000000)
  object space 86016K, 4% used [0x00000000a0000000,0x00000000a0392de8,0x00000000a5400000)
 Metaspace       used 14557K, capacity 14922K, committed 15232K, reserved 1062912K
  class space    used 2039K, capacity 2151K, committed 2176K, reserved 1048576K
}

Deoptimization events (10 events):
Event: 1.642 Thread 0x000000000303d800 Uncommon trap: reason=unstable_if action=reinterpret pc=0x0000000003509bf8 method=java.io.WinNTFileSystem.normalize(Ljava/lang/String;)Ljava/lang/String; @ 128
Event: 2.184 Thread 0x000000001b7fb800 Uncommon trap: reason=unstable_if action=reinterpret pc=0x000000000361cab0 method=java.util.concurrent.ConcurrentHashMap.putVal(Ljava/lang/Object;Ljava/lang/Object;Z)Ljava/lang/Object; @ 206
Event: 2.225 Thread 0x000000001b7eb800 Uncommon trap: reason=bimorphic action=maybe_recompile pc=0x000000000349e550 method=java.util.HashMap.putVal(ILjava/lang/Object;Ljava/lang/Object;ZZ)Ljava/lang/Object; @ 253
Event: 2.225 Thread 0x000000001b7eb800 Uncommon trap: reason=bimorphic action=maybe_recompile pc=0x000000000349e550 method=java.util.HashMap.putVal(ILjava/lang/Object;Ljava/lang/Object;ZZ)Ljava/lang/Object; @ 253
Event: 2.225 Thread 0x000000001b7eb800 Uncommon trap: reason=bimorphic action=maybe_recompile pc=0x000000000349e550 method=java.util.HashMap.putVal(ILjava/lang/Object;Ljava/lang/Object;ZZ)Ljava/lang/Object; @ 253
Event: 2.407 Thread 0x000000001b7eb800 Uncommon trap: reason=class_check action=maybe_recompile pc=0x0000000003512598 method=java.util.regex.Matcher.match(II)Z @ 86
Event: 2.419 Thread 0x000000001b7eb800 Uncommon trap: reason=class_check action=maybe_recompile pc=0x0000000003512598 method=java.util.regex.Matcher.match(II)Z @ 86
Event: 2.420 Thread 0x000000001b7eb800 Uncommon trap: reason=class_check action=maybe_recompile pc=0x0000000003512598 method=java.util.regex.Matcher.match(II)Z @ 86
Event: 2.420 Thread 0x000000001b7eb800 Uncommon trap: reason=class_check action=maybe_recompile pc=0x00000000033af0dc method=java.util.regex.Matcher.match(II)Z @ 86
Event: 2.663 Thread 0x000000001b7eb800 Uncommon trap: reason=unstable_if action=reinterpret pc=0x00000000036b5374 method=java.lang.String.lastIndexOf([CII[CIII)I @ 66

Classes redefined (0 events):
No events

Internal exceptions (10 events):
Event: 2.184 Thread 0x000000001b7fb800 Exception <a 'java/lang/NoSuchMethodError': <clinit>> (0x00000000e186fcb8) thrown at [D:\src\AOSP-openjdk-cygwin\jdk8u\hotspot\src\share\vm\prims\jni.cpp, line 1614]
Event: 2.185 Thread 0x000000001b7fb800 Exception <a 'java/lang/NoSuchMethodError': <clinit>> (0x00000000e1879a68) thrown at [D:\src\AOSP-openjdk-cygwin\jdk8u\hotspot\src\share\vm\prims\jni.cpp, line 1614]
Event: 2.187 Thread 0x000000001b7fb800 Exception <a 'java/lang/NoSuchMethodError': <clinit>> (0x00000000e188e470) thrown at [D:\src\AOSP-openjdk-cygwin\jdk8u\hotspot\src\share\vm\prims\jni.cpp, line 1614]
Event: 2.195 Thread 0x000000001b7fb800 Exception <a 'java/lang/NoSuchMethodError': <clinit>> (0x00000000e18e9b28) thrown at [D:\src\AOSP-openjdk-cygwin\jdk8u\hotspot\src\share\vm\prims\jni.cpp, line 1614]
Event: 2.199 Thread 0x000000001b7fb800 Exception <a 'java/lang/NoSuchMethodError': <clinit>> (0x00000000e1921668) thrown at [D:\src\AOSP-openjdk-cygwin\jdk8u\hotspot\src\share\vm\prims\jni.cpp, line 1614]
Event: 2.204 Thread 0x000000001b7fb800 Exception <a 'java/lang/NoSuchMethodError': <clinit>> (0x00000000e19578b0) thrown at [D:\src\AOSP-openjdk-cygwin\jdk8u\hotspot\src\share\vm\prims\jni.cpp, line 1614]
Event: 2.205 Thread 0x000000001b7fb800 Exception <a 'java/lang/NoSuchMethodError': <clinit>> (0x00000000e1962cb8) thrown at [D:\src\AOSP-openjdk-cygwin\jdk8u\hotspot\src\share\vm\prims\jni.cpp, line 1614]
Event: 2.635 Thread 0x000000001b7eb800 Exception <a 'java/lang/NoSuchMethodError': java.lang.Object.lambda$and$0(Ljava/util/function/Predicate;Ljava/lang/Object;)Z> (0x00000000e05d0a08) thrown at [D:\src\AOSP-openjdk-cygwin\jdk8u\hotspot\src\share\vm\interpreter\linkResolver.cpp, line 620]
Event: 2.640 Thread 0x000000001b7eb800 Exception <a 'java/lang/IncompatibleClassChangeError': Found class java.lang.Object, but interface was expected> (0x00000000e05e6cf8) thrown at [D:\src\AOSP-openjdk-cygwin\jdk8u\hotspot\src\share\vm\interpreter\linkResolver.cpp, line 653]
Event: 2.642 Thread 0x000000001b7eb800 Exception <a 'java/lang/NoSuchMethodError': java.lang.Object.lambda$or$2(Ljava/util/function/Predicate;Ljava/lang/Object;)Z> (0x00000000e05ebc08) thrown at [D:\src\AOSP-openjdk-cygwin\jdk8u\hotspot\src\share\vm\interpreter\linkResolver.cpp, line 620]

Events (10 events):
Event: 2.759 loading class org/gradle/internal/reflect/PropertyAccessorType done
Event: 2.759 loading class org/gradle/internal/reflect/PropertyAccessorType$1
Event: 2.759 loading class org/gradle/internal/reflect/PropertyAccessorType$1 done
Event: 2.760 loading class org/gradle/internal/reflect/PropertyAccessorType$2
Event: 2.760 loading class org/gradle/internal/reflect/PropertyAccessorType$2 done
Event: 2.760 loading class org/gradle/internal/reflect/PropertyAccessorType$3
Event: 2.760 loading class org/gradle/internal/reflect/PropertyAccessorType$3 done
Event: 2.761 loading class org/gradle/internal/reflect/MethodSet$MethodKey
Event: 2.761 loading class org/gradle/internal/reflect/MethodSet$MethodKey done
Event: 2.761 loading class java/beans/Introspector


Dynamic libraries:
0x00007ff739800000 - 0x00007ff739831000 	C:\Program Files\Android\Android Studio\jre\bin\java.exe
0x00007ffbab0c0000 - 0x00007ffbab2b0000 	C:\WINDOWS\SYSTEM32\ntdll.dll
0x00007ffba91e0000 - 0x00007ffba9292000 	C:\WINDOWS\System32\KERNEL32.DLL
0x00007ffba8250000 - 0x00007ffba84f3000 	C:\WINDOWS\System32\KERNELBASE.dll
0x00007ffba92a0000 - 0x00007ffba9343000 	C:\WINDOWS\System32\ADVAPI32.dll
0x00007ffba9360000 - 0x00007ffba93fe000 	C:\WINDOWS\System32\msvcrt.dll
0x00007ffbaad40000 - 0x00007ffbaadd7000 	C:\WINDOWS\System32\sechost.dll
0x00007ffba94b0000 - 0x00007ffba95d0000 	C:\WINDOWS\System32\RPCRT4.dll
0x00007ffba95d0000 - 0x00007ffba9764000 	C:\WINDOWS\System32\USER32.dll
0x00007ffba8500000 - 0x00007ffba8521000 	C:\WINDOWS\System32\win32u.dll
0x00007ffba9c50000 - 0x00007ffba9c76000 	C:\WINDOWS\System32\GDI32.dll
0x00007ffba8f80000 - 0x00007ffba9114000 	C:\WINDOWS\System32\gdi32full.dll
0x00007ffba85b0000 - 0x00007ffba864e000 	C:\WINDOWS\System32\msvcp_win.dll
0x00007ffba8df0000 - 0x00007ffba8eea000 	C:\WINDOWS\System32\ucrtbase.dll
0x00007ffb96050000 - 0x00007ffb962d5000 	C:\WINDOWS\WinSxS\amd64_microsoft.windows.common-controls_6595b64144ccf1df_6.0.18362.720_none_e6beb5c51314836b\COMCTL32.dll
0x00007ffba9910000 - 0x00007ffba9c46000 	C:\WINDOWS\System32\combase.dll
0x00007ffba8530000 - 0x00007ffba85b0000 	C:\WINDOWS\System32\bcryptPrimitives.dll
0x00007ffbaa390000 - 0x00007ffbaa3be000 	C:\WINDOWS\System32\IMM32.DLL
0x0000000073fc0000 - 0x0000000074092000 	C:\Program Files\Android\Android Studio\jre\jre\bin\msvcr100.dll
0x0000000074180000 - 0x00000000749c6000 	C:\Program Files\Android\Android Studio\jre\jre\bin\server\jvm.dll
0x00007ffba9d00000 - 0x00007ffba9d08000 	C:\WINDOWS\System32\PSAPI.DLL
0x00007ffba4d60000 - 0x00007ffba4d84000 	C:\WINDOWS\SYSTEM32\WINMM.dll
0x00007ffb9b4c0000 - 0x00007ffb9b4ca000 	C:\WINDOWS\SYSTEM32\VERSION.dll
0x00007ffb92d00000 - 0x00007ffb92d09000 	C:\WINDOWS\SYSTEM32\WSOCK32.dll
0x00007ffba9c90000 - 0x00007ffba9cff000 	C:\WINDOWS\System32\WS2_32.dll
0x00007ffba4d30000 - 0x00007ffba4d5d000 	C:\WINDOWS\SYSTEM32\WINMMBASE.dll
0x00007ffba9120000 - 0x00007ffba916a000 	C:\WINDOWS\System32\cfgmgr32.dll
0x00007ffba4250000 - 0x00007ffba425f000 	C:\Program Files\Android\Android Studio\jre\jre\bin\verify.dll
0x00007ffb9f4d0000 - 0x00007ffb9f4f9000 	C:\Program Files\Android\Android Studio\jre\jre\bin\java.dll
0x00007ffba3b10000 - 0x00007ffba3b26000 	C:\Program Files\Android\Android Studio\jre\jre\bin\zip.dll
0x00007ffbaa440000 - 0x00007ffbaab25000 	C:\WINDOWS\System32\SHELL32.dll
0x00007ffba9400000 - 0x00007ffba94a9000 	C:\WINDOWS\System32\shcore.dll
0x00007ffba8670000 - 0x00007ffba8df0000 	C:\WINDOWS\System32\windows.storage.dll
0x00007ffba8000000 - 0x00007ffba8023000 	C:\WINDOWS\System32\profapi.dll
0x00007ffba7fb0000 - 0x00007ffba7ffa000 	C:\WINDOWS\System32\powrprof.dll
0x00007ffba7f80000 - 0x00007ffba7f90000 	C:\WINDOWS\System32\UMPDC.dll
0x00007ffba9770000 - 0x00007ffba97c2000 	C:\WINDOWS\System32\shlwapi.dll
0x00007ffba8030000 - 0x00007ffba8041000 	C:\WINDOWS\System32\kernel.appcore.dll
0x00007ffba8650000 - 0x00007ffba8667000 	C:\WINDOWS\System32\cryptsp.dll
0x00007ffb9f270000 - 0x00007ffb9f28a000 	C:\Program Files\Android\Android Studio\jre\jre\bin\net.dll
0x00007ffb97780000 - 0x00007ffb97955000 	C:\WINDOWS\SYSTEM32\urlmon.dll
0x00007ffb97ab0000 - 0x00007ffb97d56000 	C:\WINDOWS\SYSTEM32\iertutil.dll
0x00007ffba78c0000 - 0x00007ffba78cc000 	C:\WINDOWS\SYSTEM32\CRYPTBASE.DLL
0x00007ffba7740000 - 0x00007ffba77a7000 	C:\WINDOWS\system32\mswsock.dll
0x00007ffb9f250000 - 0x00007ffb9f263000 	C:\Program Files\Android\Android Studio\jre\jre\bin\nio.dll
0x00007ffb8fb30000 - 0x00007ffb8fb56000 	C:\Users\dream\.gradle\native\30\windows-amd64\native-platform.dll
0x00007ffba0cb0000 - 0x00007ffba0cbd000 	C:\Program Files\Android\Android Studio\jre\jre\bin\management.dll
0x00007ffba72c0000 - 0x00007ffba72f3000 	C:\WINDOWS\system32\rsaenh.dll
0x00007ffba8f50000 - 0x00007ffba8f76000 	C:\WINDOWS\System32\bcrypt.dll
0x00007ffba7ea0000 - 0x00007ffba7ec5000 	C:\WINDOWS\SYSTEM32\USERENV.dll
0x00007ffba7460000 - 0x00007ffba749a000 	C:\WINDOWS\SYSTEM32\IPHLPAPI.DLL
0x00007ffba9350000 - 0x00007ffba9358000 	C:\WINDOWS\System32\NSI.dll
0x00007ffb9d810000 - 0x00007ffb9d826000 	C:\WINDOWS\SYSTEM32\dhcpcsvc6.DLL
0x00007ffb9d7f0000 - 0x00007ffb9d80c000 	C:\WINDOWS\SYSTEM32\dhcpcsvc.DLL
0x00007ffba74b0000 - 0x00007ffba757a000 	C:\WINDOWS\SYSTEM32\DNSAPI.dll

VM Arguments:
jvm_args: -Xmx1536m -Dfile.encoding=windows-1252 -Duser.country=US -Duser.language=en -Duser.variant 
java_command: org.gradle.launcher.daemon.bootstrap.GradleDaemon 5.6.4
java_class_path (initial): C:\Users\dream\.gradle\wrapper\dists\gradle-5.6.4-all\ankdp27end7byghfw1q2sw75f\gradle-5.6.4\lib\gradle-launcher-5.6.4.jar
Launcher Type: SUN_STANDARD

Environment Variables:
PATH=C:\Program Files (x86)\Intel\Intel(R) Management Engine Components\iCLS\;C:\Program Files\Intel\Intel(R) Management Engine Components\iCLS\;C:\WINDOWS\system32;C:\WINDOWS;C:\WINDOWS\System32\Wbem;C:\WINDOWS\System32\WindowsPowerShell\v1.0\;C:\WINDOWS\System32\OpenSSH\;C:\Program Files (x86)\Intel\Intel(R) Management Engine Components\DAL;C:\Program Files\Intel\Intel(R) Management Engine Components\DAL;C:\Program Files (x86)\Intel\Intel(R) Management Engine Components\IPT;C:\Program Files\Intel\Intel(R) Management Engine Components\IPT;C:\Program Files\Git\cmd;C:\Users\dream\AppData\Local\Microsoft\WindowsApps;C:\Users\dream\AppData\Local\Programs\Microsoft VS Code\bin
USERNAME=dream
OS=Windows_NT
PROCESSOR_IDENTIFIER=Intel64 Family 6 Model 142 Stepping 10, GenuineIntel



---------------  S Y S T E M  ---------------

OS: Windows 10.0 , 64 bit Build 18362 (10.0.18362.329)

CPU:total 8 (initial active 8) (4 cores per cpu, 2 threads per core) family 6 model 142 stepping 10, cmov, cx8, fxsr, mmx, sse, sse2, sse3, ssse3, sse4.1, sse4.2, popcnt, avx, avx2, aes, clmul, erms, 3dnowpref, lzcnt, ht, tsc, tscinvbit, bmi1, bmi2, adx

Memory: 4k page, physical 8227540k(1367320k free), swap 8227540k(5516k free)

vm_info: OpenJDK 64-Bit Server VM (25.212-b04) for windows-amd64 JRE (1.8.0_212-release-1586-b04), built by "builder" with MS VC++ 10.0 (VS2010)

time: Wed Apr 15 21:54:13 2020
timezone: SE Asia Standard Time
elapsed time: 2 seconds (0d 0h 0m 2s)

