#
# There is insufficient memory for the Java Runtime Environment to continue.
# Native memory allocation (malloc) failed to allocate 1088016 bytes for Chunk::new
# Possible reasons:
#   The system is out of physical RAM or swap space
#   The process is running with CompressedOops enabled, and the Java Heap may be blocking the growth of the native heap
# Possible solutions:
#   Reduce memory load on the system
#   Increase physical memory or swap space
#   Check if swap backing store is full
#   Decrease Java heap size (-Xmx/-Xms)
#   Decrease number of Java threads
#   Decrease Java thread stack sizes (-Xss)
#   Set larger code cache with -XX:ReservedCodeCacheSize=
#   JVM is running with Unscaled Compressed Oops mode in which the Java heap is
#     placed in the first 4GB address space. The Java Heap base address is the
#     maximum limit for the native heap growth. Please use -XX:HeapBaseMinAddress
#     to set the Java Heap base and to place the Java Heap above 4GB virtual address.
# This output file may be truncated or incomplete.
#
#  Out of Memory Error (allocation.cpp:389), pid=7056, tid=0x0000000000001ee4
#
# JRE version: OpenJDK Runtime Environment (8.0_212-b04) (build 1.8.0_212-release-1586-b04)
# Java VM: OpenJDK 64-Bit Server VM (25.212-b04 mixed mode windows-amd64 compressed oops)
# Failed to write core dump. Minidumps are not enabled by default on client versions of Windows
#

---------------  T H R E A D  ---------------

Current thread (0x00000000187da000):  JavaThread "C2 CompilerThread0" daemon [_thread_in_native, id=7908, stack(0x00000000190b0000,0x00000000191b0000)]

Stack: [0x00000000190b0000,0x00000000191b0000]
[error occurred during error reporting (printing stack bounds), id 0xc0000005]

Native frames: (J=compiled Java code, j=interpreted, Vv=VM code, C=native code)


Current CompileTask:
C2:   7629 3802   !   4       java.util.jar.Attributes::read (380 bytes)


---------------  P R O C E S S  ---------------

Java Threads: ( => current thread )
  0x000000001d8a6800 JavaThread "Cache worker for Build Output Cleanup Cache (C:\Users\dream\AndroidStudioProjects\BrainGame\.gradle\buildOutputCleanup)" [_thread_blocked, id=11320, stack(0x0000000023a50000,0x0000000023b50000)]
  0x000000001d8a0800 JavaThread "pool-1-thread-1" [_thread_blocked, id=1476, stack(0x0000000023750000,0x0000000023850000)]
  0x000000001d8a5800 JavaThread "Build operations Thread 8" [_thread_blocked, id=11908, stack(0x0000000023250000,0x0000000023350000)]
  0x000000001d8a5000 JavaThread "Build operations Thread 7" [_thread_blocked, id=13240, stack(0x0000000023150000,0x0000000023250000)]
  0x000000001d89d800 JavaThread "Build operations Thread 6" [_thread_blocked, id=7164, stack(0x0000000023050000,0x0000000023150000)]
  0x000000001d8a1000 JavaThread "Build operations Thread 5" [_thread_blocked, id=5716, stack(0x0000000022f50000,0x0000000023050000)]
  0x000000001d8a4000 JavaThread "Build operations Thread 4" [_thread_blocked, id=1412, stack(0x0000000022e50000,0x0000000022f50000)]
  0x000000001d89f000 JavaThread "Build operations Thread 3" [_thread_blocked, id=12044, stack(0x0000000022d50000,0x0000000022e50000)]
  0x000000001d89c800 JavaThread "Build operations Thread 2" [_thread_blocked, id=11280, stack(0x00000000229f0000,0x0000000022af0000)]
  0x000000001d8a3800 JavaThread "Build operations" [_thread_blocked, id=3364, stack(0x00000000228f0000,0x00000000229f0000)]
  0x000000001d89c000 JavaThread "Cache worker for execution history cache (C:\Users\dream\.gradle\caches\5.6.4\executionHistory)" [_thread_blocked, id=3016, stack(0x00000000213a0000,0x00000000214a0000)]
  0x000000001d89e000 JavaThread "Cache worker for cache directory md-rule (C:\Users\dream\.gradle\caches\5.6.4\md-rule)" [_thread_blocked, id=13192, stack(0x00000000212a0000,0x00000000213a0000)]
  0x000000001d8a2000 JavaThread "Cache worker for cache directory md-supplier (C:\Users\dream\.gradle\caches\5.6.4\md-supplier)" [_thread_blocked, id=13716, stack(0x00000000211a0000,0x00000000212a0000)]
  0x0000000019f77800 JavaThread "Cache worker for file hash cache (C:\Users\dream\AndroidStudioProjects\BrainGame\.gradle\5.6.4\fileHashes)" [_thread_blocked, id=13756, stack(0x000000001f870000,0x000000001f970000)]
  0x0000000019f7a800 JavaThread "Cache worker for journal cache (C:\Users\dream\.gradle\caches\journal-1)" [_thread_blocked, id=10124, stack(0x000000001d3d0000,0x000000001d4d0000)]
  0x0000000019f7b000 JavaThread "File lock request listener" [_thread_in_native, id=14628, stack(0x000000001d2d0000,0x000000001d3d0000)]
  0x0000000019f7d800 JavaThread "Cache worker for file hash cache (C:\Users\dream\.gradle\caches\5.6.4\fileHashes)" [_thread_blocked, id=3460, stack(0x000000001d1d0000,0x000000001d2d0000)]
  0x000000001b24d800 JavaThread "Thread-9" [_thread_blocked, id=11712, stack(0x000000001d0d0000,0x000000001d1d0000)]
  0x000000001b24d000 JavaThread "Stdin handler" [_thread_blocked, id=1336, stack(0x000000001cfd0000,0x000000001d0d0000)]
  0x000000001b24a000 JavaThread "Asynchronous log dispatcher for DefaultDaemonConnection: socket connection from /127.0.0.1:54687 to /127.0.0.1:54688" [_thread_blocked, id=7380, stack(0x000000001cdd0000,0x000000001ced0000)]
  0x000000001b20c800 JavaThread "Daemon worker" [_thread_in_Java, id=8732, stack(0x000000001ccd0000,0x000000001cdd0000)]
  0x000000001b209800 JavaThread "Cancel handler" [_thread_blocked, id=3048, stack(0x000000001cbd0000,0x000000001ccd0000)]
  0x000000001b1c5800 JavaThread "Handler for socket connection from /127.0.0.1:54687 to /127.0.0.1:54688" [_thread_in_native, id=7304, stack(0x000000001c8d0000,0x000000001c9d0000)]
  0x000000001b1bc800 JavaThread "Daemon" [_thread_blocked, id=13888, stack(0x000000001c7d0000,0x000000001c8d0000)]
  0x000000001b174000 JavaThread "Daemon periodic checks" [_thread_blocked, id=3372, stack(0x000000001c6d0000,0x000000001c7d0000)]
  0x000000001b168800 JavaThread "Incoming local TCP Connector on port 54687" [_thread_in_native, id=10928, stack(0x000000001c490000,0x000000001c590000)]
  0x00000000188f0800 JavaThread "Daemon health stats" [_thread_blocked, id=12516, stack(0x000000001be50000,0x000000001bf50000)]
  0x0000000018836000 JavaThread "Service Thread" daemon [_thread_blocked, id=6432, stack(0x00000000194b0000,0x00000000195b0000)]
  0x00000000187f7800 JavaThread "C1 CompilerThread3" daemon [_thread_in_native, id=10072, stack(0x00000000193b0000,0x00000000194b0000)]
  0x00000000187e5000 JavaThread "C2 CompilerThread2" daemon [_thread_blocked, id=6372, stack(0x00000000192b0000,0x00000000193b0000)]
  0x00000000187dd800 JavaThread "C2 CompilerThread1" daemon [_thread_blocked, id=3656, stack(0x00000000191b0000,0x00000000192b0000)]
=>0x00000000187da000 JavaThread "C2 CompilerThread0" daemon [_thread_in_native, id=7908, stack(0x00000000190b0000,0x00000000191b0000)]
  0x00000000187d9000 JavaThread "Attach Listener" daemon [_thread_blocked, id=7868, stack(0x0000000018fb0000,0x00000000190b0000)]
  0x00000000187d6000 JavaThread "Signal Dispatcher" daemon [_thread_blocked, id=7792, stack(0x0000000018eb0000,0x0000000018fb0000)]
  0x0000000002c19000 JavaThread "Finalizer" daemon [_thread_blocked, id=1572, stack(0x0000000018cb0000,0x0000000018db0000)]
  0x0000000002c15800 JavaThread "Reference Handler" daemon [_thread_blocked, id=8852, stack(0x0000000018bb0000,0x0000000018cb0000)]
  0x000000000112d800 JavaThread "main" [_thread_blocked, id=7088, stack(0x00000000029b0000,0x0000000002ab0000)]

Other Threads:
  0x00000000169d8000 VMThread [stack: 0x00000000186b0000,0x00000000187b0000] [id=12664]
  0x0000000018837000 WatcherThread [stack: 0x00000000195b0000,0x00000000196b0000] [id=11168]

VM state:not at safepoint (normal execution)

VM Mutex/Monitor currently owned by a thread: None

heap address: 0x00000000a0000000, size: 1536 MB, Compressed Oops mode: 32-bit
Narrow klass base: 0x0000000000000000, Narrow klass shift: 3
Compressed class space size: 1073741824 Address: 0x0000000100000000

Heap:
 PSYoungGen      total 112640K, used 90297K [0x00000000e0000000, 0x00000000e9d80000, 0x0000000100000000)
  eden space 100864K, 89% used [0x00000000e0000000,0x00000000e582e6b0,0x00000000e6280000)
  from space 11776K, 0% used [0x00000000e6280000,0x00000000e6280000,0x00000000e6e00000)
  to   space 12800K, 0% used [0x00000000e9100000,0x00000000e9100000,0x00000000e9d80000)
 ParOldGen       total 59904K, used 17664K [0x00000000a0000000, 0x00000000a3a80000, 0x00000000e0000000)
  object space 59904K, 29% used [0x00000000a0000000,0x00000000a1140100,0x00000000a3a80000)
 Metaspace       used 43238K, capacity 44396K, committed 44544K, reserved 1087488K
  class space    used 5843K, capacity 6132K, committed 6144K, reserved 1048576K

Card table byte_map: [0x0000000011fe0000,0x00000000122f0000] byte_map_base: 0x0000000011ae0000

Marking Bits: (ParMarkBitMap*) 0x0000000074949f30
 Begin Bits: [0x0000000012cf0000, 0x00000000144f0000)
 End Bits:   [0x00000000144f0000, 0x0000000015cf0000)

Polling page: 0x00000000009f0000

CodeCache: size=245760Kb used=12440Kb max_used=12440Kb free=233319Kb
 bounds [0x0000000002c20000, 0x0000000003850000, 0x0000000011c20000]
 total_blobs=4413 nmethods=3667 adapters=659
 compilation: enabled

Compilation events (10 events):
Event: 7.600 Thread 0x00000000187e5000 3889       4       java.util.HashMap$EntryIterator::next (5 bytes)
Event: 7.604 Thread 0x00000000187e5000 nmethod 3889 0x00000000038413d0 code [0x0000000003841520, 0x0000000003841718]
Event: 7.607 Thread 0x00000000187f7800 3890       3       sun.misc.URLClassPath::getResource (83 bytes)
Event: 7.608 Thread 0x00000000187f7800 nmethod 3890 0x000000000383d910 code [0x000000000383daa0, 0x000000000383de68]
Event: 7.609 Thread 0x00000000187f7800 3891       3       java.util.jar.JarFile::maybeInstantiateVerifier (96 bytes)
Event: 7.610 Thread 0x00000000187f7800 nmethod 3891 0x00000000038431d0 code [0x0000000003843400, 0x00000000038440a8]
Event: 7.612 Thread 0x00000000187f7800 3892       3       java.net.URLClassLoader$1::run (5 bytes)
Event: 7.612 Thread 0x00000000187f7800 nmethod 3892 0x000000000383d590 code [0x000000000383d700, 0x000000000383d888]
Event: 7.613 Thread 0x00000000187f7800 3893   !   3       java.net.URLClassLoader$1::run (63 bytes)
Event: 7.613 Thread 0x00000000187f7800 nmethod 3893 0x0000000003842810 code [0x00000000038429e0, 0x0000000003842ee8]

GC Heap History (10 events):
Event: 3.639 GC heap before
{Heap before GC invocations=7 (full 1):
 PSYoungGen      total 75776K, used 8863K [0x00000000e0000000, 0x00000000e5600000, 0x0000000100000000)
  eden space 65024K, 0% used [0x00000000e0000000,0x00000000e0000000,0x00000000e3f80000)
  from space 10752K, 82% used [0x00000000e4a80000,0x00000000e5327dd0,0x00000000e5500000)
  to   space 11264K, 0% used [0x00000000e3f80000,0x00000000e3f80000,0x00000000e4a80000)
 ParOldGen       total 86016K, used 7475K [0x00000000a0000000, 0x00000000a5400000, 0x00000000e0000000)
  object space 86016K, 8% used [0x00000000a0000000,0x00000000a074cf20,0x00000000a5400000)
 Metaspace       used 20591K, capacity 21106K, committed 21296K, reserved 1067008K
  class space    used 2972K, capacity 3129K, committed 3200K, reserved 1048576K
Event: 3.679 GC heap after
Heap after GC invocations=7 (full 1):
 PSYoungGen      total 75776K, used 0K [0x00000000e0000000, 0x00000000e5600000, 0x0000000100000000)
  eden space 65024K, 0% used [0x00000000e0000000,0x00000000e0000000,0x00000000e3f80000)
  from space 10752K, 0% used [0x00000000e4a80000,0x00000000e4a80000,0x00000000e5500000)
  to   space 11264K, 0% used [0x00000000e3f80000,0x00000000e3f80000,0x00000000e4a80000)
 ParOldGen       total 59904K, used 9523K [0x00000000a0000000, 0x00000000a3a80000, 0x00000000e0000000)
  object space 59904K, 15% used [0x00000000a0000000,0x00000000a094cde0,0x00000000a3a80000)
 Metaspace       used 20591K, capacity 21106K, committed 21296K, reserved 1067008K
  class space    used 2972K, capacity 3129K, committed 3200K, reserved 1048576K
}
Event: 4.865 GC heap before
{Heap before GC invocations=8 (full 1):
 PSYoungGen      total 75776K, used 65024K [0x00000000e0000000, 0x00000000e5600000, 0x0000000100000000)
  eden space 65024K, 100% used [0x00000000e0000000,0x00000000e3f80000,0x00000000e3f80000)
  from space 10752K, 0% used [0x00000000e4a80000,0x00000000e4a80000,0x00000000e5500000)
  to   space 11264K, 0% used [0x00000000e3f80000,0x00000000e3f80000,0x00000000e4a80000)
 ParOldGen       total 59904K, used 9523K [0x00000000a0000000, 0x00000000a3a80000, 0x00000000e0000000)
  object space 59904K, 15% used [0x00000000a0000000,0x00000000a094cde0,0x00000000a3a80000)
 Metaspace       used 28917K, capacity 29424K, committed 29696K, reserved 1075200K
  class space    used 3891K, capacity 4063K, committed 4096K, reserved 1048576K
Event: 4.875 GC heap after
Heap after GC invocations=8 (full 1):
 PSYoungGen      total 76288K, used 7945K [0x00000000e0000000, 0x00000000e7980000, 0x0000000100000000)
  eden space 65024K, 0% used [0x00000000e0000000,0x00000000e0000000,0x00000000e3f80000)
  from space 11264K, 70% used [0x00000000e3f80000,0x00000000e47426c8,0x00000000e4a80000)
  to   space 11264K, 0% used [0x00000000e6e80000,0x00000000e6e80000,0x00000000e7980000)
 ParOldGen       total 59904K, used 9531K [0x00000000a0000000, 0x00000000a3a80000, 0x00000000e0000000)
  object space 59904K, 15% used [0x00000000a0000000,0x00000000a094ede0,0x00000000a3a80000)
 Metaspace       used 28917K, capacity 29424K, committed 29696K, reserved 1075200K
  class space    used 3891K, capacity 4063K, committed 4096K, reserved 1048576K
}
Event: 5.677 GC heap before
{Heap before GC invocations=9 (full 1):
 PSYoungGen      total 76288K, used 72969K [0x00000000e0000000, 0x00000000e7980000, 0x0000000100000000)
  eden space 65024K, 100% used [0x00000000e0000000,0x00000000e3f80000,0x00000000e3f80000)
  from space 11264K, 70% used [0x00000000e3f80000,0x00000000e47426c8,0x00000000e4a80000)
  to   space 11264K, 0% used [0x00000000e6e80000,0x00000000e6e80000,0x00000000e7980000)
 ParOldGen       total 59904K, used 9531K [0x00000000a0000000, 0x00000000a3a80000, 0x00000000e0000000)
  object space 59904K, 15% used [0x00000000a0000000,0x00000000a094ede0,0x00000000a3a80000)
 Metaspace       used 31783K, capacity 32372K, committed 32768K, reserved 1077248K
  class space    used 4351K, capacity 4555K, committed 4608K, reserved 1048576K
Event: 5.687 GC heap after
Heap after GC invocations=9 (full 1):
 PSYoungGen      total 112128K, used 8581K [0x00000000e0000000, 0x00000000e7980000, 0x0000000100000000)
  eden space 100864K, 0% used [0x00000000e0000000,0x00000000e0000000,0x00000000e6280000)
  from space 11264K, 76% used [0x00000000e6e80000,0x00000000e76e16b0,0x00000000e7980000)
  to   space 11776K, 0% used [0x00000000e6280000,0x00000000e6280000,0x00000000e6e00000)
 ParOldGen       total 59904K, used 9539K [0x00000000a0000000, 0x00000000a3a80000, 0x00000000e0000000)
  object space 59904K, 15% used [0x00000000a0000000,0x00000000a0950de0,0x00000000a3a80000)
 Metaspace       used 31783K, capacity 32372K, committed 32768K, reserved 1077248K
  class space    used 4351K, capacity 4555K, committed 4608K, reserved 1048576K
}
Event: 6.344 GC heap before
{Heap before GC invocations=10 (full 1):
 PSYoungGen      total 112128K, used 72359K [0x00000000e0000000, 0x00000000e7980000, 0x0000000100000000)
  eden space 100864K, 63% used [0x00000000e0000000,0x00000000e3e48620,0x00000000e6280000)
  from space 11264K, 76% used [0x00000000e6e80000,0x00000000e76e16b0,0x00000000e7980000)
  to   space 11776K, 0% used [0x00000000e6280000,0x00000000e6280000,0x00000000e6e00000)
 ParOldGen       total 59904K, used 9539K [0x00000000a0000000, 0x00000000a3a80000, 0x00000000e0000000)
  object space 59904K, 15% used [0x00000000a0000000,0x00000000a0950de0,0x00000000a3a80000)
 Metaspace       used 34516K, capacity 35338K, committed 35456K, reserved 1079296K
  class space    used 4728K, capacity 4934K, committed 4992K, reserved 1048576K
Event: 6.357 GC heap after
Heap after GC invocations=10 (full 1):
 PSYoungGen      total 112640K, used 10942K [0x00000000e0000000, 0x00000000e9d80000, 0x0000000100000000)
  eden space 100864K, 0% used [0x00000000e0000000,0x00000000e0000000,0x00000000e6280000)
  from space 11776K, 92% used [0x00000000e6280000,0x00000000e6d2f998,0x00000000e6e00000)
  to   space 12800K, 0% used [0x00000000e9100000,0x00000000e9100000,0x00000000e9d80000)
 ParOldGen       total 59904K, used 9547K [0x00000000a0000000, 0x00000000a3a80000, 0x00000000e0000000)
  object space 59904K, 15% used [0x00000000a0000000,0x00000000a0952de0,0x00000000a3a80000)
 Metaspace       used 34516K, capacity 35338K, committed 35456K, reserved 1079296K
  class space    used 4728K, capacity 4934K, committed 4992K, reserved 1048576K
}
Event: 6.357 GC heap before
{Heap before GC invocations=11 (full 2):
 PSYoungGen      total 112640K, used 10942K [0x00000000e0000000, 0x00000000e9d80000, 0x0000000100000000)
  eden space 100864K, 0% used [0x00000000e0000000,0x00000000e0000000,0x00000000e6280000)
  from space 11776K, 92% used [0x00000000e6280000,0x00000000e6d2f998,0x00000000e6e00000)
  to   space 12800K, 0% used [0x00000000e9100000,0x00000000e9100000,0x00000000e9d80000)
 ParOldGen       total 59904K, used 9547K [0x00000000a0000000, 0x00000000a3a80000, 0x00000000e0000000)
  object space 59904K, 15% used [0x00000000a0000000,0x00000000a0952de0,0x00000000a3a80000)
 Metaspace       used 34516K, capacity 35338K, committed 35456K, reserved 1079296K
  class space    used 4728K, capacity 4934K, committed 4992K, reserved 1048576K
Event: 6.421 GC heap after
Heap after GC invocations=11 (full 2):
 PSYoungGen      total 112640K, used 0K [0x00000000e0000000, 0x00000000e9d80000, 0x0000000100000000)
  eden space 100864K, 0% used [0x00000000e0000000,0x00000000e0000000,0x00000000e6280000)
  from space 11776K, 0% used [0x00000000e6280000,0x00000000e6280000,0x00000000e6e00000)
  to   space 12800K, 0% used [0x00000000e9100000,0x00000000e9100000,0x00000000e9d80000)
 ParOldGen       total 59904K, used 17664K [0x00000000a0000000, 0x00000000a3a80000, 0x00000000e0000000)
  object space 59904K, 29% used [0x00000000a0000000,0x00000000a1140100,0x00000000a3a80000)
 Metaspace       used 34487K, capacity 35242K, committed 35456K, reserved 1079296K
  class space    used 4720K, capacity 4918K, committed 4992K, reserved 1048576K
}

Deoptimization events (10 events):
Event: 7.515 Thread 0x000000001b20c800 Uncommon trap: reason=unstable_if action=reinterpret pc=0x0000000003108f3c method=java.lang.CharacterDataLatin1.isWhitespace(I)Z @ 14
Event: 7.552 Thread 0x000000001b20c800 Uncommon trap: reason=unstable_if action=reinterpret pc=0x0000000003783a00 method=java.util.jar.JarFile.maybeInstantiateVerifier()V @ 4
Event: 7.555 Thread 0x000000001b20c800 Uncommon trap: reason=unstable_if action=reinterpret pc=0x0000000002e68894 method=java.util.jar.JarFile.maybeInstantiateVerifier()V @ 4
Event: 7.556 Thread 0x000000001b20c800 Uncommon trap: reason=unstable_if action=reinterpret pc=0x0000000003765cf0 method=java.security.CodeSource.<init>(Ljava/net/URL;[Ljava/security/CodeSigner;)V @ 25
Event: 7.557 Thread 0x000000001b20c800 Uncommon trap: reason=unstable_if action=reinterpret pc=0x00000000031866ac method=java.security.CodeSource.getCertificates()[Ljava/security/cert/Certificate; @ 22
Event: 7.557 Thread 0x000000001b20c800 Uncommon trap: reason=unstable_if action=reinterpret pc=0x00000000034bad20 method=java.util.jar.JarFile.maybeInstantiateVerifier()V @ 4
Event: 7.557 Thread 0x000000001b20c800 Uncommon trap: reason=unstable_if action=reinterpret pc=0x00000000036e1828 method=java.util.jar.JarFile.maybeInstantiateVerifier()V @ 4
Event: 7.557 Thread 0x000000001b20c800 Uncommon trap: reason=unstable_if action=reinterpret pc=0x00000000030f9470 method=java.util.jar.JarFile.maybeInstantiateVerifier()V @ 4
Event: 7.557 Thread 0x000000001b20c800 Uncommon trap: reason=unstable_if action=reinterpret pc=0x0000000002e7247c method=java.security.CodeSource.matchCerts(Ljava/security/CodeSource;Z)Z @ 11
Event: 7.581 Thread 0x000000001b20c800 Uncommon trap: reason=unstable_if action=reinterpret pc=0x0000000002d2d838 method=java.util.LinkedHashMap.get(Ljava/lang/Object;)Ljava/lang/Object; @ 20

Classes redefined (0 events):
No events

Internal exceptions (10 events):
Event: 6.592 Thread 0x000000001b20c800 Exception <a 'java/lang/ClassNotFoundException': org/gradle/api/tasks/DeleteCustomizer> (0x00000000e0ae4650) thrown at [D:\src\AOSP-openjdk-cygwin\jdk8u\hotspot\src\share\vm\classfile\systemDictionary.cpp, line 210]
Event: 6.594 Thread 0x000000001b20c800 Exception <a 'java/lang/ClassNotFoundException': org/gradle/api/tasks/Delete_DecoratedCustomizer> (0x00000000e0b33a70) thrown at [D:\src\AOSP-openjdk-cygwin\jdk8u\hotspot\src\share\vm\classfile\systemDictionary.cpp, line 210]
Event: 6.616 Thread 0x000000001b20c800 Exception <a 'java/lang/ClassNotFoundException': build_ezmf8t20d3dnkjfy2dfmwujwxBeanInfo> (0x00000000e0c3aaa0) thrown at [D:\src\AOSP-openjdk-cygwin\jdk8u\hotspot\src\share\vm\classfile\systemDictionary.cpp, line 210]
Event: 6.616 Thread 0x000000001b20c800 Exception <a 'java/lang/ClassNotFoundException': build_ezmf8t20d3dnkjfy2dfmwujwxCustomizer> (0x00000000e0c474b0) thrown at [D:\src\AOSP-openjdk-cygwin\jdk8u\hotspot\src\share\vm\classfile\systemDictionary.cpp, line 210]
Event: 6.622 Thread 0x000000001b20c800 Exception <a 'java/lang/ClassNotFoundException': org/gradle/api/internal/plugins/DefaultObjectConfigurationActionBeanInfo> (0x00000000e0cc1230) thrown at [D:\src\AOSP-openjdk-cygwin\jdk8u\hotspot\src\share\vm\classfile\systemDictionary.cpp, line 210]
Event: 6.622 Thread 0x000000001b20c800 Exception <a 'java/lang/ClassNotFoundException': org/gradle/api/internal/plugins/DefaultObjectConfigurationActionCustomizer> (0x00000000e0d07840) thrown at [D:\src\AOSP-openjdk-cygwin\jdk8u\hotspot\src\share\vm\classfile\systemDictionary.cpp, line 210]
Event: 6.828 Thread 0x000000001b20c800 Implicit null exception at 0x0000000003784aa7 to 0x0000000003785ad5
Event: 6.829 Thread 0x000000001b20c800 Implicit null exception at 0x00000000035db395 to 0x00000000035db67d
Event: 6.919 Thread 0x000000001b20c800 Exception <a 'sun/nio/fs/WindowsException'> (0x00000000e2071ed0) thrown at [D:\src\AOSP-openjdk-cygwin\jdk8u\hotspot\src\share\vm\prims\jni.cpp, line 710]
Event: 7.481 Thread 0x000000001b20c800 Implicit null exception at 0x0000000003768be8 to 0x0000000003769101

Events (10 events):
Event: 7.625 loading class com/android/builder/model/PackagingOptions
Event: 7.625 loading class com/android/builder/model/PackagingOptions done
Event: 7.625 loading class com/android/build/api/transform/Transform
Event: 7.625 loading class com/android/build/api/transform/Transform done
Event: 7.626 loading class com/android/build/gradle/api/ApplicationVariant
Event: 7.626 loading class com/android/build/gradle/api/ApplicationVariant done
Event: 7.626 loading class com/android/build/gradle/internal/api/TestedVariant
Event: 7.626 loading class com/android/build/gradle/internal/api/TestedVariant done
Event: 7.627 loading class com/android/builder/core/LibraryRequest
Event: 7.627 loading class com/android/builder/core/LibraryRequest done


Dynamic libraries:
0x00007ff739800000 - 0x00007ff739831000 	C:\Program Files\Android\Android Studio\jre\bin\java.exe
0x00007ffbab0c0000 - 0x00007ffbab2b0000 	C:\WINDOWS\SYSTEM32\ntdll.dll
0x00007ffba91e0000 - 0x00007ffba9292000 	C:\WINDOWS\System32\KERNEL32.DLL
0x00007ffba8250000 - 0x00007ffba84f3000 	C:\WINDOWS\System32\KERNELBASE.dll
0x00007ffba92a0000 - 0x00007ffba9343000 	C:\WINDOWS\System32\ADVAPI32.dll
0x00007ffba9360000 - 0x00007ffba93fe000 	C:\WINDOWS\System32\msvcrt.dll
0x00007ffbaad40000 - 0x00007ffbaadd7000 	C:\WINDOWS\System32\sechost.dll
0x00007ffba94b0000 - 0x00007ffba95d0000 	C:\WINDOWS\System32\RPCRT4.dll
0x00007ffba95d0000 - 0x00007ffba9764000 	C:\WINDOWS\System32\USER32.dll
0x00007ffba8500000 - 0x00007ffba8521000 	C:\WINDOWS\System32\win32u.dll
0x00007ffba9c50000 - 0x00007ffba9c76000 	C:\WINDOWS\System32\GDI32.dll
0x00007ffba8f80000 - 0x00007ffba9114000 	C:\WINDOWS\System32\gdi32full.dll
0x00007ffba85b0000 - 0x00007ffba864e000 	C:\WINDOWS\System32\msvcp_win.dll
0x00007ffba8df0000 - 0x00007ffba8eea000 	C:\WINDOWS\System32\ucrtbase.dll
0x00007ffb96050000 - 0x00007ffb962d5000 	C:\WINDOWS\WinSxS\amd64_microsoft.windows.common-controls_6595b64144ccf1df_6.0.18362.720_none_e6beb5c51314836b\COMCTL32.dll
0x00007ffba9910000 - 0x00007ffba9c46000 	C:\WINDOWS\System32\combase.dll
0x00007ffba8530000 - 0x00007ffba85b0000 	C:\WINDOWS\System32\bcryptPrimitives.dll
0x00007ffbaa390000 - 0x00007ffbaa3be000 	C:\WINDOWS\System32\IMM32.DLL
0x0000000073fc0000 - 0x0000000074092000 	C:\Program Files\Android\Android Studio\jre\jre\bin\msvcr100.dll
0x0000000074180000 - 0x00000000749c6000 	C:\Program Files\Android\Android Studio\jre\jre\bin\server\jvm.dll
0x00007ffba9d00000 - 0x00007ffba9d08000 	C:\WINDOWS\System32\PSAPI.DLL
0x00007ffba4d60000 - 0x00007ffba4d84000 	C:\WINDOWS\SYSTEM32\WINMM.dll
0x00007ffb92d00000 - 0x00007ffb92d09000 	C:\WINDOWS\SYSTEM32\WSOCK32.dll
0x00007ffb9b4c0000 - 0x00007ffb9b4ca000 	C:\WINDOWS\SYSTEM32\VERSION.dll
0x00007ffba9c90000 - 0x00007ffba9cff000 	C:\WINDOWS\System32\WS2_32.dll
0x00007ffba4d30000 - 0x00007ffba4d5d000 	C:\WINDOWS\SYSTEM32\winmmbase.dll
0x00007ffba9120000 - 0x00007ffba916a000 	C:\WINDOWS\System32\cfgmgr32.dll
0x00007ffba4250000 - 0x00007ffba425f000 	C:\Program Files\Android\Android Studio\jre\jre\bin\verify.dll
0x00007ffb9f4d0000 - 0x00007ffb9f4f9000 	C:\Program Files\Android\Android Studio\jre\jre\bin\java.dll
0x00007ffba3b10000 - 0x00007ffba3b26000 	C:\Program Files\Android\Android Studio\jre\jre\bin\zip.dll
0x00007ffbaa440000 - 0x00007ffbaab25000 	C:\WINDOWS\System32\SHELL32.dll
0x00007ffba9400000 - 0x00007ffba94a9000 	C:\WINDOWS\System32\shcore.dll
0x00007ffba8670000 - 0x00007ffba8df0000 	C:\WINDOWS\System32\windows.storage.dll
0x00007ffba8000000 - 0x00007ffba8023000 	C:\WINDOWS\System32\profapi.dll
0x00007ffba7fb0000 - 0x00007ffba7ffa000 	C:\WINDOWS\System32\powrprof.dll
0x00007ffba7f80000 - 0x00007ffba7f90000 	C:\WINDOWS\System32\UMPDC.dll
0x00007ffba9770000 - 0x00007ffba97c2000 	C:\WINDOWS\System32\shlwapi.dll
0x00007ffba8030000 - 0x00007ffba8041000 	C:\WINDOWS\System32\kernel.appcore.dll
0x00007ffba8650000 - 0x00007ffba8667000 	C:\WINDOWS\System32\cryptsp.dll
0x00007ffb9f270000 - 0x00007ffb9f28a000 	C:\Program Files\Android\Android Studio\jre\jre\bin\net.dll
0x00007ffb97780000 - 0x00007ffb97955000 	C:\WINDOWS\SYSTEM32\urlmon.dll
0x00007ffb97ab0000 - 0x00007ffb97d56000 	C:\WINDOWS\SYSTEM32\iertutil.dll
0x00007ffba78c0000 - 0x00007ffba78cc000 	C:\WINDOWS\SYSTEM32\CRYPTBASE.DLL
0x00007ffba7740000 - 0x00007ffba77a7000 	C:\WINDOWS\system32\mswsock.dll
0x00007ffb9f250000 - 0x00007ffb9f263000 	C:\Program Files\Android\Android Studio\jre\jre\bin\nio.dll
0x00007ffb8fb30000 - 0x00007ffb8fb56000 	C:\Users\dream\.gradle\native\30\windows-amd64\native-platform.dll
0x00007ffba0cb0000 - 0x00007ffba0cbd000 	C:\Program Files\Android\Android Studio\jre\jre\bin\management.dll
0x00007ffba72c0000 - 0x00007ffba72f3000 	C:\WINDOWS\system32\rsaenh.dll
0x00007ffba8f50000 - 0x00007ffba8f76000 	C:\WINDOWS\System32\bcrypt.dll
0x00007ffba7ea0000 - 0x00007ffba7ec5000 	C:\WINDOWS\SYSTEM32\USERENV.dll
0x00007ffba7460000 - 0x00007ffba749a000 	C:\WINDOWS\SYSTEM32\IPHLPAPI.DLL
0x00007ffba9350000 - 0x00007ffba9358000 	C:\WINDOWS\System32\NSI.dll
0x00007ffb9d810000 - 0x00007ffb9d826000 	C:\WINDOWS\SYSTEM32\dhcpcsvc6.DLL
0x00007ffb9d7f0000 - 0x00007ffb9d80c000 	C:\WINDOWS\SYSTEM32\dhcpcsvc.DLL
0x00007ffba74b0000 - 0x00007ffba757a000 	C:\WINDOWS\SYSTEM32\DNSAPI.dll

VM Arguments:
jvm_args: -Xmx1536m -Dfile.encoding=windows-1252 -Duser.country=US -Duser.language=en -Duser.variant 
java_command: org.gradle.launcher.daemon.bootstrap.GradleDaemon 5.6.4
java_class_path (initial): C:\Users\dream\.gradle\wrapper\dists\gradle-5.6.4-all\ankdp27end7byghfw1q2sw75f\gradle-5.6.4\lib\gradle-launcher-5.6.4.jar
Launcher Type: SUN_STANDARD

Environment Variables:
PATH=C:\Program Files (x86)\Intel\Intel(R) Management Engine Components\iCLS\;C:\Program Files\Intel\Intel(R) Management Engine Components\iCLS\;C:\WINDOWS\system32;C:\WINDOWS;C:\WINDOWS\System32\Wbem;C:\WINDOWS\System32\WindowsPowerShell\v1.0\;C:\WINDOWS\System32\OpenSSH\;C:\Program Files (x86)\Intel\Intel(R) Management Engine Components\DAL;C:\Program Files\Intel\Intel(R) Management Engine Components\DAL;C:\Program Files (x86)\Intel\Intel(R) Management Engine Components\IPT;C:\Program Files\Intel\Intel(R) Management Engine Components\IPT;C:\Program Files\Git\cmd;C:\Users\dream\AppData\Local\Microsoft\WindowsApps;C:\Users\dream\AppData\Local\Programs\Microsoft VS Code\bin
USERNAME=dream
OS=Windows_NT
PROCESSOR_IDENTIFIER=Intel64 Family 6 Model 142 Stepping 10, GenuineIntel



---------------  S Y S T E M  ---------------

OS: Windows 10.0 , 64 bit Build 18362 (10.0.18362.329)

CPU:total 8 (initial active 8) (4 cores per cpu, 2 threads per core) family 6 model 142 stepping 10, cmov, cx8, fxsr, mmx, sse, sse2, sse3, ssse3, sse4.1, sse4.2, popcnt, avx, avx2, aes, clmul, erms, 3dnowpref, lzcnt, ht, tsc, tscinvbit, bmi1, bmi2, adx

Memory: 4k page, physical 8227540k(1264644k free), swap 8227540k(5624k free)

vm_info: OpenJDK 64-Bit Server VM (25.212-b04) for windows-amd64 JRE (1.8.0_212-release-1586-b04), built by "builder" with MS VC++ 10.0 (VS2010)

time: Wed Apr 15 21:53:45 2020
timezone: SE Asia Standard Time
elapsed time: 7 seconds (0d 0h 0m 7s)

